<<<<<<< HEAD
ARM GAS  /tmp/cc63hZpU.s 			page 1
=======
ARM GAS  /tmp/ccaPSuik.s 			page 1
>>>>>>> Adding-ulibSD_Only-HAL


   1              		.cpu cortex-m3
   2              		.eabi_attribute 20, 1
   3              		.eabi_attribute 21, 1
   4              		.eabi_attribute 23, 3
   5              		.eabi_attribute 24, 1
   6              		.eabi_attribute 25, 1
   7              		.eabi_attribute 26, 1
   8              		.eabi_attribute 30, 1
   9              		.eabi_attribute 34, 1
  10              		.eabi_attribute 18, 4
  11              		.file	"croutine.c"
  12              		.text
  13              	.Ltext0:
  14              		.cfi_sections	.debug_frame
  15              	.Letext0:
  16              		.file 1 "/usr/include/newlib/machine/_default_types.h"
  17              		.file 2 "/usr/include/newlib/sys/_stdint.h"
  18              		.file 3 "Inc/FreeRTOSConfig.h"
<<<<<<< HEAD
ARM GAS  /tmp/cc63hZpU.s 			page 2
=======
ARM GAS  /tmp/ccaPSuik.s 			page 2
>>>>>>> Adding-ulibSD_Only-HAL


DEFINED SYMBOLS
                            *ABS*:0000000000000000 croutine.c

NO UNDEFINED SYMBOLS
