ARM GAS  /tmp/ccPafkh0.s 			page 1


   1              		.cpu cortex-m3
   2              		.eabi_attribute 20, 1
   3              		.eabi_attribute 21, 1
   4              		.eabi_attribute 23, 3
   5              		.eabi_attribute 24, 1
   6              		.eabi_attribute 25, 1
   7              		.eabi_attribute 26, 1
   8              		.eabi_attribute 30, 1
   9              		.eabi_attribute 34, 1
  10              		.eabi_attribute 18, 4
  11              		.file	"diskio.c"
  12              		.text
  13              	.Ltext0:
  14              		.cfi_sections	.debug_frame
  15              		.section	.text.disk_status,"ax",%progbits
  16              		.align	1
  17              		.global	disk_status
  18              		.syntax unified
  19              		.thumb
  20              		.thumb_func
  21              		.fpu softvfp
  23              	disk_status:
  24              	.LFB69:
  25              		.file 1 "Middlewares/Third_Party/FatFs/src/diskio.c"
   1:Middlewares/Third_Party/FatFs/src/diskio.c **** /*-----------------------------------------------------------------------*/
   2:Middlewares/Third_Party/FatFs/src/diskio.c **** /* Low level disk I/O module skeleton for FatFs     (C)ChaN, 2014        */
   3:Middlewares/Third_Party/FatFs/src/diskio.c **** /*                                                                       */
   4:Middlewares/Third_Party/FatFs/src/diskio.c **** /*   Portions COPYRIGHT 2017 STMicroelectronics                          */
   5:Middlewares/Third_Party/FatFs/src/diskio.c **** /*   Portions Copyright (C) 2014, ChaN, all right reserved               */
   6:Middlewares/Third_Party/FatFs/src/diskio.c **** /*-----------------------------------------------------------------------*/
   7:Middlewares/Third_Party/FatFs/src/diskio.c **** /* If a working storage control module is available, it should be        */
   8:Middlewares/Third_Party/FatFs/src/diskio.c **** /* attached to the FatFs via a glue function rather than modifying it.   */
   9:Middlewares/Third_Party/FatFs/src/diskio.c **** /* This is an example of glue functions to attach various exsisting      */
  10:Middlewares/Third_Party/FatFs/src/diskio.c **** /* storage control modules to the FatFs module with a defined API.       */
  11:Middlewares/Third_Party/FatFs/src/diskio.c **** /*-----------------------------------------------------------------------*/
  12:Middlewares/Third_Party/FatFs/src/diskio.c **** 
  13:Middlewares/Third_Party/FatFs/src/diskio.c **** /**
  14:Middlewares/Third_Party/FatFs/src/diskio.c ****   ******************************************************************************
  15:Middlewares/Third_Party/FatFs/src/diskio.c ****   * @file    diskio.c 
  16:Middlewares/Third_Party/FatFs/src/diskio.c ****   * @author  MCD Application Team
  17:Middlewares/Third_Party/FatFs/src/diskio.c ****   * @version V1.4.1
  18:Middlewares/Third_Party/FatFs/src/diskio.c ****   * @date    14-February-2017
  19:Middlewares/Third_Party/FatFs/src/diskio.c ****   * @brief   FatFs low level disk I/O module.
  20:Middlewares/Third_Party/FatFs/src/diskio.c ****   ******************************************************************************
  21:Middlewares/Third_Party/FatFs/src/diskio.c ****   * @attention
  22:Middlewares/Third_Party/FatFs/src/diskio.c ****   *
  23:Middlewares/Third_Party/FatFs/src/diskio.c ****   *
  24:Middlewares/Third_Party/FatFs/src/diskio.c ****   * Redistribution and use in source and binary forms, with or without 
  25:Middlewares/Third_Party/FatFs/src/diskio.c ****   * modification, are permitted, provided that the following conditions are met:
  26:Middlewares/Third_Party/FatFs/src/diskio.c ****   *
  27:Middlewares/Third_Party/FatFs/src/diskio.c ****   * 1. Redistribution of source code must retain the above copyright notice, 
  28:Middlewares/Third_Party/FatFs/src/diskio.c ****   *    this list of conditions and the following disclaimer.
  29:Middlewares/Third_Party/FatFs/src/diskio.c ****   * 2. Redistributions in binary form must reproduce the above copyright notice,
  30:Middlewares/Third_Party/FatFs/src/diskio.c ****   *    this list of conditions and the following disclaimer in the documentation
  31:Middlewares/Third_Party/FatFs/src/diskio.c ****   *    and/or other materials provided with the distribution.
  32:Middlewares/Third_Party/FatFs/src/diskio.c ****   * 3. Neither the name of STMicroelectronics nor the names of other 
  33:Middlewares/Third_Party/FatFs/src/diskio.c ****   *    contributors to this software may be used to endorse or promote products 
ARM GAS  /tmp/ccPafkh0.s 			page 2


  34:Middlewares/Third_Party/FatFs/src/diskio.c ****   *    derived from this software without specific written permission.
  35:Middlewares/Third_Party/FatFs/src/diskio.c ****   * 4. This software, including modifications and/or derivative works of this 
  36:Middlewares/Third_Party/FatFs/src/diskio.c ****   *    software, must execute solely and exclusively on microcontroller or
  37:Middlewares/Third_Party/FatFs/src/diskio.c ****   *    microprocessor devices manufactured by or for STMicroelectronics.
  38:Middlewares/Third_Party/FatFs/src/diskio.c ****   * 5. Redistribution and use of this software other than as permitted under 
  39:Middlewares/Third_Party/FatFs/src/diskio.c ****   *    this license is void and will automatically terminate your rights under 
  40:Middlewares/Third_Party/FatFs/src/diskio.c ****   *    this license. 
  41:Middlewares/Third_Party/FatFs/src/diskio.c ****   *
  42:Middlewares/Third_Party/FatFs/src/diskio.c ****   * THIS SOFTWARE IS PROVIDED BY STMICROELECTRONICS AND CONTRIBUTORS "AS IS" 
  43:Middlewares/Third_Party/FatFs/src/diskio.c ****   * AND ANY EXPRESS, IMPLIED OR STATUTORY WARRANTIES, INCLUDING, BUT NOT 
  44:Middlewares/Third_Party/FatFs/src/diskio.c ****   * LIMITED TO, THE IMPLIED WARRANTIES OF MERCHANTABILITY, FITNESS FOR A 
  45:Middlewares/Third_Party/FatFs/src/diskio.c ****   * PARTICULAR PURPOSE AND NON-INFRINGEMENT OF THIRD PARTY INTELLECTUAL PROPERTY
  46:Middlewares/Third_Party/FatFs/src/diskio.c ****   * RIGHTS ARE DISCLAIMED TO THE FULLEST EXTENT PERMITTED BY LAW. IN NO EVENT 
  47:Middlewares/Third_Party/FatFs/src/diskio.c ****   * SHALL STMICROELECTRONICS OR CONTRIBUTORS BE LIABLE FOR ANY DIRECT, INDIRECT,
  48:Middlewares/Third_Party/FatFs/src/diskio.c ****   * INCIDENTAL, SPECIAL, EXEMPLARY, OR CONSEQUENTIAL DAMAGES (INCLUDING, BUT NOT
  49:Middlewares/Third_Party/FatFs/src/diskio.c ****   * LIMITED TO, PROCUREMENT OF SUBSTITUTE GOODS OR SERVICES; LOSS OF USE, DATA, 
  50:Middlewares/Third_Party/FatFs/src/diskio.c ****   * OR PROFITS; OR BUSINESS INTERRUPTION) HOWEVER CAUSED AND ON ANY THEORY OF 
  51:Middlewares/Third_Party/FatFs/src/diskio.c ****   * LIABILITY, WHETHER IN CONTRACT, STRICT LIABILITY, OR TORT (INCLUDING 
  52:Middlewares/Third_Party/FatFs/src/diskio.c ****   * NEGLIGENCE OR OTHERWISE) ARISING IN ANY WAY OUT OF THE USE OF THIS SOFTWARE,
  53:Middlewares/Third_Party/FatFs/src/diskio.c ****   * EVEN IF ADVISED OF THE POSSIBILITY OF SUCH DAMAGE.
  54:Middlewares/Third_Party/FatFs/src/diskio.c ****   *
  55:Middlewares/Third_Party/FatFs/src/diskio.c ****   ******************************************************************************
  56:Middlewares/Third_Party/FatFs/src/diskio.c ****   */
  57:Middlewares/Third_Party/FatFs/src/diskio.c **** 
  58:Middlewares/Third_Party/FatFs/src/diskio.c **** /* Includes ------------------------------------------------------------------*/
  59:Middlewares/Third_Party/FatFs/src/diskio.c **** #include "diskio.h"
  60:Middlewares/Third_Party/FatFs/src/diskio.c **** #include "ff_gen_drv.h"
  61:Middlewares/Third_Party/FatFs/src/diskio.c **** 
  62:Middlewares/Third_Party/FatFs/src/diskio.c **** /* Private typedef -----------------------------------------------------------*/
  63:Middlewares/Third_Party/FatFs/src/diskio.c **** /* Private define ------------------------------------------------------------*/
  64:Middlewares/Third_Party/FatFs/src/diskio.c **** /* Private variables ---------------------------------------------------------*/
  65:Middlewares/Third_Party/FatFs/src/diskio.c **** extern Disk_drvTypeDef  disk;
  66:Middlewares/Third_Party/FatFs/src/diskio.c **** 
  67:Middlewares/Third_Party/FatFs/src/diskio.c **** /* Private function prototypes -----------------------------------------------*/
  68:Middlewares/Third_Party/FatFs/src/diskio.c **** /* Private functions ---------------------------------------------------------*/
  69:Middlewares/Third_Party/FatFs/src/diskio.c **** 
  70:Middlewares/Third_Party/FatFs/src/diskio.c **** /**
  71:Middlewares/Third_Party/FatFs/src/diskio.c ****   * @brief  Gets Disk Status 
  72:Middlewares/Third_Party/FatFs/src/diskio.c ****   * @param  pdrv: Physical drive number (0..)
  73:Middlewares/Third_Party/FatFs/src/diskio.c ****   * @retval DSTATUS: Operation status
  74:Middlewares/Third_Party/FatFs/src/diskio.c ****   */
  75:Middlewares/Third_Party/FatFs/src/diskio.c **** DSTATUS disk_status (
  76:Middlewares/Third_Party/FatFs/src/diskio.c **** 	BYTE pdrv		/* Physical drive nmuber to identify the drive */
  77:Middlewares/Third_Party/FatFs/src/diskio.c **** )
  78:Middlewares/Third_Party/FatFs/src/diskio.c **** {
  26              		.loc 1 78 0
  27              		.cfi_startproc
  28              		@ args = 0, pretend = 0, frame = 0
  29              		@ frame_needed = 0, uses_anonymous_args = 0
  30              	.LVL0:
  31 0000 08B5     		push	{r3, lr}
  32              	.LCFI0:
  33              		.cfi_def_cfa_offset 8
  34              		.cfi_offset 3, -8
  35              		.cfi_offset 14, -4
  79:Middlewares/Third_Party/FatFs/src/diskio.c ****   DSTATUS stat;
  80:Middlewares/Third_Party/FatFs/src/diskio.c ****   
ARM GAS  /tmp/ccPafkh0.s 			page 3


  81:Middlewares/Third_Party/FatFs/src/diskio.c ****   stat = disk.drv[pdrv]->disk_status(disk.lun[pdrv]);
  36              		.loc 1 81 0
  37 0002 044B     		ldr	r3, .L3
  38 0004 03EB8002 		add	r2, r3, r0, lsl #2
  39 0008 5268     		ldr	r2, [r2, #4]
  40 000a 5268     		ldr	r2, [r2, #4]
  41 000c 0344     		add	r3, r3, r0
  42 000e 187A     		ldrb	r0, [r3, #8]	@ zero_extendqisi2
  43              	.LVL1:
  44 0010 9047     		blx	r2
  45              	.LVL2:
  82:Middlewares/Third_Party/FatFs/src/diskio.c ****   return stat;
  83:Middlewares/Third_Party/FatFs/src/diskio.c **** }
  46              		.loc 1 83 0
  47 0012 08BD     		pop	{r3, pc}
  48              	.L4:
  49              		.align	2
  50              	.L3:
  51 0014 00000000 		.word	disk
  52              		.cfi_endproc
  53              	.LFE69:
  55              		.section	.text.disk_initialize,"ax",%progbits
  56              		.align	1
  57              		.global	disk_initialize
  58              		.syntax unified
  59              		.thumb
  60              		.thumb_func
  61              		.fpu softvfp
  63              	disk_initialize:
  64              	.LFB70:
  84:Middlewares/Third_Party/FatFs/src/diskio.c **** 
  85:Middlewares/Third_Party/FatFs/src/diskio.c **** /**
  86:Middlewares/Third_Party/FatFs/src/diskio.c ****   * @brief  Initializes a Drive
  87:Middlewares/Third_Party/FatFs/src/diskio.c ****   * @param  pdrv: Physical drive number (0..)
  88:Middlewares/Third_Party/FatFs/src/diskio.c ****   * @retval DSTATUS: Operation status
  89:Middlewares/Third_Party/FatFs/src/diskio.c ****   */
  90:Middlewares/Third_Party/FatFs/src/diskio.c **** DSTATUS disk_initialize (
  91:Middlewares/Third_Party/FatFs/src/diskio.c **** 	BYTE pdrv				/* Physical drive nmuber to identify the drive */
  92:Middlewares/Third_Party/FatFs/src/diskio.c **** )
  93:Middlewares/Third_Party/FatFs/src/diskio.c **** {
  65              		.loc 1 93 0
  66              		.cfi_startproc
  67              		@ args = 0, pretend = 0, frame = 0
  68              		@ frame_needed = 0, uses_anonymous_args = 0
  69              	.LVL3:
  70 0000 08B5     		push	{r3, lr}
  71              	.LCFI1:
  72              		.cfi_def_cfa_offset 8
  73              		.cfi_offset 3, -8
  74              		.cfi_offset 14, -4
  75              	.LVL4:
  94:Middlewares/Third_Party/FatFs/src/diskio.c ****   DSTATUS stat = RES_OK;
  95:Middlewares/Third_Party/FatFs/src/diskio.c ****   
  96:Middlewares/Third_Party/FatFs/src/diskio.c ****   if(disk.is_initialized[pdrv] == 0)
  76              		.loc 1 96 0
  77 0002 084B     		ldr	r3, .L10
  78 0004 1B5C     		ldrb	r3, [r3, r0]	@ zero_extendqisi2
ARM GAS  /tmp/ccPafkh0.s 			page 4


  79 0006 0BB1     		cbz	r3, .L9
  94:Middlewares/Third_Party/FatFs/src/diskio.c ****   DSTATUS stat = RES_OK;
  80              		.loc 1 94 0
  81 0008 0020     		movs	r0, #0
  82              	.LVL5:
  97:Middlewares/Third_Party/FatFs/src/diskio.c ****   { 
  98:Middlewares/Third_Party/FatFs/src/diskio.c ****     disk.is_initialized[pdrv] = 1;
  99:Middlewares/Third_Party/FatFs/src/diskio.c ****     stat = disk.drv[pdrv]->disk_initialize(disk.lun[pdrv]);
 100:Middlewares/Third_Party/FatFs/src/diskio.c ****   }
 101:Middlewares/Third_Party/FatFs/src/diskio.c ****   return stat;
 102:Middlewares/Third_Party/FatFs/src/diskio.c **** }
  83              		.loc 1 102 0
  84 000a 08BD     		pop	{r3, pc}
  85              	.LVL6:
  86              	.L9:
  98:Middlewares/Third_Party/FatFs/src/diskio.c ****     stat = disk.drv[pdrv]->disk_initialize(disk.lun[pdrv]);
  87              		.loc 1 98 0
  88 000c 054B     		ldr	r3, .L10
  89 000e 0122     		movs	r2, #1
  90 0010 1A54     		strb	r2, [r3, r0]
  99:Middlewares/Third_Party/FatFs/src/diskio.c ****   }
  91              		.loc 1 99 0
  92 0012 03EB8002 		add	r2, r3, r0, lsl #2
  93 0016 5268     		ldr	r2, [r2, #4]
  94 0018 1268     		ldr	r2, [r2]
  95 001a 1844     		add	r0, r0, r3
  96              	.LVL7:
  97 001c 007A     		ldrb	r0, [r0, #8]	@ zero_extendqisi2
  98 001e 9047     		blx	r2
  99              	.LVL8:
 100 0020 08BD     		pop	{r3, pc}
 101              	.L11:
 102 0022 00BF     		.align	2
 103              	.L10:
 104 0024 00000000 		.word	disk
 105              		.cfi_endproc
 106              	.LFE70:
 108              		.section	.text.disk_read,"ax",%progbits
 109              		.align	1
 110              		.global	disk_read
 111              		.syntax unified
 112              		.thumb
 113              		.thumb_func
 114              		.fpu softvfp
 116              	disk_read:
 117              	.LFB71:
 103:Middlewares/Third_Party/FatFs/src/diskio.c **** 
 104:Middlewares/Third_Party/FatFs/src/diskio.c **** /**
 105:Middlewares/Third_Party/FatFs/src/diskio.c ****   * @brief  Reads Sector(s) 
 106:Middlewares/Third_Party/FatFs/src/diskio.c ****   * @param  pdrv: Physical drive number (0..)
 107:Middlewares/Third_Party/FatFs/src/diskio.c ****   * @param  *buff: Data buffer to store read data
 108:Middlewares/Third_Party/FatFs/src/diskio.c ****   * @param  sector: Sector address (LBA)
 109:Middlewares/Third_Party/FatFs/src/diskio.c ****   * @param  count: Number of sectors to read (1..128)
 110:Middlewares/Third_Party/FatFs/src/diskio.c ****   * @retval DRESULT: Operation result
 111:Middlewares/Third_Party/FatFs/src/diskio.c ****   */
 112:Middlewares/Third_Party/FatFs/src/diskio.c **** DRESULT disk_read (
 113:Middlewares/Third_Party/FatFs/src/diskio.c **** 	BYTE pdrv,		/* Physical drive nmuber to identify the drive */
ARM GAS  /tmp/ccPafkh0.s 			page 5


 114:Middlewares/Third_Party/FatFs/src/diskio.c **** 	BYTE *buff,		/* Data buffer to store read data */
 115:Middlewares/Third_Party/FatFs/src/diskio.c **** 	DWORD sector,	        /* Sector address in LBA */
 116:Middlewares/Third_Party/FatFs/src/diskio.c **** 	UINT count		/* Number of sectors to read */
 117:Middlewares/Third_Party/FatFs/src/diskio.c **** )
 118:Middlewares/Third_Party/FatFs/src/diskio.c **** {
 118              		.loc 1 118 0
 119              		.cfi_startproc
 120              		@ args = 0, pretend = 0, frame = 0
 121              		@ frame_needed = 0, uses_anonymous_args = 0
 122              	.LVL9:
 123 0000 38B5     		push	{r3, r4, r5, lr}
 124              	.LCFI2:
 125              		.cfi_def_cfa_offset 16
 126              		.cfi_offset 3, -16
 127              		.cfi_offset 4, -12
 128              		.cfi_offset 5, -8
 129              		.cfi_offset 14, -4
 119:Middlewares/Third_Party/FatFs/src/diskio.c ****   DRESULT res;
 120:Middlewares/Third_Party/FatFs/src/diskio.c ****  
 121:Middlewares/Third_Party/FatFs/src/diskio.c ****   res = disk.drv[pdrv]->disk_read(disk.lun[pdrv], buff, sector, count);
 130              		.loc 1 121 0
 131 0002 044C     		ldr	r4, .L14
 132 0004 04EB8005 		add	r5, r4, r0, lsl #2
 133 0008 6D68     		ldr	r5, [r5, #4]
 134 000a AD68     		ldr	r5, [r5, #8]
 135 000c 0444     		add	r4, r4, r0
 136 000e 207A     		ldrb	r0, [r4, #8]	@ zero_extendqisi2
 137              	.LVL10:
 138 0010 A847     		blx	r5
 139              	.LVL11:
 122:Middlewares/Third_Party/FatFs/src/diskio.c ****   return res;
 123:Middlewares/Third_Party/FatFs/src/diskio.c **** }
 140              		.loc 1 123 0
 141 0012 38BD     		pop	{r3, r4, r5, pc}
 142              	.L15:
 143              		.align	2
 144              	.L14:
 145 0014 00000000 		.word	disk
 146              		.cfi_endproc
 147              	.LFE71:
 149              		.section	.text.disk_write,"ax",%progbits
 150              		.align	1
 151              		.global	disk_write
 152              		.syntax unified
 153              		.thumb
 154              		.thumb_func
 155              		.fpu softvfp
 157              	disk_write:
 158              	.LFB72:
 124:Middlewares/Third_Party/FatFs/src/diskio.c **** 
 125:Middlewares/Third_Party/FatFs/src/diskio.c **** /**
 126:Middlewares/Third_Party/FatFs/src/diskio.c ****   * @brief  Writes Sector(s)  
 127:Middlewares/Third_Party/FatFs/src/diskio.c ****   * @param  pdrv: Physical drive number (0..)
 128:Middlewares/Third_Party/FatFs/src/diskio.c ****   * @param  *buff: Data to be written
 129:Middlewares/Third_Party/FatFs/src/diskio.c ****   * @param  sector: Sector address (LBA)
 130:Middlewares/Third_Party/FatFs/src/diskio.c ****   * @param  count: Number of sectors to write (1..128)
 131:Middlewares/Third_Party/FatFs/src/diskio.c ****   * @retval DRESULT: Operation result
ARM GAS  /tmp/ccPafkh0.s 			page 6


 132:Middlewares/Third_Party/FatFs/src/diskio.c ****   */
 133:Middlewares/Third_Party/FatFs/src/diskio.c **** #if _USE_WRITE == 1
 134:Middlewares/Third_Party/FatFs/src/diskio.c **** DRESULT disk_write (
 135:Middlewares/Third_Party/FatFs/src/diskio.c **** 	BYTE pdrv,		/* Physical drive nmuber to identify the drive */
 136:Middlewares/Third_Party/FatFs/src/diskio.c **** 	const BYTE *buff,	/* Data to be written */
 137:Middlewares/Third_Party/FatFs/src/diskio.c **** 	DWORD sector,		/* Sector address in LBA */
 138:Middlewares/Third_Party/FatFs/src/diskio.c **** 	UINT count        	/* Number of sectors to write */
 139:Middlewares/Third_Party/FatFs/src/diskio.c **** )
 140:Middlewares/Third_Party/FatFs/src/diskio.c **** {
 159              		.loc 1 140 0
 160              		.cfi_startproc
 161              		@ args = 0, pretend = 0, frame = 0
 162              		@ frame_needed = 0, uses_anonymous_args = 0
 163              	.LVL12:
 164 0000 38B5     		push	{r3, r4, r5, lr}
 165              	.LCFI3:
 166              		.cfi_def_cfa_offset 16
 167              		.cfi_offset 3, -16
 168              		.cfi_offset 4, -12
 169              		.cfi_offset 5, -8
 170              		.cfi_offset 14, -4
 141:Middlewares/Third_Party/FatFs/src/diskio.c ****   DRESULT res;
 142:Middlewares/Third_Party/FatFs/src/diskio.c ****   
 143:Middlewares/Third_Party/FatFs/src/diskio.c ****   res = disk.drv[pdrv]->disk_write(disk.lun[pdrv], buff, sector, count);
 171              		.loc 1 143 0
 172 0002 044C     		ldr	r4, .L18
 173 0004 04EB8005 		add	r5, r4, r0, lsl #2
 174 0008 6D68     		ldr	r5, [r5, #4]
 175 000a ED68     		ldr	r5, [r5, #12]
 176 000c 0444     		add	r4, r4, r0
 177 000e 207A     		ldrb	r0, [r4, #8]	@ zero_extendqisi2
 178              	.LVL13:
 179 0010 A847     		blx	r5
 180              	.LVL14:
 144:Middlewares/Third_Party/FatFs/src/diskio.c ****   return res;
 145:Middlewares/Third_Party/FatFs/src/diskio.c **** }
 181              		.loc 1 145 0
 182 0012 38BD     		pop	{r3, r4, r5, pc}
 183              	.L19:
 184              		.align	2
 185              	.L18:
 186 0014 00000000 		.word	disk
 187              		.cfi_endproc
 188              	.LFE72:
 190              		.section	.text.disk_ioctl,"ax",%progbits
 191              		.align	1
 192              		.global	disk_ioctl
 193              		.syntax unified
 194              		.thumb
 195              		.thumb_func
 196              		.fpu softvfp
 198              	disk_ioctl:
 199              	.LFB73:
 146:Middlewares/Third_Party/FatFs/src/diskio.c **** #endif /* _USE_WRITE == 1 */
 147:Middlewares/Third_Party/FatFs/src/diskio.c **** 
 148:Middlewares/Third_Party/FatFs/src/diskio.c **** /**
 149:Middlewares/Third_Party/FatFs/src/diskio.c ****   * @brief  I/O control operation  
ARM GAS  /tmp/ccPafkh0.s 			page 7


 150:Middlewares/Third_Party/FatFs/src/diskio.c ****   * @param  pdrv: Physical drive number (0..)
 151:Middlewares/Third_Party/FatFs/src/diskio.c ****   * @param  cmd: Control code
 152:Middlewares/Third_Party/FatFs/src/diskio.c ****   * @param  *buff: Buffer to send/receive control data
 153:Middlewares/Third_Party/FatFs/src/diskio.c ****   * @retval DRESULT: Operation result
 154:Middlewares/Third_Party/FatFs/src/diskio.c ****   */
 155:Middlewares/Third_Party/FatFs/src/diskio.c **** #if _USE_IOCTL == 1
 156:Middlewares/Third_Party/FatFs/src/diskio.c **** DRESULT disk_ioctl (
 157:Middlewares/Third_Party/FatFs/src/diskio.c **** 	BYTE pdrv,		/* Physical drive nmuber (0..) */
 158:Middlewares/Third_Party/FatFs/src/diskio.c **** 	BYTE cmd,		/* Control code */
 159:Middlewares/Third_Party/FatFs/src/diskio.c **** 	void *buff		/* Buffer to send/receive control data */
 160:Middlewares/Third_Party/FatFs/src/diskio.c **** )
 161:Middlewares/Third_Party/FatFs/src/diskio.c **** {
 200              		.loc 1 161 0
 201              		.cfi_startproc
 202              		@ args = 0, pretend = 0, frame = 0
 203              		@ frame_needed = 0, uses_anonymous_args = 0
 204              	.LVL15:
 205 0000 10B5     		push	{r4, lr}
 206              	.LCFI4:
 207              		.cfi_def_cfa_offset 8
 208              		.cfi_offset 4, -8
 209              		.cfi_offset 14, -4
 162:Middlewares/Third_Party/FatFs/src/diskio.c ****   DRESULT res;
 163:Middlewares/Third_Party/FatFs/src/diskio.c **** 
 164:Middlewares/Third_Party/FatFs/src/diskio.c ****   res = disk.drv[pdrv]->disk_ioctl(disk.lun[pdrv], cmd, buff);
 210              		.loc 1 164 0
 211 0002 044B     		ldr	r3, .L22
 212 0004 03EB8004 		add	r4, r3, r0, lsl #2
 213 0008 6468     		ldr	r4, [r4, #4]
 214 000a 2469     		ldr	r4, [r4, #16]
 215 000c 0344     		add	r3, r3, r0
 216 000e 187A     		ldrb	r0, [r3, #8]	@ zero_extendqisi2
 217              	.LVL16:
 218 0010 A047     		blx	r4
 219              	.LVL17:
 165:Middlewares/Third_Party/FatFs/src/diskio.c ****   return res;
 166:Middlewares/Third_Party/FatFs/src/diskio.c **** }
 220              		.loc 1 166 0
 221 0012 10BD     		pop	{r4, pc}
 222              	.L23:
 223              		.align	2
 224              	.L22:
 225 0014 00000000 		.word	disk
 226              		.cfi_endproc
 227              	.LFE73:
 229              		.section	.text.get_fattime,"ax",%progbits
 230              		.align	1
 231              		.weak	get_fattime
 232              		.syntax unified
 233              		.thumb
 234              		.thumb_func
 235              		.fpu softvfp
 237              	get_fattime:
 238              	.LFB74:
 167:Middlewares/Third_Party/FatFs/src/diskio.c **** #endif /* _USE_IOCTL == 1 */
 168:Middlewares/Third_Party/FatFs/src/diskio.c **** 
 169:Middlewares/Third_Party/FatFs/src/diskio.c **** /**
ARM GAS  /tmp/ccPafkh0.s 			page 8


 170:Middlewares/Third_Party/FatFs/src/diskio.c ****   * @brief  Gets Time from RTC 
 171:Middlewares/Third_Party/FatFs/src/diskio.c ****   * @param  None
 172:Middlewares/Third_Party/FatFs/src/diskio.c ****   * @retval Time in DWORD
 173:Middlewares/Third_Party/FatFs/src/diskio.c ****   */
 174:Middlewares/Third_Party/FatFs/src/diskio.c **** __weak DWORD get_fattime (void)
 175:Middlewares/Third_Party/FatFs/src/diskio.c **** {
 239              		.loc 1 175 0
 240              		.cfi_startproc
 241              		@ args = 0, pretend = 0, frame = 0
 242              		@ frame_needed = 0, uses_anonymous_args = 0
 243              		@ link register save eliminated.
 176:Middlewares/Third_Party/FatFs/src/diskio.c ****   return 0;
 177:Middlewares/Third_Party/FatFs/src/diskio.c **** }
 244              		.loc 1 177 0
 245 0000 0020     		movs	r0, #0
 246 0002 7047     		bx	lr
 247              		.cfi_endproc
 248              	.LFE74:
 250              		.text
 251              	.Letext0:
 252              		.file 2 "Middlewares/Third_Party/FatFs/src/integer.h"
 253              		.file 3 "Middlewares/Third_Party/FatFs/src/diskio.h"
 254              		.file 4 "/usr/include/newlib/machine/_default_types.h"
 255              		.file 5 "/usr/include/newlib/sys/_stdint.h"
 256              		.file 6 "Drivers/CMSIS/Include/core_cm3.h"
 257              		.file 7 "Drivers/CMSIS/Device/ST/STM32F1xx/Include/system_stm32f1xx.h"
 258              		.file 8 "Drivers/STM32F1xx_HAL_Driver/Inc/stm32f1xx_hal.h"
 259              		.file 9 "Middlewares/Third_Party/FatFs/src/ff_gen_drv.h"
ARM GAS  /tmp/ccPafkh0.s 			page 9


DEFINED SYMBOLS
                            *ABS*:0000000000000000 diskio.c
     /tmp/ccPafkh0.s:16     .text.disk_status:0000000000000000 $t
     /tmp/ccPafkh0.s:23     .text.disk_status:0000000000000000 disk_status
     /tmp/ccPafkh0.s:51     .text.disk_status:0000000000000014 $d
     /tmp/ccPafkh0.s:56     .text.disk_initialize:0000000000000000 $t
     /tmp/ccPafkh0.s:63     .text.disk_initialize:0000000000000000 disk_initialize
     /tmp/ccPafkh0.s:104    .text.disk_initialize:0000000000000024 $d
     /tmp/ccPafkh0.s:109    .text.disk_read:0000000000000000 $t
     /tmp/ccPafkh0.s:116    .text.disk_read:0000000000000000 disk_read
     /tmp/ccPafkh0.s:145    .text.disk_read:0000000000000014 $d
     /tmp/ccPafkh0.s:150    .text.disk_write:0000000000000000 $t
     /tmp/ccPafkh0.s:157    .text.disk_write:0000000000000000 disk_write
     /tmp/ccPafkh0.s:186    .text.disk_write:0000000000000014 $d
     /tmp/ccPafkh0.s:191    .text.disk_ioctl:0000000000000000 $t
     /tmp/ccPafkh0.s:198    .text.disk_ioctl:0000000000000000 disk_ioctl
     /tmp/ccPafkh0.s:225    .text.disk_ioctl:0000000000000014 $d
     /tmp/ccPafkh0.s:230    .text.get_fattime:0000000000000000 $t
     /tmp/ccPafkh0.s:237    .text.get_fattime:0000000000000000 get_fattime
                     .debug_frame:0000000000000010 $d

UNDEFINED SYMBOLS
disk
