ARM GAS  /tmp/cclCMS3A.s 			page 1


   1              		.cpu cortex-m3
   2              		.eabi_attribute 20, 1
   3              		.eabi_attribute 21, 1
   4              		.eabi_attribute 23, 3
   5              		.eabi_attribute 24, 1
   6              		.eabi_attribute 25, 1
   7              		.eabi_attribute 26, 1
   8              		.eabi_attribute 30, 1
   9              		.eabi_attribute 34, 1
  10              		.eabi_attribute 18, 4
  11              		.file	"fatfs.c"
  12              		.text
  13              	.Ltext0:
  14              		.cfi_sections	.debug_frame
  15              		.section	.text.MX_FATFS_Init,"ax",%progbits
  16              		.align	1
  17              		.global	MX_FATFS_Init
  18              		.syntax unified
  19              		.thumb
  20              		.thumb_func
  21              		.fpu softvfp
  23              	MX_FATFS_Init:
  24              	.LFB69:
  25              		.file 1 "Src/fatfs.c"
   1:Src/fatfs.c   **** /**
   2:Src/fatfs.c   ****   ******************************************************************************
   3:Src/fatfs.c   ****   * @file   fatfs.c
   4:Src/fatfs.c   ****   * @brief  Code for fatfs applications
   5:Src/fatfs.c   ****   ******************************************************************************
   6:Src/fatfs.c   ****   * @attention
   7:Src/fatfs.c   ****   *
   8:Src/fatfs.c   ****   * <h2><center>&copy; Copyright (c) 2020 STMicroelectronics.
   9:Src/fatfs.c   ****   * All rights reserved.</center></h2>
  10:Src/fatfs.c   ****   *
  11:Src/fatfs.c   ****   * This software component is licensed by ST under Ultimate Liberty license
  12:Src/fatfs.c   ****   * SLA0044, the "License"; You may not use this file except in compliance with
  13:Src/fatfs.c   ****   * the License. You may obtain a copy of the License at:
  14:Src/fatfs.c   ****   *                             www.st.com/SLA0044
  15:Src/fatfs.c   ****   *
  16:Src/fatfs.c   ****   ******************************************************************************
  17:Src/fatfs.c   ****   */
  18:Src/fatfs.c   **** 
  19:Src/fatfs.c   **** #include "fatfs.h"
  20:Src/fatfs.c   **** 
  21:Src/fatfs.c   **** uint8_t retUSER;    /* Return value for USER */
  22:Src/fatfs.c   **** char USERPath[4];   /* USER logical drive path */
  23:Src/fatfs.c   **** FATFS USERFatFS;    /* File system object for USER logical drive */
  24:Src/fatfs.c   **** FIL USERFile;       /* File object for USER */
  25:Src/fatfs.c   **** 
  26:Src/fatfs.c   **** /* USER CODE BEGIN Variables */
  27:Src/fatfs.c   **** 
  28:Src/fatfs.c   **** /* USER CODE END Variables */    
  29:Src/fatfs.c   **** 
  30:Src/fatfs.c   **** void MX_FATFS_Init(void) 
  31:Src/fatfs.c   **** {
  26              		.loc 1 31 0
  27              		.cfi_startproc
ARM GAS  /tmp/cclCMS3A.s 			page 2


  28              		@ args = 0, pretend = 0, frame = 0
  29              		@ frame_needed = 0, uses_anonymous_args = 0
  30 0000 08B5     		push	{r3, lr}
  31              	.LCFI0:
  32              		.cfi_def_cfa_offset 8
  33              		.cfi_offset 3, -8
  34              		.cfi_offset 14, -4
  32:Src/fatfs.c   ****   /*## FatFS: Link the USER driver ###########################*/
  33:Src/fatfs.c   ****   retUSER = FATFS_LinkDriver(&USER_Driver, USERPath);
  35              		.loc 1 33 0
  36 0002 0349     		ldr	r1, .L3
  37 0004 0348     		ldr	r0, .L3+4
  38 0006 FFF7FEFF 		bl	FATFS_LinkDriver
  39              	.LVL0:
  40 000a 034B     		ldr	r3, .L3+8
  41 000c 1870     		strb	r0, [r3]
  42 000e 08BD     		pop	{r3, pc}
  43              	.L4:
  44              		.align	2
  45              	.L3:
  46 0010 00000000 		.word	USERPath
  47 0014 00000000 		.word	USER_Driver
  48 0018 00000000 		.word	retUSER
  49              		.cfi_endproc
  50              	.LFE69:
  52              		.section	.text.get_fattime,"ax",%progbits
  53              		.align	1
  54              		.global	get_fattime
  55              		.syntax unified
  56              		.thumb
  57              		.thumb_func
  58              		.fpu softvfp
  60              	get_fattime:
  61              	.LFB70:
  34:Src/fatfs.c   **** 
  35:Src/fatfs.c   ****   /* USER CODE BEGIN Init */
  36:Src/fatfs.c   ****   /* additional user code for init */     
  37:Src/fatfs.c   ****   /* USER CODE END Init */
  38:Src/fatfs.c   **** }
  39:Src/fatfs.c   **** 
  40:Src/fatfs.c   **** /**
  41:Src/fatfs.c   ****   * @brief  Gets Time from RTC 
  42:Src/fatfs.c   ****   * @param  None
  43:Src/fatfs.c   ****   * @retval Time in DWORD
  44:Src/fatfs.c   ****   */
  45:Src/fatfs.c   **** DWORD get_fattime(void)
  46:Src/fatfs.c   **** {
  62              		.loc 1 46 0
  63              		.cfi_startproc
  64              		@ args = 0, pretend = 0, frame = 0
  65              		@ frame_needed = 0, uses_anonymous_args = 0
  66              		@ link register save eliminated.
  47:Src/fatfs.c   ****   /* USER CODE BEGIN get_fattime */
  48:Src/fatfs.c   ****   return 0;
  49:Src/fatfs.c   ****   /* USER CODE END get_fattime */  
  50:Src/fatfs.c   **** }
  67              		.loc 1 50 0
ARM GAS  /tmp/cclCMS3A.s 			page 3


  68 0000 0020     		movs	r0, #0
  69 0002 7047     		bx	lr
  70              		.cfi_endproc
  71              	.LFE70:
  73              		.comm	USERFile,44,4
  74              		.comm	USERFatFS,564,4
  75              		.comm	USERPath,4,4
  76              		.comm	retUSER,1,1
  77              		.text
  78              	.Letext0:
  79              		.file 2 "Middlewares/Third_Party/FatFs/src/integer.h"
  80              		.file 3 "/usr/include/newlib/machine/_default_types.h"
  81              		.file 4 "/usr/include/newlib/sys/_stdint.h"
  82              		.file 5 "Drivers/CMSIS/Include/core_cm3.h"
  83              		.file 6 "Drivers/CMSIS/Device/ST/STM32F1xx/Include/system_stm32f1xx.h"
  84              		.file 7 "Drivers/STM32F1xx_HAL_Driver/Inc/stm32f1xx_hal.h"
  85              		.file 8 "Middlewares/Third_Party/FreeRTOS/Source/CMSIS_RTOS_V2/cmsis_os2.h"
  86              		.file 9 "Middlewares/Third_Party/FatFs/src/ff.h"
  87              		.file 10 "Middlewares/Third_Party/FatFs/src/diskio.h"
  88              		.file 11 "Middlewares/Third_Party/FatFs/src/ff_gen_drv.h"
  89              		.file 12 "Inc/user_diskio.h"
  90              		.file 13 "Inc/fatfs.h"
ARM GAS  /tmp/cclCMS3A.s 			page 4


DEFINED SYMBOLS
                            *ABS*:0000000000000000 fatfs.c
     /tmp/cclCMS3A.s:16     .text.MX_FATFS_Init:0000000000000000 $t
     /tmp/cclCMS3A.s:23     .text.MX_FATFS_Init:0000000000000000 MX_FATFS_Init
     /tmp/cclCMS3A.s:46     .text.MX_FATFS_Init:0000000000000010 $d
                            *COM*:0000000000000004 USERPath
                            *COM*:0000000000000001 retUSER
     /tmp/cclCMS3A.s:53     .text.get_fattime:0000000000000000 $t
     /tmp/cclCMS3A.s:60     .text.get_fattime:0000000000000000 get_fattime
                            *COM*:000000000000002c USERFile
                            *COM*:0000000000000234 USERFatFS
                     .debug_frame:0000000000000010 $d

UNDEFINED SYMBOLS
FATFS_LinkDriver
USER_Driver
