ARM GAS  /tmp/cco1nwp3.s 			page 1


   1              		.cpu cortex-m3
   2              		.eabi_attribute 20, 1
   3              		.eabi_attribute 21, 1
   4              		.eabi_attribute 23, 3
   5              		.eabi_attribute 24, 1
   6              		.eabi_attribute 25, 1
   7              		.eabi_attribute 26, 1
   8              		.eabi_attribute 30, 1
   9              		.eabi_attribute 34, 1
  10              		.eabi_attribute 18, 4
  11              		.file	"ff_gen_drv.c"
  12              		.text
  13              	.Ltext0:
  14              		.cfi_sections	.debug_frame
  15              		.section	.text.FATFS_LinkDriverEx,"ax",%progbits
  16              		.align	1
  17              		.global	FATFS_LinkDriverEx
  18              		.syntax unified
  19              		.thumb
  20              		.thumb_func
  21              		.fpu softvfp
  23              	FATFS_LinkDriverEx:
  24              	.LFB69:
  25              		.file 1 "Middlewares/Third_Party/FatFs/src/ff_gen_drv.c"
   1:Middlewares/Third_Party/FatFs/src/ff_gen_drv.c **** /**
   2:Middlewares/Third_Party/FatFs/src/ff_gen_drv.c ****   ******************************************************************************
   3:Middlewares/Third_Party/FatFs/src/ff_gen_drv.c ****   * @file    ff_gen_drv.c 
   4:Middlewares/Third_Party/FatFs/src/ff_gen_drv.c ****   * @author  MCD Application Team
   5:Middlewares/Third_Party/FatFs/src/ff_gen_drv.c ****   * @version V1.4.1
   6:Middlewares/Third_Party/FatFs/src/ff_gen_drv.c ****   * @date    14-February-2017
   7:Middlewares/Third_Party/FatFs/src/ff_gen_drv.c ****   * @brief   FatFs generic low level driver.
   8:Middlewares/Third_Party/FatFs/src/ff_gen_drv.c ****   ******************************************************************************
   9:Middlewares/Third_Party/FatFs/src/ff_gen_drv.c ****   * @attention
  10:Middlewares/Third_Party/FatFs/src/ff_gen_drv.c ****   *
  11:Middlewares/Third_Party/FatFs/src/ff_gen_drv.c ****   * <h2><center>&copy; COPYRIGHT 2017 STMicroelectronics</center></h2>
  12:Middlewares/Third_Party/FatFs/src/ff_gen_drv.c ****   *
  13:Middlewares/Third_Party/FatFs/src/ff_gen_drv.c ****   * Redistribution and use in source and binary forms, with or without 
  14:Middlewares/Third_Party/FatFs/src/ff_gen_drv.c ****   * modification, are permitted, provided that the following conditions are met:
  15:Middlewares/Third_Party/FatFs/src/ff_gen_drv.c ****   *
  16:Middlewares/Third_Party/FatFs/src/ff_gen_drv.c ****   * 1. Redistribution of source code must retain the above copyright notice, 
  17:Middlewares/Third_Party/FatFs/src/ff_gen_drv.c ****   *    this list of conditions and the following disclaimer.
  18:Middlewares/Third_Party/FatFs/src/ff_gen_drv.c ****   * 2. Redistributions in binary form must reproduce the above copyright notice,
  19:Middlewares/Third_Party/FatFs/src/ff_gen_drv.c ****   *    this list of conditions and the following disclaimer in the documentation
  20:Middlewares/Third_Party/FatFs/src/ff_gen_drv.c ****   *    and/or other materials provided with the distribution.
  21:Middlewares/Third_Party/FatFs/src/ff_gen_drv.c ****   * 3. Neither the name of STMicroelectronics nor the names of other 
  22:Middlewares/Third_Party/FatFs/src/ff_gen_drv.c ****   *    contributors to this software may be used to endorse or promote products 
  23:Middlewares/Third_Party/FatFs/src/ff_gen_drv.c ****   *    derived from this software without specific written permission.
  24:Middlewares/Third_Party/FatFs/src/ff_gen_drv.c ****   * 4. This software, including modifications and/or derivative works of this 
  25:Middlewares/Third_Party/FatFs/src/ff_gen_drv.c ****   *    software, must execute solely and exclusively on microcontroller or
  26:Middlewares/Third_Party/FatFs/src/ff_gen_drv.c ****   *    microprocessor devices manufactured by or for STMicroelectronics.
  27:Middlewares/Third_Party/FatFs/src/ff_gen_drv.c ****   * 5. Redistribution and use of this software other than as permitted under 
  28:Middlewares/Third_Party/FatFs/src/ff_gen_drv.c ****   *    this license is void and will automatically terminate your rights under 
  29:Middlewares/Third_Party/FatFs/src/ff_gen_drv.c ****   *    this license. 
  30:Middlewares/Third_Party/FatFs/src/ff_gen_drv.c ****   *
  31:Middlewares/Third_Party/FatFs/src/ff_gen_drv.c ****   * THIS SOFTWARE IS PROVIDED BY STMICROELECTRONICS AND CONTRIBUTORS "AS IS" 
  32:Middlewares/Third_Party/FatFs/src/ff_gen_drv.c ****   * AND ANY EXPRESS, IMPLIED OR STATUTORY WARRANTIES, INCLUDING, BUT NOT 
  33:Middlewares/Third_Party/FatFs/src/ff_gen_drv.c ****   * LIMITED TO, THE IMPLIED WARRANTIES OF MERCHANTABILITY, FITNESS FOR A 
ARM GAS  /tmp/cco1nwp3.s 			page 2


  34:Middlewares/Third_Party/FatFs/src/ff_gen_drv.c ****   * PARTICULAR PURPOSE AND NON-INFRINGEMENT OF THIRD PARTY INTELLECTUAL PROPERTY
  35:Middlewares/Third_Party/FatFs/src/ff_gen_drv.c ****   * RIGHTS ARE DISCLAIMED TO THE FULLEST EXTENT PERMITTED BY LAW. IN NO EVENT 
  36:Middlewares/Third_Party/FatFs/src/ff_gen_drv.c ****   * SHALL STMICROELECTRONICS OR CONTRIBUTORS BE LIABLE FOR ANY DIRECT, INDIRECT,
  37:Middlewares/Third_Party/FatFs/src/ff_gen_drv.c ****   * INCIDENTAL, SPECIAL, EXEMPLARY, OR CONSEQUENTIAL DAMAGES (INCLUDING, BUT NOT
  38:Middlewares/Third_Party/FatFs/src/ff_gen_drv.c ****   * LIMITED TO, PROCUREMENT OF SUBSTITUTE GOODS OR SERVICES; LOSS OF USE, DATA, 
  39:Middlewares/Third_Party/FatFs/src/ff_gen_drv.c ****   * OR PROFITS; OR BUSINESS INTERRUPTION) HOWEVER CAUSED AND ON ANY THEORY OF 
  40:Middlewares/Third_Party/FatFs/src/ff_gen_drv.c ****   * LIABILITY, WHETHER IN CONTRACT, STRICT LIABILITY, OR TORT (INCLUDING 
  41:Middlewares/Third_Party/FatFs/src/ff_gen_drv.c ****   * NEGLIGENCE OR OTHERWISE) ARISING IN ANY WAY OUT OF THE USE OF THIS SOFTWARE,
  42:Middlewares/Third_Party/FatFs/src/ff_gen_drv.c ****   * EVEN IF ADVISED OF THE POSSIBILITY OF SUCH DAMAGE.
  43:Middlewares/Third_Party/FatFs/src/ff_gen_drv.c ****   *
  44:Middlewares/Third_Party/FatFs/src/ff_gen_drv.c ****   ******************************************************************************
  45:Middlewares/Third_Party/FatFs/src/ff_gen_drv.c ****   */ 
  46:Middlewares/Third_Party/FatFs/src/ff_gen_drv.c **** 
  47:Middlewares/Third_Party/FatFs/src/ff_gen_drv.c **** /* Includes ------------------------------------------------------------------*/
  48:Middlewares/Third_Party/FatFs/src/ff_gen_drv.c **** #include "ff_gen_drv.h"
  49:Middlewares/Third_Party/FatFs/src/ff_gen_drv.c **** 
  50:Middlewares/Third_Party/FatFs/src/ff_gen_drv.c **** /* Private typedef -----------------------------------------------------------*/
  51:Middlewares/Third_Party/FatFs/src/ff_gen_drv.c **** /* Private define ------------------------------------------------------------*/
  52:Middlewares/Third_Party/FatFs/src/ff_gen_drv.c **** /* Private variables ---------------------------------------------------------*/
  53:Middlewares/Third_Party/FatFs/src/ff_gen_drv.c **** Disk_drvTypeDef disk = {{0},{0},{0},0};
  54:Middlewares/Third_Party/FatFs/src/ff_gen_drv.c **** 
  55:Middlewares/Third_Party/FatFs/src/ff_gen_drv.c **** /* Private function prototypes -----------------------------------------------*/
  56:Middlewares/Third_Party/FatFs/src/ff_gen_drv.c **** /* Private functions ---------------------------------------------------------*/
  57:Middlewares/Third_Party/FatFs/src/ff_gen_drv.c **** 
  58:Middlewares/Third_Party/FatFs/src/ff_gen_drv.c **** /**
  59:Middlewares/Third_Party/FatFs/src/ff_gen_drv.c ****   * @brief  Links a compatible diskio driver/lun id and increments the number of active
  60:Middlewares/Third_Party/FatFs/src/ff_gen_drv.c ****   *         linked drivers.
  61:Middlewares/Third_Party/FatFs/src/ff_gen_drv.c ****   * @note   The number of linked drivers (volumes) is up to 10 due to FatFs limits.
  62:Middlewares/Third_Party/FatFs/src/ff_gen_drv.c ****   * @param  drv: pointer to the disk IO Driver structure
  63:Middlewares/Third_Party/FatFs/src/ff_gen_drv.c ****   * @param  path: pointer to the logical drive path 
  64:Middlewares/Third_Party/FatFs/src/ff_gen_drv.c ****   * @param  lun : only used for USB Key Disk to add multi-lun management
  65:Middlewares/Third_Party/FatFs/src/ff_gen_drv.c ****             else the paramter must be equal to 0
  66:Middlewares/Third_Party/FatFs/src/ff_gen_drv.c ****   * @retval Returns 0 in case of success, otherwise 1.
  67:Middlewares/Third_Party/FatFs/src/ff_gen_drv.c ****   */
  68:Middlewares/Third_Party/FatFs/src/ff_gen_drv.c **** uint8_t FATFS_LinkDriverEx(Diskio_drvTypeDef *drv, char *path, uint8_t lun)
  69:Middlewares/Third_Party/FatFs/src/ff_gen_drv.c **** {
  26              		.loc 1 69 0
  27              		.cfi_startproc
  28              		@ args = 0, pretend = 0, frame = 0
  29              		@ frame_needed = 0, uses_anonymous_args = 0
  30              		@ link register save eliminated.
  31              	.LVL0:
  70:Middlewares/Third_Party/FatFs/src/ff_gen_drv.c ****   uint8_t ret = 1;
  71:Middlewares/Third_Party/FatFs/src/ff_gen_drv.c ****   uint8_t DiskNum = 0;
  72:Middlewares/Third_Party/FatFs/src/ff_gen_drv.c ****   
  73:Middlewares/Third_Party/FatFs/src/ff_gen_drv.c ****   if(disk.nbr <= _VOLUMES)
  32              		.loc 1 73 0
  33 0000 114B     		ldr	r3, .L9
  34 0002 5B7A     		ldrb	r3, [r3, #9]	@ zero_extendqisi2
  35 0004 DBB2     		uxtb	r3, r3
  36 0006 012B     		cmp	r3, #1
  37 0008 01D9     		bls	.L8
  70:Middlewares/Third_Party/FatFs/src/ff_gen_drv.c ****   uint8_t ret = 1;
  38              		.loc 1 70 0
  39 000a 0120     		movs	r0, #1
  40              	.LVL1:
  41 000c 7047     		bx	lr
ARM GAS  /tmp/cco1nwp3.s 			page 3


  42              	.LVL2:
  43              	.L8:
  69:Middlewares/Third_Party/FatFs/src/ff_gen_drv.c ****   uint8_t ret = 1;
  44              		.loc 1 69 0
  45 000e 30B4     		push	{r4, r5}
  46              	.LCFI0:
  47              		.cfi_def_cfa_offset 8
  48              		.cfi_offset 4, -8
  49              		.cfi_offset 5, -4
  74:Middlewares/Third_Party/FatFs/src/ff_gen_drv.c ****   {
  75:Middlewares/Third_Party/FatFs/src/ff_gen_drv.c ****     disk.is_initialized[disk.nbr] = 0;
  50              		.loc 1 75 0
  51 0010 0D4C     		ldr	r4, .L9
  52 0012 657A     		ldrb	r5, [r4, #9]	@ zero_extendqisi2
  53 0014 EDB2     		uxtb	r5, r5
  54 0016 0023     		movs	r3, #0
  55 0018 6355     		strb	r3, [r4, r5]
  76:Middlewares/Third_Party/FatFs/src/ff_gen_drv.c ****     disk.drv[disk.nbr] = drv;  
  56              		.loc 1 76 0
  57 001a 657A     		ldrb	r5, [r4, #9]	@ zero_extendqisi2
  58 001c 04EB8505 		add	r5, r4, r5, lsl #2
  59 0020 6860     		str	r0, [r5, #4]
  77:Middlewares/Third_Party/FatFs/src/ff_gen_drv.c ****     disk.lun[disk.nbr] = lun;  
  60              		.loc 1 77 0
  61 0022 607A     		ldrb	r0, [r4, #9]	@ zero_extendqisi2
  62              	.LVL3:
  63 0024 2044     		add	r0, r0, r4
  64 0026 0272     		strb	r2, [r0, #8]
  78:Middlewares/Third_Party/FatFs/src/ff_gen_drv.c ****     DiskNum = disk.nbr++;
  65              		.loc 1 78 0
  66 0028 627A     		ldrb	r2, [r4, #9]	@ zero_extendqisi2
  67              	.LVL4:
  68 002a D2B2     		uxtb	r2, r2
  69 002c 501C     		adds	r0, r2, #1
  70              	.LVL5:
  71 002e C0B2     		uxtb	r0, r0
  72 0030 6072     		strb	r0, [r4, #9]
  73              	.LVL6:
  79:Middlewares/Third_Party/FatFs/src/ff_gen_drv.c ****     path[0] = DiskNum + '0';
  74              		.loc 1 79 0
  75 0032 3032     		adds	r2, r2, #48
  76              	.LVL7:
  77 0034 0A70     		strb	r2, [r1]
  78              	.LVL8:
  80:Middlewares/Third_Party/FatFs/src/ff_gen_drv.c ****     path[1] = ':';
  79              		.loc 1 80 0
  80 0036 3A22     		movs	r2, #58
  81              	.LVL9:
  82 0038 4A70     		strb	r2, [r1, #1]
  81:Middlewares/Third_Party/FatFs/src/ff_gen_drv.c ****     path[2] = '/';
  83              		.loc 1 81 0
  84 003a 2F22     		movs	r2, #47
  85 003c 8A70     		strb	r2, [r1, #2]
  82:Middlewares/Third_Party/FatFs/src/ff_gen_drv.c ****     path[3] = 0;
  86              		.loc 1 82 0
  87 003e CB70     		strb	r3, [r1, #3]
  88              	.LVL10:
ARM GAS  /tmp/cco1nwp3.s 			page 4


  83:Middlewares/Third_Party/FatFs/src/ff_gen_drv.c ****     ret = 0;
  89              		.loc 1 83 0
  90 0040 1846     		mov	r0, r3
  91              	.LVL11:
  84:Middlewares/Third_Party/FatFs/src/ff_gen_drv.c ****   }
  85:Middlewares/Third_Party/FatFs/src/ff_gen_drv.c ****   
  86:Middlewares/Third_Party/FatFs/src/ff_gen_drv.c ****   return ret;
  87:Middlewares/Third_Party/FatFs/src/ff_gen_drv.c **** }
  92              		.loc 1 87 0
  93 0042 30BC     		pop	{r4, r5}
  94              	.LCFI1:
  95              		.cfi_restore 5
  96              		.cfi_restore 4
  97              		.cfi_def_cfa_offset 0
  98 0044 7047     		bx	lr
  99              	.L10:
 100 0046 00BF     		.align	2
 101              	.L9:
 102 0048 00000000 		.word	.LANCHOR0
 103              		.cfi_endproc
 104              	.LFE69:
 106              		.section	.text.FATFS_LinkDriver,"ax",%progbits
 107              		.align	1
 108              		.global	FATFS_LinkDriver
 109              		.syntax unified
 110              		.thumb
 111              		.thumb_func
 112              		.fpu softvfp
 114              	FATFS_LinkDriver:
 115              	.LFB70:
  88:Middlewares/Third_Party/FatFs/src/ff_gen_drv.c **** 
  89:Middlewares/Third_Party/FatFs/src/ff_gen_drv.c **** /**
  90:Middlewares/Third_Party/FatFs/src/ff_gen_drv.c ****   * @brief  Links a compatible diskio driver and increments the number of active
  91:Middlewares/Third_Party/FatFs/src/ff_gen_drv.c ****   *         linked drivers.          
  92:Middlewares/Third_Party/FatFs/src/ff_gen_drv.c ****   * @note   The number of linked drivers (volumes) is up to 10 due to FatFs limits
  93:Middlewares/Third_Party/FatFs/src/ff_gen_drv.c ****   * @param  drv: pointer to the disk IO Driver structure
  94:Middlewares/Third_Party/FatFs/src/ff_gen_drv.c ****   * @param  path: pointer to the logical drive path 
  95:Middlewares/Third_Party/FatFs/src/ff_gen_drv.c ****   * @retval Returns 0 in case of success, otherwise 1.
  96:Middlewares/Third_Party/FatFs/src/ff_gen_drv.c ****   */
  97:Middlewares/Third_Party/FatFs/src/ff_gen_drv.c **** uint8_t FATFS_LinkDriver(Diskio_drvTypeDef *drv, char *path)
  98:Middlewares/Third_Party/FatFs/src/ff_gen_drv.c **** {
 116              		.loc 1 98 0
 117              		.cfi_startproc
 118              		@ args = 0, pretend = 0, frame = 0
 119              		@ frame_needed = 0, uses_anonymous_args = 0
 120              	.LVL12:
 121 0000 08B5     		push	{r3, lr}
 122              	.LCFI2:
 123              		.cfi_def_cfa_offset 8
 124              		.cfi_offset 3, -8
 125              		.cfi_offset 14, -4
  99:Middlewares/Third_Party/FatFs/src/ff_gen_drv.c ****   return FATFS_LinkDriverEx(drv, path, 0);
 126              		.loc 1 99 0
 127 0002 0022     		movs	r2, #0
 128 0004 FFF7FEFF 		bl	FATFS_LinkDriverEx
 129              	.LVL13:
 100:Middlewares/Third_Party/FatFs/src/ff_gen_drv.c **** }
ARM GAS  /tmp/cco1nwp3.s 			page 5


 130              		.loc 1 100 0
 131 0008 08BD     		pop	{r3, pc}
 132              		.cfi_endproc
 133              	.LFE70:
 135              		.section	.text.FATFS_UnLinkDriverEx,"ax",%progbits
 136              		.align	1
 137              		.global	FATFS_UnLinkDriverEx
 138              		.syntax unified
 139              		.thumb
 140              		.thumb_func
 141              		.fpu softvfp
 143              	FATFS_UnLinkDriverEx:
 144              	.LFB71:
 101:Middlewares/Third_Party/FatFs/src/ff_gen_drv.c **** 
 102:Middlewares/Third_Party/FatFs/src/ff_gen_drv.c **** /**
 103:Middlewares/Third_Party/FatFs/src/ff_gen_drv.c ****   * @brief  Unlinks a diskio driver and decrements the number of active linked
 104:Middlewares/Third_Party/FatFs/src/ff_gen_drv.c ****   *         drivers.
 105:Middlewares/Third_Party/FatFs/src/ff_gen_drv.c ****   * @param  path: pointer to the logical drive path  
 106:Middlewares/Third_Party/FatFs/src/ff_gen_drv.c ****   * @param  lun : not used   
 107:Middlewares/Third_Party/FatFs/src/ff_gen_drv.c ****   * @retval Returns 0 in case of success, otherwise 1.
 108:Middlewares/Third_Party/FatFs/src/ff_gen_drv.c ****   */
 109:Middlewares/Third_Party/FatFs/src/ff_gen_drv.c **** uint8_t FATFS_UnLinkDriverEx(char *path, uint8_t lun)
 110:Middlewares/Third_Party/FatFs/src/ff_gen_drv.c **** { 
 145              		.loc 1 110 0
 146              		.cfi_startproc
 147              		@ args = 0, pretend = 0, frame = 0
 148              		@ frame_needed = 0, uses_anonymous_args = 0
 149              		@ link register save eliminated.
 150              	.LVL14:
 111:Middlewares/Third_Party/FatFs/src/ff_gen_drv.c ****   uint8_t DiskNum = 0;
 112:Middlewares/Third_Party/FatFs/src/ff_gen_drv.c ****   uint8_t ret = 1;
 113:Middlewares/Third_Party/FatFs/src/ff_gen_drv.c ****   
 114:Middlewares/Third_Party/FatFs/src/ff_gen_drv.c ****   if(disk.nbr >= 1)
 151              		.loc 1 114 0
 152 0000 0D4B     		ldr	r3, .L17
 153 0002 5B7A     		ldrb	r3, [r3, #9]	@ zero_extendqisi2
 154 0004 9BB1     		cbz	r3, .L15
 115:Middlewares/Third_Party/FatFs/src/ff_gen_drv.c ****   {    
 116:Middlewares/Third_Party/FatFs/src/ff_gen_drv.c ****     DiskNum = path[0] - '0';
 155              		.loc 1 116 0
 156 0006 0378     		ldrb	r3, [r0]	@ zero_extendqisi2
 157 0008 303B     		subs	r3, r3, #48
 158 000a DBB2     		uxtb	r3, r3
 159              	.LVL15:
 117:Middlewares/Third_Party/FatFs/src/ff_gen_drv.c ****     if(disk.drv[DiskNum] != 0)
 160              		.loc 1 117 0
 161 000c 0A4A     		ldr	r2, .L17
 162 000e 02EB8302 		add	r2, r2, r3, lsl #2
 163 0012 5268     		ldr	r2, [r2, #4]
 164 0014 6AB1     		cbz	r2, .L16
 118:Middlewares/Third_Party/FatFs/src/ff_gen_drv.c ****     {
 119:Middlewares/Third_Party/FatFs/src/ff_gen_drv.c ****       disk.drv[DiskNum] = 0;
 165              		.loc 1 119 0
 166 0016 084A     		ldr	r2, .L17
 167 0018 02EB8301 		add	r1, r2, r3, lsl #2
 168              	.LVL16:
 169 001c 0020     		movs	r0, #0
ARM GAS  /tmp/cco1nwp3.s 			page 6


 170              	.LVL17:
 171 001e 4860     		str	r0, [r1, #4]
 120:Middlewares/Third_Party/FatFs/src/ff_gen_drv.c ****       disk.lun[DiskNum] = 0;
 172              		.loc 1 120 0
 173 0020 1344     		add	r3, r3, r2
 174 0022 1872     		strb	r0, [r3, #8]
 121:Middlewares/Third_Party/FatFs/src/ff_gen_drv.c ****       disk.nbr--;
 175              		.loc 1 121 0
 176 0024 537A     		ldrb	r3, [r2, #9]	@ zero_extendqisi2
 177 0026 013B     		subs	r3, r3, #1
 178 0028 DBB2     		uxtb	r3, r3
 179 002a 5372     		strb	r3, [r2, #9]
 180              	.LVL18:
 181 002c 7047     		bx	lr
 182              	.LVL19:
 183              	.L15:
 112:Middlewares/Third_Party/FatFs/src/ff_gen_drv.c ****   
 184              		.loc 1 112 0
 185 002e 0120     		movs	r0, #1
 186              	.LVL20:
 187 0030 7047     		bx	lr
 188              	.LVL21:
 189              	.L16:
 190 0032 0120     		movs	r0, #1
 191              	.LVL22:
 122:Middlewares/Third_Party/FatFs/src/ff_gen_drv.c ****       ret = 0;
 123:Middlewares/Third_Party/FatFs/src/ff_gen_drv.c ****     }
 124:Middlewares/Third_Party/FatFs/src/ff_gen_drv.c ****   }
 125:Middlewares/Third_Party/FatFs/src/ff_gen_drv.c ****   
 126:Middlewares/Third_Party/FatFs/src/ff_gen_drv.c ****   return ret;
 127:Middlewares/Third_Party/FatFs/src/ff_gen_drv.c **** }
 192              		.loc 1 127 0
 193 0034 7047     		bx	lr
 194              	.L18:
 195 0036 00BF     		.align	2
 196              	.L17:
 197 0038 00000000 		.word	.LANCHOR0
 198              		.cfi_endproc
 199              	.LFE71:
 201              		.section	.text.FATFS_UnLinkDriver,"ax",%progbits
 202              		.align	1
 203              		.global	FATFS_UnLinkDriver
 204              		.syntax unified
 205              		.thumb
 206              		.thumb_func
 207              		.fpu softvfp
 209              	FATFS_UnLinkDriver:
 210              	.LFB72:
 128:Middlewares/Third_Party/FatFs/src/ff_gen_drv.c **** 
 129:Middlewares/Third_Party/FatFs/src/ff_gen_drv.c **** /**
 130:Middlewares/Third_Party/FatFs/src/ff_gen_drv.c ****   * @brief  Unlinks a diskio driver and decrements the number of active linked
 131:Middlewares/Third_Party/FatFs/src/ff_gen_drv.c ****   *         drivers.
 132:Middlewares/Third_Party/FatFs/src/ff_gen_drv.c ****   * @param  path: pointer to the logical drive path  
 133:Middlewares/Third_Party/FatFs/src/ff_gen_drv.c ****   * @retval Returns 0 in case of success, otherwise 1.
 134:Middlewares/Third_Party/FatFs/src/ff_gen_drv.c ****   */
 135:Middlewares/Third_Party/FatFs/src/ff_gen_drv.c **** uint8_t FATFS_UnLinkDriver(char *path)
 136:Middlewares/Third_Party/FatFs/src/ff_gen_drv.c **** { 
ARM GAS  /tmp/cco1nwp3.s 			page 7


 211              		.loc 1 136 0
 212              		.cfi_startproc
 213              		@ args = 0, pretend = 0, frame = 0
 214              		@ frame_needed = 0, uses_anonymous_args = 0
 215              	.LVL23:
 216 0000 08B5     		push	{r3, lr}
 217              	.LCFI3:
 218              		.cfi_def_cfa_offset 8
 219              		.cfi_offset 3, -8
 220              		.cfi_offset 14, -4
 137:Middlewares/Third_Party/FatFs/src/ff_gen_drv.c ****   return FATFS_UnLinkDriverEx(path, 0);
 221              		.loc 1 137 0
 222 0002 0021     		movs	r1, #0
 223 0004 FFF7FEFF 		bl	FATFS_UnLinkDriverEx
 224              	.LVL24:
 138:Middlewares/Third_Party/FatFs/src/ff_gen_drv.c **** }
 225              		.loc 1 138 0
 226 0008 08BD     		pop	{r3, pc}
 227              		.cfi_endproc
 228              	.LFE72:
 230              		.section	.text.FATFS_GetAttachedDriversNbr,"ax",%progbits
 231              		.align	1
 232              		.global	FATFS_GetAttachedDriversNbr
 233              		.syntax unified
 234              		.thumb
 235              		.thumb_func
 236              		.fpu softvfp
 238              	FATFS_GetAttachedDriversNbr:
 239              	.LFB73:
 139:Middlewares/Third_Party/FatFs/src/ff_gen_drv.c **** 
 140:Middlewares/Third_Party/FatFs/src/ff_gen_drv.c **** /**
 141:Middlewares/Third_Party/FatFs/src/ff_gen_drv.c ****   * @brief  Gets number of linked drivers to the FatFs module.
 142:Middlewares/Third_Party/FatFs/src/ff_gen_drv.c ****   * @param  None
 143:Middlewares/Third_Party/FatFs/src/ff_gen_drv.c ****   * @retval Number of attached drivers.
 144:Middlewares/Third_Party/FatFs/src/ff_gen_drv.c ****   */
 145:Middlewares/Third_Party/FatFs/src/ff_gen_drv.c **** uint8_t FATFS_GetAttachedDriversNbr(void)
 146:Middlewares/Third_Party/FatFs/src/ff_gen_drv.c **** {
 240              		.loc 1 146 0
 241              		.cfi_startproc
 242              		@ args = 0, pretend = 0, frame = 0
 243              		@ frame_needed = 0, uses_anonymous_args = 0
 244              		@ link register save eliminated.
 147:Middlewares/Third_Party/FatFs/src/ff_gen_drv.c ****   return disk.nbr;
 245              		.loc 1 147 0
 246 0000 014B     		ldr	r3, .L22
 247 0002 587A     		ldrb	r0, [r3, #9]	@ zero_extendqisi2
 148:Middlewares/Third_Party/FatFs/src/ff_gen_drv.c **** }
 248              		.loc 1 148 0
 249 0004 7047     		bx	lr
 250              	.L23:
 251 0006 00BF     		.align	2
 252              	.L22:
 253 0008 00000000 		.word	.LANCHOR0
 254              		.cfi_endproc
 255              	.LFE73:
 257              		.global	disk
 258              		.section	.bss.disk,"aw",%nobits
ARM GAS  /tmp/cco1nwp3.s 			page 8


 259              		.align	2
 260              		.set	.LANCHOR0,. + 0
 263              	disk:
 264 0000 00000000 		.space	12
 264      00000000 
 264      00000000 
 265              		.text
 266              	.Letext0:
 267              		.file 2 "Middlewares/Third_Party/FatFs/src/integer.h"
 268              		.file 3 "Middlewares/Third_Party/FatFs/src/diskio.h"
 269              		.file 4 "/usr/include/newlib/machine/_default_types.h"
 270              		.file 5 "/usr/include/newlib/sys/_stdint.h"
 271              		.file 6 "Drivers/CMSIS/Include/core_cm3.h"
 272              		.file 7 "Drivers/CMSIS/Device/ST/STM32F1xx/Include/system_stm32f1xx.h"
 273              		.file 8 "Drivers/STM32F1xx_HAL_Driver/Inc/stm32f1xx_hal.h"
 274              		.file 9 "Middlewares/Third_Party/FatFs/src/ff_gen_drv.h"
ARM GAS  /tmp/cco1nwp3.s 			page 9


DEFINED SYMBOLS
                            *ABS*:0000000000000000 ff_gen_drv.c
     /tmp/cco1nwp3.s:16     .text.FATFS_LinkDriverEx:0000000000000000 $t
     /tmp/cco1nwp3.s:23     .text.FATFS_LinkDriverEx:0000000000000000 FATFS_LinkDriverEx
     /tmp/cco1nwp3.s:102    .text.FATFS_LinkDriverEx:0000000000000048 $d
     /tmp/cco1nwp3.s:107    .text.FATFS_LinkDriver:0000000000000000 $t
     /tmp/cco1nwp3.s:114    .text.FATFS_LinkDriver:0000000000000000 FATFS_LinkDriver
     /tmp/cco1nwp3.s:136    .text.FATFS_UnLinkDriverEx:0000000000000000 $t
     /tmp/cco1nwp3.s:143    .text.FATFS_UnLinkDriverEx:0000000000000000 FATFS_UnLinkDriverEx
     /tmp/cco1nwp3.s:197    .text.FATFS_UnLinkDriverEx:0000000000000038 $d
     /tmp/cco1nwp3.s:202    .text.FATFS_UnLinkDriver:0000000000000000 $t
     /tmp/cco1nwp3.s:209    .text.FATFS_UnLinkDriver:0000000000000000 FATFS_UnLinkDriver
     /tmp/cco1nwp3.s:231    .text.FATFS_GetAttachedDriversNbr:0000000000000000 $t
     /tmp/cco1nwp3.s:238    .text.FATFS_GetAttachedDriversNbr:0000000000000000 FATFS_GetAttachedDriversNbr
     /tmp/cco1nwp3.s:253    .text.FATFS_GetAttachedDriversNbr:0000000000000008 $d
     /tmp/cco1nwp3.s:263    .bss.disk:0000000000000000 disk
     /tmp/cco1nwp3.s:259    .bss.disk:0000000000000000 $d
                     .debug_frame:0000000000000010 $d

NO UNDEFINED SYMBOLS
