ARM GAS  /tmp/ccoXmVNd.s 			page 1


   1              		.cpu cortex-m3
   2              		.eabi_attribute 20, 1
   3              		.eabi_attribute 21, 1
   4              		.eabi_attribute 23, 3
   5              		.eabi_attribute 24, 1
   6              		.eabi_attribute 25, 1
   7              		.eabi_attribute 26, 1
   8              		.eabi_attribute 30, 1
   9              		.eabi_attribute 34, 1
  10              		.eabi_attribute 18, 4
  11              		.file	"freertos.c"
  12              		.text
  13              	.Ltext0:
  14              		.cfi_sections	.debug_frame
  15              		.section	.text.vApplicationStackOverflowHook,"ax",%progbits
  16              		.align	1
  17              		.weak	vApplicationStackOverflowHook
  18              		.syntax unified
  19              		.thumb
  20              		.thumb_func
  21              		.fpu softvfp
  23              	vApplicationStackOverflowHook:
  24              	.LFB69:
  25              		.file 1 "Src/freertos.c"
   1:Src/freertos.c **** /* USER CODE BEGIN Header */
   2:Src/freertos.c **** /**
   3:Src/freertos.c ****   ******************************************************************************
   4:Src/freertos.c ****   * File Name          : freertos.c
   5:Src/freertos.c ****   * Description        : Code for freertos applications
   6:Src/freertos.c ****   ******************************************************************************
   7:Src/freertos.c ****   * @attention
   8:Src/freertos.c ****   *
   9:Src/freertos.c ****   * <h2><center>&copy; Copyright (c) 2020 STMicroelectronics.
  10:Src/freertos.c ****   * All rights reserved.</center></h2>
  11:Src/freertos.c ****   *
  12:Src/freertos.c ****   * This software component is licensed by ST under Ultimate Liberty license
  13:Src/freertos.c ****   * SLA0044, the "License"; You may not use this file except in compliance with
  14:Src/freertos.c ****   * the License. You may obtain a copy of the License at:
  15:Src/freertos.c ****   *                             www.st.com/SLA0044
  16:Src/freertos.c ****   *
  17:Src/freertos.c ****   ******************************************************************************
  18:Src/freertos.c ****   */
  19:Src/freertos.c **** /* USER CODE END Header */
  20:Src/freertos.c **** 
  21:Src/freertos.c **** /* Includes ------------------------------------------------------------------*/
  22:Src/freertos.c **** #include "FreeRTOS.h"
  23:Src/freertos.c **** #include "task.h"
  24:Src/freertos.c **** #include "main.h"
  25:Src/freertos.c **** 
  26:Src/freertos.c **** /* Private includes ----------------------------------------------------------*/
  27:Src/freertos.c **** /* USER CODE BEGIN Includes */     
  28:Src/freertos.c **** 
  29:Src/freertos.c **** /* USER CODE END Includes */
  30:Src/freertos.c **** 
  31:Src/freertos.c **** /* Private typedef -----------------------------------------------------------*/
  32:Src/freertos.c **** /* USER CODE BEGIN PTD */
  33:Src/freertos.c **** 
ARM GAS  /tmp/ccoXmVNd.s 			page 2


  34:Src/freertos.c **** /* USER CODE END PTD */
  35:Src/freertos.c **** 
  36:Src/freertos.c **** /* Private define ------------------------------------------------------------*/
  37:Src/freertos.c **** /* USER CODE BEGIN PD */
  38:Src/freertos.c **** 
  39:Src/freertos.c **** /* USER CODE END PD */
  40:Src/freertos.c **** 
  41:Src/freertos.c **** /* Private macro -------------------------------------------------------------*/
  42:Src/freertos.c **** /* USER CODE BEGIN PM */
  43:Src/freertos.c **** 
  44:Src/freertos.c **** /* USER CODE END PM */
  45:Src/freertos.c **** 
  46:Src/freertos.c **** /* Private variables ---------------------------------------------------------*/
  47:Src/freertos.c **** /* USER CODE BEGIN Variables */
  48:Src/freertos.c **** 
  49:Src/freertos.c **** /* USER CODE END Variables */
  50:Src/freertos.c **** 
  51:Src/freertos.c **** /* Private function prototypes -----------------------------------------------*/
  52:Src/freertos.c **** /* USER CODE BEGIN FunctionPrototypes */
  53:Src/freertos.c ****    
  54:Src/freertos.c **** /* USER CODE END FunctionPrototypes */
  55:Src/freertos.c **** 
  56:Src/freertos.c **** /* Hook prototypes */
  57:Src/freertos.c **** void vApplicationStackOverflowHook(xTaskHandle xTask, signed char *pcTaskName);
  58:Src/freertos.c **** 
  59:Src/freertos.c **** /* USER CODE BEGIN 4 */
  60:Src/freertos.c **** __weak void vApplicationStackOverflowHook(xTaskHandle xTask, signed char *pcTaskName)
  61:Src/freertos.c **** {
  26              		.loc 1 61 0
  27              		.cfi_startproc
  28              		@ args = 0, pretend = 0, frame = 0
  29              		@ frame_needed = 0, uses_anonymous_args = 0
  30              		@ link register save eliminated.
  31              	.LVL0:
  32 0000 7047     		bx	lr
  33              		.cfi_endproc
  34              	.LFE69:
  36              		.text
  37              	.Letext0:
  38              		.file 2 "/usr/include/newlib/machine/_default_types.h"
  39              		.file 3 "/usr/include/newlib/sys/_stdint.h"
  40              		.file 4 "Middlewares/Third_Party/FreeRTOS/Source/include/task.h"
  41              		.file 5 "Inc/FreeRTOSConfig.h"
  42              		.file 6 "Drivers/CMSIS/Include/core_cm3.h"
  43              		.file 7 "Drivers/CMSIS/Device/ST/STM32F1xx/Include/system_stm32f1xx.h"
  44              		.file 8 "Drivers/STM32F1xx_HAL_Driver/Inc/stm32f1xx_hal.h"
ARM GAS  /tmp/ccoXmVNd.s 			page 3


DEFINED SYMBOLS
                            *ABS*:0000000000000000 freertos.c
     /tmp/ccoXmVNd.s:16     .text.vApplicationStackOverflowHook:0000000000000000 $t
     /tmp/ccoXmVNd.s:23     .text.vApplicationStackOverflowHook:0000000000000000 vApplicationStackOverflowHook
                     .debug_frame:0000000000000010 $d

NO UNDEFINED SYMBOLS
