<<<<<<< HEAD
ARM GAS  /tmp/ccBQrR54.s 			page 1
=======
ARM GAS  /tmp/cc2x5b5t.s 			page 1
>>>>>>> Adding-ulibSD_Only-HAL


   1              		.cpu cortex-m3
   2              		.eabi_attribute 20, 1
   3              		.eabi_attribute 21, 1
   4              		.eabi_attribute 23, 3
   5              		.eabi_attribute 24, 1
   6              		.eabi_attribute 25, 1
   7              		.eabi_attribute 26, 1
   8              		.eabi_attribute 30, 1
   9              		.eabi_attribute 34, 1
  10              		.eabi_attribute 18, 4
  11              		.file	"list.c"
  12              		.text
  13              	.Ltext0:
  14              		.cfi_sections	.debug_frame
  15              		.section	.text.vListInitialise,"ax",%progbits
  16              		.align	1
  17              		.global	vListInitialise
  18              		.syntax unified
  19              		.thumb
  20              		.thumb_func
  21              		.fpu softvfp
  23              	vListInitialise:
  24              	.LFB4:
  25              		.file 1 "Middlewares/Third_Party/FreeRTOS/Source/list.c"
   1:Middlewares/Third_Party/FreeRTOS/Source/list.c **** /*
   2:Middlewares/Third_Party/FreeRTOS/Source/list.c ****  * FreeRTOS Kernel V10.0.1
   3:Middlewares/Third_Party/FreeRTOS/Source/list.c ****  * Copyright (C) 2017 Amazon.com, Inc. or its affiliates.  All Rights Reserved.
   4:Middlewares/Third_Party/FreeRTOS/Source/list.c ****  *
   5:Middlewares/Third_Party/FreeRTOS/Source/list.c ****  * Permission is hereby granted, free of charge, to any person obtaining a copy of
   6:Middlewares/Third_Party/FreeRTOS/Source/list.c ****  * this software and associated documentation files (the "Software"), to deal in
   7:Middlewares/Third_Party/FreeRTOS/Source/list.c ****  * the Software without restriction, including without limitation the rights to
   8:Middlewares/Third_Party/FreeRTOS/Source/list.c ****  * use, copy, modify, merge, publish, distribute, sublicense, and/or sell copies of
   9:Middlewares/Third_Party/FreeRTOS/Source/list.c ****  * the Software, and to permit persons to whom the Software is furnished to do so,
  10:Middlewares/Third_Party/FreeRTOS/Source/list.c ****  * subject to the following conditions:
  11:Middlewares/Third_Party/FreeRTOS/Source/list.c ****  *
  12:Middlewares/Third_Party/FreeRTOS/Source/list.c ****  * The above copyright notice and this permission notice shall be included in all
  13:Middlewares/Third_Party/FreeRTOS/Source/list.c ****  * copies or substantial portions of the Software.
  14:Middlewares/Third_Party/FreeRTOS/Source/list.c ****  *
  15:Middlewares/Third_Party/FreeRTOS/Source/list.c ****  * THE SOFTWARE IS PROVIDED "AS IS", WITHOUT WARRANTY OF ANY KIND, EXPRESS OR
  16:Middlewares/Third_Party/FreeRTOS/Source/list.c ****  * IMPLIED, INCLUDING BUT NOT LIMITED TO THE WARRANTIES OF MERCHANTABILITY, FITNESS
  17:Middlewares/Third_Party/FreeRTOS/Source/list.c ****  * FOR A PARTICULAR PURPOSE AND NONINFRINGEMENT. IN NO EVENT SHALL THE AUTHORS OR
  18:Middlewares/Third_Party/FreeRTOS/Source/list.c ****  * COPYRIGHT HOLDERS BE LIABLE FOR ANY CLAIM, DAMAGES OR OTHER LIABILITY, WHETHER
  19:Middlewares/Third_Party/FreeRTOS/Source/list.c ****  * IN AN ACTION OF CONTRACT, TORT OR OTHERWISE, ARISING FROM, OUT OF OR IN
  20:Middlewares/Third_Party/FreeRTOS/Source/list.c ****  * CONNECTION WITH THE SOFTWARE OR THE USE OR OTHER DEALINGS IN THE SOFTWARE.
  21:Middlewares/Third_Party/FreeRTOS/Source/list.c ****  *
  22:Middlewares/Third_Party/FreeRTOS/Source/list.c ****  * http://www.FreeRTOS.org
  23:Middlewares/Third_Party/FreeRTOS/Source/list.c ****  * http://aws.amazon.com/freertos
  24:Middlewares/Third_Party/FreeRTOS/Source/list.c ****  *
  25:Middlewares/Third_Party/FreeRTOS/Source/list.c ****  * 1 tab == 4 spaces!
  26:Middlewares/Third_Party/FreeRTOS/Source/list.c ****  */
  27:Middlewares/Third_Party/FreeRTOS/Source/list.c **** 
  28:Middlewares/Third_Party/FreeRTOS/Source/list.c **** 
  29:Middlewares/Third_Party/FreeRTOS/Source/list.c **** #include <stdlib.h>
  30:Middlewares/Third_Party/FreeRTOS/Source/list.c **** #include "FreeRTOS.h"
  31:Middlewares/Third_Party/FreeRTOS/Source/list.c **** #include "list.h"
  32:Middlewares/Third_Party/FreeRTOS/Source/list.c **** 
  33:Middlewares/Third_Party/FreeRTOS/Source/list.c **** /*-----------------------------------------------------------
<<<<<<< HEAD
ARM GAS  /tmp/ccBQrR54.s 			page 2
=======
ARM GAS  /tmp/cc2x5b5t.s 			page 2
>>>>>>> Adding-ulibSD_Only-HAL


  34:Middlewares/Third_Party/FreeRTOS/Source/list.c ****  * PUBLIC LIST API documented in list.h
  35:Middlewares/Third_Party/FreeRTOS/Source/list.c ****  *----------------------------------------------------------*/
  36:Middlewares/Third_Party/FreeRTOS/Source/list.c **** 
  37:Middlewares/Third_Party/FreeRTOS/Source/list.c **** void vListInitialise( List_t * const pxList )
  38:Middlewares/Third_Party/FreeRTOS/Source/list.c **** {
  26              		.loc 1 38 0
  27              		.cfi_startproc
  28              		@ args = 0, pretend = 0, frame = 0
  29              		@ frame_needed = 0, uses_anonymous_args = 0
  30              		@ link register save eliminated.
  31              	.LVL0:
  39:Middlewares/Third_Party/FreeRTOS/Source/list.c **** 	/* The list structure contains a list item which is used to mark the
  40:Middlewares/Third_Party/FreeRTOS/Source/list.c **** 	end of the list.  To initialise the list the list end is inserted
  41:Middlewares/Third_Party/FreeRTOS/Source/list.c **** 	as the only list entry. */
  42:Middlewares/Third_Party/FreeRTOS/Source/list.c **** 	pxList->pxIndex = ( ListItem_t * ) &( pxList->xListEnd );			/*lint !e826 !e740 The mini list struc
  32              		.loc 1 42 0
  33 0000 00F10803 		add	r3, r0, #8
  34 0004 4360     		str	r3, [r0, #4]
  43:Middlewares/Third_Party/FreeRTOS/Source/list.c **** 
  44:Middlewares/Third_Party/FreeRTOS/Source/list.c **** 	/* The list end value is the highest possible value in the list to
  45:Middlewares/Third_Party/FreeRTOS/Source/list.c **** 	ensure it remains at the end of the list. */
  46:Middlewares/Third_Party/FreeRTOS/Source/list.c **** 	pxList->xListEnd.xItemValue = portMAX_DELAY;
  35              		.loc 1 46 0
  36 0006 4FF0FF32 		mov	r2, #-1
  37 000a 8260     		str	r2, [r0, #8]
  47:Middlewares/Third_Party/FreeRTOS/Source/list.c **** 
  48:Middlewares/Third_Party/FreeRTOS/Source/list.c **** 	/* The list end next and previous pointers point to itself so we know
  49:Middlewares/Third_Party/FreeRTOS/Source/list.c **** 	when the list is empty. */
  50:Middlewares/Third_Party/FreeRTOS/Source/list.c **** 	pxList->xListEnd.pxNext = ( ListItem_t * ) &( pxList->xListEnd );	/*lint !e826 !e740 The mini list
  38              		.loc 1 50 0
  39 000c C360     		str	r3, [r0, #12]
  51:Middlewares/Third_Party/FreeRTOS/Source/list.c **** 	pxList->xListEnd.pxPrevious = ( ListItem_t * ) &( pxList->xListEnd );/*lint !e826 !e740 The mini l
  40              		.loc 1 51 0
  41 000e 0361     		str	r3, [r0, #16]
  52:Middlewares/Third_Party/FreeRTOS/Source/list.c **** 
  53:Middlewares/Third_Party/FreeRTOS/Source/list.c **** 	pxList->uxNumberOfItems = ( UBaseType_t ) 0U;
  42              		.loc 1 53 0
  43 0010 0023     		movs	r3, #0
  44 0012 0360     		str	r3, [r0]
  45 0014 7047     		bx	lr
  46              		.cfi_endproc
  47              	.LFE4:
  49              		.section	.text.vListInitialiseItem,"ax",%progbits
  50              		.align	1
  51              		.global	vListInitialiseItem
  52              		.syntax unified
  53              		.thumb
  54              		.thumb_func
  55              		.fpu softvfp
  57              	vListInitialiseItem:
  58              	.LFB5:
  54:Middlewares/Third_Party/FreeRTOS/Source/list.c **** 
  55:Middlewares/Third_Party/FreeRTOS/Source/list.c **** 	/* Write known values into the list if
  56:Middlewares/Third_Party/FreeRTOS/Source/list.c **** 	configUSE_LIST_DATA_INTEGRITY_CHECK_BYTES is set to 1. */
  57:Middlewares/Third_Party/FreeRTOS/Source/list.c **** 	listSET_LIST_INTEGRITY_CHECK_1_VALUE( pxList );
  58:Middlewares/Third_Party/FreeRTOS/Source/list.c **** 	listSET_LIST_INTEGRITY_CHECK_2_VALUE( pxList );
  59:Middlewares/Third_Party/FreeRTOS/Source/list.c **** }
<<<<<<< HEAD
ARM GAS  /tmp/ccBQrR54.s 			page 3
=======
ARM GAS  /tmp/cc2x5b5t.s 			page 3
>>>>>>> Adding-ulibSD_Only-HAL


  60:Middlewares/Third_Party/FreeRTOS/Source/list.c **** /*-----------------------------------------------------------*/
  61:Middlewares/Third_Party/FreeRTOS/Source/list.c **** 
  62:Middlewares/Third_Party/FreeRTOS/Source/list.c **** void vListInitialiseItem( ListItem_t * const pxItem )
  63:Middlewares/Third_Party/FreeRTOS/Source/list.c **** {
  59              		.loc 1 63 0
  60              		.cfi_startproc
  61              		@ args = 0, pretend = 0, frame = 0
  62              		@ frame_needed = 0, uses_anonymous_args = 0
  63              		@ link register save eliminated.
  64              	.LVL1:
  64:Middlewares/Third_Party/FreeRTOS/Source/list.c **** 	/* Make sure the list item is not recorded as being on a list. */
  65:Middlewares/Third_Party/FreeRTOS/Source/list.c **** 	pxItem->pvContainer = NULL;
  65              		.loc 1 65 0
  66 0000 0023     		movs	r3, #0
  67 0002 0361     		str	r3, [r0, #16]
  68 0004 7047     		bx	lr
  69              		.cfi_endproc
  70              	.LFE5:
  72              		.section	.text.vListInsertEnd,"ax",%progbits
  73              		.align	1
  74              		.global	vListInsertEnd
  75              		.syntax unified
  76              		.thumb
  77              		.thumb_func
  78              		.fpu softvfp
  80              	vListInsertEnd:
  81              	.LFB6:
  66:Middlewares/Third_Party/FreeRTOS/Source/list.c **** 
  67:Middlewares/Third_Party/FreeRTOS/Source/list.c **** 	/* Write known values into the list item if
  68:Middlewares/Third_Party/FreeRTOS/Source/list.c **** 	configUSE_LIST_DATA_INTEGRITY_CHECK_BYTES is set to 1. */
  69:Middlewares/Third_Party/FreeRTOS/Source/list.c **** 	listSET_FIRST_LIST_ITEM_INTEGRITY_CHECK_VALUE( pxItem );
  70:Middlewares/Third_Party/FreeRTOS/Source/list.c **** 	listSET_SECOND_LIST_ITEM_INTEGRITY_CHECK_VALUE( pxItem );
  71:Middlewares/Third_Party/FreeRTOS/Source/list.c **** }
  72:Middlewares/Third_Party/FreeRTOS/Source/list.c **** /*-----------------------------------------------------------*/
  73:Middlewares/Third_Party/FreeRTOS/Source/list.c **** 
  74:Middlewares/Third_Party/FreeRTOS/Source/list.c **** void vListInsertEnd( List_t * const pxList, ListItem_t * const pxNewListItem )
  75:Middlewares/Third_Party/FreeRTOS/Source/list.c **** {
  82              		.loc 1 75 0
  83              		.cfi_startproc
  84              		@ args = 0, pretend = 0, frame = 0
  85              		@ frame_needed = 0, uses_anonymous_args = 0
  86              		@ link register save eliminated.
  87              	.LVL2:
  76:Middlewares/Third_Party/FreeRTOS/Source/list.c **** ListItem_t * const pxIndex = pxList->pxIndex;
  88              		.loc 1 76 0
  89 0000 4368     		ldr	r3, [r0, #4]
  90              	.LVL3:
  77:Middlewares/Third_Party/FreeRTOS/Source/list.c **** 
  78:Middlewares/Third_Party/FreeRTOS/Source/list.c **** 	/* Only effective when configASSERT() is also defined, these tests may catch
  79:Middlewares/Third_Party/FreeRTOS/Source/list.c **** 	the list data structures being overwritten in memory.  They will not catch
  80:Middlewares/Third_Party/FreeRTOS/Source/list.c **** 	data errors caused by incorrect configuration or use of FreeRTOS. */
  81:Middlewares/Third_Party/FreeRTOS/Source/list.c **** 	listTEST_LIST_INTEGRITY( pxList );
  82:Middlewares/Third_Party/FreeRTOS/Source/list.c **** 	listTEST_LIST_ITEM_INTEGRITY( pxNewListItem );
  83:Middlewares/Third_Party/FreeRTOS/Source/list.c **** 
  84:Middlewares/Third_Party/FreeRTOS/Source/list.c **** 	/* Insert a new list item into pxList, but rather than sort the list,
  85:Middlewares/Third_Party/FreeRTOS/Source/list.c **** 	makes the new list item the last item to be removed by a call to
  86:Middlewares/Third_Party/FreeRTOS/Source/list.c **** 	listGET_OWNER_OF_NEXT_ENTRY(). */
<<<<<<< HEAD
ARM GAS  /tmp/ccBQrR54.s 			page 4
=======
ARM GAS  /tmp/cc2x5b5t.s 			page 4
>>>>>>> Adding-ulibSD_Only-HAL


  87:Middlewares/Third_Party/FreeRTOS/Source/list.c **** 	pxNewListItem->pxNext = pxIndex;
  91              		.loc 1 87 0
  92 0002 4B60     		str	r3, [r1, #4]
  88:Middlewares/Third_Party/FreeRTOS/Source/list.c **** 	pxNewListItem->pxPrevious = pxIndex->pxPrevious;
  93              		.loc 1 88 0
  94 0004 9A68     		ldr	r2, [r3, #8]
  95 0006 8A60     		str	r2, [r1, #8]
  89:Middlewares/Third_Party/FreeRTOS/Source/list.c **** 
  90:Middlewares/Third_Party/FreeRTOS/Source/list.c **** 	/* Only used during decision coverage testing. */
  91:Middlewares/Third_Party/FreeRTOS/Source/list.c **** 	mtCOVERAGE_TEST_DELAY();
  92:Middlewares/Third_Party/FreeRTOS/Source/list.c **** 
  93:Middlewares/Third_Party/FreeRTOS/Source/list.c **** 	pxIndex->pxPrevious->pxNext = pxNewListItem;
  96              		.loc 1 93 0
  97 0008 9A68     		ldr	r2, [r3, #8]
  98 000a 5160     		str	r1, [r2, #4]
  94:Middlewares/Third_Party/FreeRTOS/Source/list.c **** 	pxIndex->pxPrevious = pxNewListItem;
  99              		.loc 1 94 0
 100 000c 9960     		str	r1, [r3, #8]
  95:Middlewares/Third_Party/FreeRTOS/Source/list.c **** 
  96:Middlewares/Third_Party/FreeRTOS/Source/list.c **** 	/* Remember which list the item is in. */
  97:Middlewares/Third_Party/FreeRTOS/Source/list.c **** 	pxNewListItem->pvContainer = ( void * ) pxList;
 101              		.loc 1 97 0
 102 000e 0861     		str	r0, [r1, #16]
  98:Middlewares/Third_Party/FreeRTOS/Source/list.c **** 
  99:Middlewares/Third_Party/FreeRTOS/Source/list.c **** 	( pxList->uxNumberOfItems )++;
 103              		.loc 1 99 0
 104 0010 0368     		ldr	r3, [r0]
 105              	.LVL4:
 106 0012 0133     		adds	r3, r3, #1
 107 0014 0360     		str	r3, [r0]
 108 0016 7047     		bx	lr
 109              		.cfi_endproc
 110              	.LFE6:
 112              		.section	.text.vListInsert,"ax",%progbits
 113              		.align	1
 114              		.global	vListInsert
 115              		.syntax unified
 116              		.thumb
 117              		.thumb_func
 118              		.fpu softvfp
 120              	vListInsert:
 121              	.LFB7:
 100:Middlewares/Third_Party/FreeRTOS/Source/list.c **** }
 101:Middlewares/Third_Party/FreeRTOS/Source/list.c **** /*-----------------------------------------------------------*/
 102:Middlewares/Third_Party/FreeRTOS/Source/list.c **** 
 103:Middlewares/Third_Party/FreeRTOS/Source/list.c **** void vListInsert( List_t * const pxList, ListItem_t * const pxNewListItem )
 104:Middlewares/Third_Party/FreeRTOS/Source/list.c **** {
 122              		.loc 1 104 0
 123              		.cfi_startproc
 124              		@ args = 0, pretend = 0, frame = 0
 125              		@ frame_needed = 0, uses_anonymous_args = 0
 126              		@ link register save eliminated.
 127              	.LVL5:
 128 0000 30B4     		push	{r4, r5}
 129              	.LCFI0:
 130              		.cfi_def_cfa_offset 8
 131              		.cfi_offset 4, -8
<<<<<<< HEAD
ARM GAS  /tmp/ccBQrR54.s 			page 5
=======
ARM GAS  /tmp/cc2x5b5t.s 			page 5
>>>>>>> Adding-ulibSD_Only-HAL


 132              		.cfi_offset 5, -4
 105:Middlewares/Third_Party/FreeRTOS/Source/list.c **** ListItem_t *pxIterator;
 106:Middlewares/Third_Party/FreeRTOS/Source/list.c **** const TickType_t xValueOfInsertion = pxNewListItem->xItemValue;
 133              		.loc 1 106 0
 134 0002 0D68     		ldr	r5, [r1]
 135              	.LVL6:
 107:Middlewares/Third_Party/FreeRTOS/Source/list.c **** 
 108:Middlewares/Third_Party/FreeRTOS/Source/list.c **** 	/* Only effective when configASSERT() is also defined, these tests may catch
 109:Middlewares/Third_Party/FreeRTOS/Source/list.c **** 	the list data structures being overwritten in memory.  They will not catch
 110:Middlewares/Third_Party/FreeRTOS/Source/list.c **** 	data errors caused by incorrect configuration or use of FreeRTOS. */
 111:Middlewares/Third_Party/FreeRTOS/Source/list.c **** 	listTEST_LIST_INTEGRITY( pxList );
 112:Middlewares/Third_Party/FreeRTOS/Source/list.c **** 	listTEST_LIST_ITEM_INTEGRITY( pxNewListItem );
 113:Middlewares/Third_Party/FreeRTOS/Source/list.c **** 
 114:Middlewares/Third_Party/FreeRTOS/Source/list.c **** 	/* Insert the new list item into the list, sorted in xItemValue order.
 115:Middlewares/Third_Party/FreeRTOS/Source/list.c **** 
 116:Middlewares/Third_Party/FreeRTOS/Source/list.c **** 	If the list already contains a list item with the same item value then the
 117:Middlewares/Third_Party/FreeRTOS/Source/list.c **** 	new list item should be placed after it.  This ensures that TCB's which are
 118:Middlewares/Third_Party/FreeRTOS/Source/list.c **** 	stored in ready lists (all of which have the same xItemValue value) get a
 119:Middlewares/Third_Party/FreeRTOS/Source/list.c **** 	share of the CPU.  However, if the xItemValue is the same as the back marker
 120:Middlewares/Third_Party/FreeRTOS/Source/list.c **** 	the iteration loop below will not end.  Therefore the value is checked
 121:Middlewares/Third_Party/FreeRTOS/Source/list.c **** 	first, and the algorithm slightly modified if necessary. */
 122:Middlewares/Third_Party/FreeRTOS/Source/list.c **** 	if( xValueOfInsertion == portMAX_DELAY )
 136              		.loc 1 122 0
 137 0004 B5F1FF3F 		cmp	r5, #-1
 138 0008 02D0     		beq	.L10
 123:Middlewares/Third_Party/FreeRTOS/Source/list.c **** 	{
 124:Middlewares/Third_Party/FreeRTOS/Source/list.c **** 		pxIterator = pxList->xListEnd.pxPrevious;
 125:Middlewares/Third_Party/FreeRTOS/Source/list.c **** 	}
 126:Middlewares/Third_Party/FreeRTOS/Source/list.c **** 	else
 127:Middlewares/Third_Party/FreeRTOS/Source/list.c **** 	{
 128:Middlewares/Third_Party/FreeRTOS/Source/list.c **** 		/* *** NOTE ***********************************************************
 129:Middlewares/Third_Party/FreeRTOS/Source/list.c **** 		If you find your application is crashing here then likely causes are
 130:Middlewares/Third_Party/FreeRTOS/Source/list.c **** 		listed below.  In addition see http://www.freertos.org/FAQHelp.html for
 131:Middlewares/Third_Party/FreeRTOS/Source/list.c **** 		more tips, and ensure configASSERT() is defined!
 132:Middlewares/Third_Party/FreeRTOS/Source/list.c **** 		http://www.freertos.org/a00110.html#configASSERT
 133:Middlewares/Third_Party/FreeRTOS/Source/list.c **** 
 134:Middlewares/Third_Party/FreeRTOS/Source/list.c **** 			1) Stack overflow -
 135:Middlewares/Third_Party/FreeRTOS/Source/list.c **** 			   see http://www.freertos.org/Stacks-and-stack-overflow-checking.html
 136:Middlewares/Third_Party/FreeRTOS/Source/list.c **** 			2) Incorrect interrupt priority assignment, especially on Cortex-M
 137:Middlewares/Third_Party/FreeRTOS/Source/list.c **** 			   parts where numerically high priority values denote low actual
 138:Middlewares/Third_Party/FreeRTOS/Source/list.c **** 			   interrupt priorities, which can seem counter intuitive.  See
 139:Middlewares/Third_Party/FreeRTOS/Source/list.c **** 			   http://www.freertos.org/RTOS-Cortex-M3-M4.html and the definition
 140:Middlewares/Third_Party/FreeRTOS/Source/list.c **** 			   of configMAX_SYSCALL_INTERRUPT_PRIORITY on
 141:Middlewares/Third_Party/FreeRTOS/Source/list.c **** 			   http://www.freertos.org/a00110.html
 142:Middlewares/Third_Party/FreeRTOS/Source/list.c **** 			3) Calling an API function from within a critical section or when
 143:Middlewares/Third_Party/FreeRTOS/Source/list.c **** 			   the scheduler is suspended, or calling an API function that does
 144:Middlewares/Third_Party/FreeRTOS/Source/list.c **** 			   not end in "FromISR" from an interrupt.
 145:Middlewares/Third_Party/FreeRTOS/Source/list.c **** 			4) Using a queue or semaphore before it has been initialised or
 146:Middlewares/Third_Party/FreeRTOS/Source/list.c **** 			   before the scheduler has been started (are interrupts firing
 147:Middlewares/Third_Party/FreeRTOS/Source/list.c **** 			   before vTaskStartScheduler() has been called?).
 148:Middlewares/Third_Party/FreeRTOS/Source/list.c **** 		**********************************************************************/
 149:Middlewares/Third_Party/FreeRTOS/Source/list.c **** 
 150:Middlewares/Third_Party/FreeRTOS/Source/list.c **** 		for( pxIterator = ( ListItem_t * ) &( pxList->xListEnd ); pxIterator->pxNext->xItemValue <= xValu
 139              		.loc 1 150 0
 140 000a 00F10802 		add	r2, r0, #8
 141              	.LVL7:
 142 000e 02E0     		b	.L7
<<<<<<< HEAD
ARM GAS  /tmp/ccBQrR54.s 			page 6
=======
ARM GAS  /tmp/cc2x5b5t.s 			page 6
>>>>>>> Adding-ulibSD_Only-HAL


 143              	.LVL8:
 144              	.L10:
 124:Middlewares/Third_Party/FreeRTOS/Source/list.c **** 	}
 145              		.loc 1 124 0
 146 0010 0269     		ldr	r2, [r0, #16]
 147              	.LVL9:
 148 0012 04E0     		b	.L6
 149              	.L8:
 150              		.loc 1 150 0
 151 0014 1A46     		mov	r2, r3
 152              	.LVL10:
 153              	.L7:
 154              		.loc 1 150 0 is_stmt 0 discriminator 1
 155 0016 5368     		ldr	r3, [r2, #4]
 156 0018 1C68     		ldr	r4, [r3]
 157 001a A542     		cmp	r5, r4
 158 001c FAD2     		bcs	.L8
 159              	.L6:
 151:Middlewares/Third_Party/FreeRTOS/Source/list.c **** 		{
 152:Middlewares/Third_Party/FreeRTOS/Source/list.c **** 			/* There is nothing to do here, just iterating to the wanted
 153:Middlewares/Third_Party/FreeRTOS/Source/list.c **** 			insertion position. */
 154:Middlewares/Third_Party/FreeRTOS/Source/list.c **** 		}
 155:Middlewares/Third_Party/FreeRTOS/Source/list.c **** 	}
 156:Middlewares/Third_Party/FreeRTOS/Source/list.c **** 
 157:Middlewares/Third_Party/FreeRTOS/Source/list.c **** 	pxNewListItem->pxNext = pxIterator->pxNext;
 160              		.loc 1 157 0 is_stmt 1
 161 001e 5368     		ldr	r3, [r2, #4]
 162 0020 4B60     		str	r3, [r1, #4]
 158:Middlewares/Third_Party/FreeRTOS/Source/list.c **** 	pxNewListItem->pxNext->pxPrevious = pxNewListItem;
 163              		.loc 1 158 0
 164 0022 9960     		str	r1, [r3, #8]
 159:Middlewares/Third_Party/FreeRTOS/Source/list.c **** 	pxNewListItem->pxPrevious = pxIterator;
 165              		.loc 1 159 0
 166 0024 8A60     		str	r2, [r1, #8]
 160:Middlewares/Third_Party/FreeRTOS/Source/list.c **** 	pxIterator->pxNext = pxNewListItem;
 167              		.loc 1 160 0
 168 0026 5160     		str	r1, [r2, #4]
 161:Middlewares/Third_Party/FreeRTOS/Source/list.c **** 
 162:Middlewares/Third_Party/FreeRTOS/Source/list.c **** 	/* Remember which list the item is in.  This allows fast removal of the
 163:Middlewares/Third_Party/FreeRTOS/Source/list.c **** 	item later. */
 164:Middlewares/Third_Party/FreeRTOS/Source/list.c **** 	pxNewListItem->pvContainer = ( void * ) pxList;
 169              		.loc 1 164 0
 170 0028 0861     		str	r0, [r1, #16]
 165:Middlewares/Third_Party/FreeRTOS/Source/list.c **** 
 166:Middlewares/Third_Party/FreeRTOS/Source/list.c **** 	( pxList->uxNumberOfItems )++;
 171              		.loc 1 166 0
 172 002a 0368     		ldr	r3, [r0]
 173 002c 0133     		adds	r3, r3, #1
 174 002e 0360     		str	r3, [r0]
 167:Middlewares/Third_Party/FreeRTOS/Source/list.c **** }
 175              		.loc 1 167 0
 176 0030 30BC     		pop	{r4, r5}
 177              	.LCFI1:
 178              		.cfi_restore 5
 179              		.cfi_restore 4
 180              		.cfi_def_cfa_offset 0
 181              	.LVL11:
<<<<<<< HEAD
ARM GAS  /tmp/ccBQrR54.s 			page 7
=======
ARM GAS  /tmp/cc2x5b5t.s 			page 7
>>>>>>> Adding-ulibSD_Only-HAL


 182 0032 7047     		bx	lr
 183              		.cfi_endproc
 184              	.LFE7:
 186              		.section	.text.uxListRemove,"ax",%progbits
 187              		.align	1
 188              		.global	uxListRemove
 189              		.syntax unified
 190              		.thumb
 191              		.thumb_func
 192              		.fpu softvfp
 194              	uxListRemove:
 195              	.LFB8:
 168:Middlewares/Third_Party/FreeRTOS/Source/list.c **** /*-----------------------------------------------------------*/
 169:Middlewares/Third_Party/FreeRTOS/Source/list.c **** 
 170:Middlewares/Third_Party/FreeRTOS/Source/list.c **** UBaseType_t uxListRemove( ListItem_t * const pxItemToRemove )
 171:Middlewares/Third_Party/FreeRTOS/Source/list.c **** {
 196              		.loc 1 171 0
 197              		.cfi_startproc
 198              		@ args = 0, pretend = 0, frame = 0
 199              		@ frame_needed = 0, uses_anonymous_args = 0
 200              		@ link register save eliminated.
 201              	.LVL12:
 172:Middlewares/Third_Party/FreeRTOS/Source/list.c **** /* The list item knows which list it is in.  Obtain the list from the list
 173:Middlewares/Third_Party/FreeRTOS/Source/list.c **** item. */
 174:Middlewares/Third_Party/FreeRTOS/Source/list.c **** List_t * const pxList = ( List_t * ) pxItemToRemove->pvContainer;
 202              		.loc 1 174 0
 203 0000 0369     		ldr	r3, [r0, #16]
 204              	.LVL13:
 175:Middlewares/Third_Party/FreeRTOS/Source/list.c **** 
 176:Middlewares/Third_Party/FreeRTOS/Source/list.c **** 	pxItemToRemove->pxNext->pxPrevious = pxItemToRemove->pxPrevious;
 205              		.loc 1 176 0
 206 0002 4268     		ldr	r2, [r0, #4]
 207 0004 8168     		ldr	r1, [r0, #8]
 208 0006 9160     		str	r1, [r2, #8]
 177:Middlewares/Third_Party/FreeRTOS/Source/list.c **** 	pxItemToRemove->pxPrevious->pxNext = pxItemToRemove->pxNext;
 209              		.loc 1 177 0
 210 0008 8268     		ldr	r2, [r0, #8]
 211 000a 4168     		ldr	r1, [r0, #4]
 212 000c 5160     		str	r1, [r2, #4]
 178:Middlewares/Third_Party/FreeRTOS/Source/list.c **** 
 179:Middlewares/Third_Party/FreeRTOS/Source/list.c **** 	/* Only used during decision coverage testing. */
 180:Middlewares/Third_Party/FreeRTOS/Source/list.c **** 	mtCOVERAGE_TEST_DELAY();
 181:Middlewares/Third_Party/FreeRTOS/Source/list.c **** 
 182:Middlewares/Third_Party/FreeRTOS/Source/list.c **** 	/* Make sure the index is left pointing to a valid item. */
 183:Middlewares/Third_Party/FreeRTOS/Source/list.c **** 	if( pxList->pxIndex == pxItemToRemove )
 213              		.loc 1 183 0
 214 000e 5A68     		ldr	r2, [r3, #4]
 215 0010 9042     		cmp	r0, r2
 216 0012 06D0     		beq	.L13
 217              	.L12:
 184:Middlewares/Third_Party/FreeRTOS/Source/list.c **** 	{
 185:Middlewares/Third_Party/FreeRTOS/Source/list.c **** 		pxList->pxIndex = pxItemToRemove->pxPrevious;
 186:Middlewares/Third_Party/FreeRTOS/Source/list.c **** 	}
 187:Middlewares/Third_Party/FreeRTOS/Source/list.c **** 	else
 188:Middlewares/Third_Party/FreeRTOS/Source/list.c **** 	{
 189:Middlewares/Third_Party/FreeRTOS/Source/list.c **** 		mtCOVERAGE_TEST_MARKER();
 190:Middlewares/Third_Party/FreeRTOS/Source/list.c **** 	}
<<<<<<< HEAD
ARM GAS  /tmp/ccBQrR54.s 			page 8
=======
ARM GAS  /tmp/cc2x5b5t.s 			page 8
>>>>>>> Adding-ulibSD_Only-HAL


 191:Middlewares/Third_Party/FreeRTOS/Source/list.c **** 
 192:Middlewares/Third_Party/FreeRTOS/Source/list.c **** 	pxItemToRemove->pvContainer = NULL;
 218              		.loc 1 192 0
 219 0014 0022     		movs	r2, #0
 220 0016 0261     		str	r2, [r0, #16]
 193:Middlewares/Third_Party/FreeRTOS/Source/list.c **** 	( pxList->uxNumberOfItems )--;
 221              		.loc 1 193 0
 222 0018 1A68     		ldr	r2, [r3]
 223 001a 013A     		subs	r2, r2, #1
 224 001c 1A60     		str	r2, [r3]
 194:Middlewares/Third_Party/FreeRTOS/Source/list.c **** 
 195:Middlewares/Third_Party/FreeRTOS/Source/list.c **** 	return pxList->uxNumberOfItems;
 225              		.loc 1 195 0
 226 001e 1868     		ldr	r0, [r3]
 227              	.LVL14:
 196:Middlewares/Third_Party/FreeRTOS/Source/list.c **** }
 228              		.loc 1 196 0
 229 0020 7047     		bx	lr
 230              	.LVL15:
 231              	.L13:
 185:Middlewares/Third_Party/FreeRTOS/Source/list.c **** 	}
 232              		.loc 1 185 0
 233 0022 8268     		ldr	r2, [r0, #8]
 234 0024 5A60     		str	r2, [r3, #4]
 235 0026 F5E7     		b	.L12
 236              		.cfi_endproc
 237              	.LFE8:
 239              		.text
 240              	.Letext0:
 241              		.file 2 "/usr/include/newlib/machine/_default_types.h"
 242              		.file 3 "/usr/include/newlib/sys/lock.h"
 243              		.file 4 "/usr/include/newlib/sys/_types.h"
 244              		.file 5 "/usr/lib/gcc/arm-none-eabi/6.3.1/include/stddef.h"
 245              		.file 6 "/usr/include/newlib/sys/reent.h"
 246              		.file 7 "/usr/include/newlib/stdlib.h"
 247              		.file 8 "/usr/include/newlib/sys/_stdint.h"
 248              		.file 9 "Inc/FreeRTOSConfig.h"
 249              		.file 10 "Middlewares/Third_Party/FreeRTOS/Source/portable/GCC/ARM_CM3/portmacro.h"
 250              		.file 11 "Middlewares/Third_Party/FreeRTOS/Source/include/list.h"
<<<<<<< HEAD
ARM GAS  /tmp/ccBQrR54.s 			page 9
=======
ARM GAS  /tmp/cc2x5b5t.s 			page 9
>>>>>>> Adding-ulibSD_Only-HAL


DEFINED SYMBOLS
                            *ABS*:0000000000000000 list.c
<<<<<<< HEAD
     /tmp/ccBQrR54.s:16     .text.vListInitialise:0000000000000000 $t
     /tmp/ccBQrR54.s:23     .text.vListInitialise:0000000000000000 vListInitialise
     /tmp/ccBQrR54.s:50     .text.vListInitialiseItem:0000000000000000 $t
     /tmp/ccBQrR54.s:57     .text.vListInitialiseItem:0000000000000000 vListInitialiseItem
     /tmp/ccBQrR54.s:73     .text.vListInsertEnd:0000000000000000 $t
     /tmp/ccBQrR54.s:80     .text.vListInsertEnd:0000000000000000 vListInsertEnd
     /tmp/ccBQrR54.s:113    .text.vListInsert:0000000000000000 $t
     /tmp/ccBQrR54.s:120    .text.vListInsert:0000000000000000 vListInsert
     /tmp/ccBQrR54.s:187    .text.uxListRemove:0000000000000000 $t
     /tmp/ccBQrR54.s:194    .text.uxListRemove:0000000000000000 uxListRemove
=======
     /tmp/cc2x5b5t.s:16     .text.vListInitialise:0000000000000000 $t
     /tmp/cc2x5b5t.s:23     .text.vListInitialise:0000000000000000 vListInitialise
     /tmp/cc2x5b5t.s:50     .text.vListInitialiseItem:0000000000000000 $t
     /tmp/cc2x5b5t.s:57     .text.vListInitialiseItem:0000000000000000 vListInitialiseItem
     /tmp/cc2x5b5t.s:73     .text.vListInsertEnd:0000000000000000 $t
     /tmp/cc2x5b5t.s:80     .text.vListInsertEnd:0000000000000000 vListInsertEnd
     /tmp/cc2x5b5t.s:113    .text.vListInsert:0000000000000000 $t
     /tmp/cc2x5b5t.s:120    .text.vListInsert:0000000000000000 vListInsert
     /tmp/cc2x5b5t.s:187    .text.uxListRemove:0000000000000000 $t
     /tmp/cc2x5b5t.s:194    .text.uxListRemove:0000000000000000 uxListRemove
>>>>>>> Adding-ulibSD_Only-HAL
                     .debug_frame:0000000000000010 $d

NO UNDEFINED SYMBOLS
