ARM GAS  /tmp/ccGxdsZw.s 			page 1


   1              		.cpu cortex-m3
   2              		.eabi_attribute 20, 1
   3              		.eabi_attribute 21, 1
   4              		.eabi_attribute 23, 3
   5              		.eabi_attribute 24, 1
   6              		.eabi_attribute 25, 1
   7              		.eabi_attribute 26, 1
   8              		.eabi_attribute 30, 1
   9              		.eabi_attribute 34, 1
  10              		.eabi_attribute 18, 4
  11              		.file	"stm32f1xx_hal_msp.c"
  12              		.text
  13              	.Ltext0:
  14              		.cfi_sections	.debug_frame
  15              		.section	.text.HAL_MspInit,"ax",%progbits
  16              		.align	1
  17              		.global	HAL_MspInit
  18              		.syntax unified
  19              		.thumb
  20              		.thumb_func
  21              		.fpu softvfp
  23              	HAL_MspInit:
  24              	.LFB65:
  25              		.file 1 "Src/stm32f1xx_hal_msp.c"
   1:Src/stm32f1xx_hal_msp.c **** /* USER CODE BEGIN Header */
   2:Src/stm32f1xx_hal_msp.c **** /**
   3:Src/stm32f1xx_hal_msp.c ****   ******************************************************************************
   4:Src/stm32f1xx_hal_msp.c ****   * File Name          : stm32f1xx_hal_msp.c
   5:Src/stm32f1xx_hal_msp.c ****   * Description        : This file provides code for the MSP Initialization 
   6:Src/stm32f1xx_hal_msp.c ****   *                      and de-Initialization codes.
   7:Src/stm32f1xx_hal_msp.c ****   ******************************************************************************
   8:Src/stm32f1xx_hal_msp.c ****   * @attention
   9:Src/stm32f1xx_hal_msp.c ****   *
  10:Src/stm32f1xx_hal_msp.c ****   * <h2><center>&copy; Copyright (c) 2020 STMicroelectronics.
  11:Src/stm32f1xx_hal_msp.c ****   * All rights reserved.</center></h2>
  12:Src/stm32f1xx_hal_msp.c ****   *
  13:Src/stm32f1xx_hal_msp.c ****   * This software component is licensed by ST under Ultimate Liberty license
  14:Src/stm32f1xx_hal_msp.c ****   * SLA0044, the "License"; You may not use this file except in compliance with
  15:Src/stm32f1xx_hal_msp.c ****   * the License. You may obtain a copy of the License at:
  16:Src/stm32f1xx_hal_msp.c ****   *                             www.st.com/SLA0044
  17:Src/stm32f1xx_hal_msp.c ****   *
  18:Src/stm32f1xx_hal_msp.c ****   ******************************************************************************
  19:Src/stm32f1xx_hal_msp.c ****   */
  20:Src/stm32f1xx_hal_msp.c **** /* USER CODE END Header */
  21:Src/stm32f1xx_hal_msp.c **** 
  22:Src/stm32f1xx_hal_msp.c **** /* Includes ------------------------------------------------------------------*/
  23:Src/stm32f1xx_hal_msp.c **** #include "main.h"
  24:Src/stm32f1xx_hal_msp.c **** /* USER CODE BEGIN Includes */
  25:Src/stm32f1xx_hal_msp.c **** 
  26:Src/stm32f1xx_hal_msp.c **** /* USER CODE END Includes */
  27:Src/stm32f1xx_hal_msp.c **** 
  28:Src/stm32f1xx_hal_msp.c **** /* Private typedef -----------------------------------------------------------*/
  29:Src/stm32f1xx_hal_msp.c **** /* USER CODE BEGIN TD */
  30:Src/stm32f1xx_hal_msp.c **** 
  31:Src/stm32f1xx_hal_msp.c **** /* USER CODE END TD */
  32:Src/stm32f1xx_hal_msp.c **** 
  33:Src/stm32f1xx_hal_msp.c **** /* Private define ------------------------------------------------------------*/
ARM GAS  /tmp/ccGxdsZw.s 			page 2


  34:Src/stm32f1xx_hal_msp.c **** /* USER CODE BEGIN Define */
  35:Src/stm32f1xx_hal_msp.c ****  
  36:Src/stm32f1xx_hal_msp.c **** /* USER CODE END Define */
  37:Src/stm32f1xx_hal_msp.c **** 
  38:Src/stm32f1xx_hal_msp.c **** /* Private macro -------------------------------------------------------------*/
  39:Src/stm32f1xx_hal_msp.c **** /* USER CODE BEGIN Macro */
  40:Src/stm32f1xx_hal_msp.c **** 
  41:Src/stm32f1xx_hal_msp.c **** /* USER CODE END Macro */
  42:Src/stm32f1xx_hal_msp.c **** 
  43:Src/stm32f1xx_hal_msp.c **** /* Private variables ---------------------------------------------------------*/
  44:Src/stm32f1xx_hal_msp.c **** /* USER CODE BEGIN PV */
  45:Src/stm32f1xx_hal_msp.c **** 
  46:Src/stm32f1xx_hal_msp.c **** /* USER CODE END PV */
  47:Src/stm32f1xx_hal_msp.c **** 
  48:Src/stm32f1xx_hal_msp.c **** /* Private function prototypes -----------------------------------------------*/
  49:Src/stm32f1xx_hal_msp.c **** /* USER CODE BEGIN PFP */
  50:Src/stm32f1xx_hal_msp.c **** 
  51:Src/stm32f1xx_hal_msp.c **** /* USER CODE END PFP */
  52:Src/stm32f1xx_hal_msp.c **** 
  53:Src/stm32f1xx_hal_msp.c **** /* External functions --------------------------------------------------------*/
  54:Src/stm32f1xx_hal_msp.c **** /* USER CODE BEGIN ExternalFunctions */
  55:Src/stm32f1xx_hal_msp.c **** 
  56:Src/stm32f1xx_hal_msp.c **** /* USER CODE END ExternalFunctions */
  57:Src/stm32f1xx_hal_msp.c **** 
  58:Src/stm32f1xx_hal_msp.c **** /* USER CODE BEGIN 0 */
  59:Src/stm32f1xx_hal_msp.c **** 
  60:Src/stm32f1xx_hal_msp.c **** /* USER CODE END 0 */
  61:Src/stm32f1xx_hal_msp.c **** /**
  62:Src/stm32f1xx_hal_msp.c ****   * Initializes the Global MSP.
  63:Src/stm32f1xx_hal_msp.c ****   */
  64:Src/stm32f1xx_hal_msp.c **** void HAL_MspInit(void)
  65:Src/stm32f1xx_hal_msp.c **** {
  26              		.loc 1 65 0
  27              		.cfi_startproc
  28              		@ args = 0, pretend = 0, frame = 8
  29              		@ frame_needed = 0, uses_anonymous_args = 0
  30 0000 00B5     		push	{lr}
  31              	.LCFI0:
  32              		.cfi_def_cfa_offset 4
  33              		.cfi_offset 14, -4
  34 0002 83B0     		sub	sp, sp, #12
  35              	.LCFI1:
  36              		.cfi_def_cfa_offset 16
  37              	.LBB2:
  66:Src/stm32f1xx_hal_msp.c ****   /* USER CODE BEGIN MspInit 0 */
  67:Src/stm32f1xx_hal_msp.c **** 
  68:Src/stm32f1xx_hal_msp.c ****   /* USER CODE END MspInit 0 */
  69:Src/stm32f1xx_hal_msp.c **** 
  70:Src/stm32f1xx_hal_msp.c ****   __HAL_RCC_AFIO_CLK_ENABLE();
  38              		.loc 1 70 0
  39 0004 114B     		ldr	r3, .L3
  40 0006 9A69     		ldr	r2, [r3, #24]
  41 0008 42F00102 		orr	r2, r2, #1
  42 000c 9A61     		str	r2, [r3, #24]
  43 000e 9A69     		ldr	r2, [r3, #24]
  44 0010 02F00102 		and	r2, r2, #1
  45 0014 0092     		str	r2, [sp]
ARM GAS  /tmp/ccGxdsZw.s 			page 3


  46 0016 009A     		ldr	r2, [sp]
  47              	.LBE2:
  48              	.LBB3:
  71:Src/stm32f1xx_hal_msp.c ****   __HAL_RCC_PWR_CLK_ENABLE();
  49              		.loc 1 71 0
  50 0018 DA69     		ldr	r2, [r3, #28]
  51 001a 42F08052 		orr	r2, r2, #268435456
  52 001e DA61     		str	r2, [r3, #28]
  53 0020 DB69     		ldr	r3, [r3, #28]
  54 0022 03F08053 		and	r3, r3, #268435456
  55 0026 0193     		str	r3, [sp, #4]
  56 0028 019B     		ldr	r3, [sp, #4]
  57              	.LBE3:
  72:Src/stm32f1xx_hal_msp.c **** 
  73:Src/stm32f1xx_hal_msp.c ****   /* System interrupt init*/
  74:Src/stm32f1xx_hal_msp.c ****   /* PendSV_IRQn interrupt configuration */
  75:Src/stm32f1xx_hal_msp.c ****   HAL_NVIC_SetPriority(PendSV_IRQn, 15, 0);
  58              		.loc 1 75 0
  59 002a 0022     		movs	r2, #0
  60 002c 0F21     		movs	r1, #15
  61 002e 6FF00100 		mvn	r0, #1
  62 0032 FFF7FEFF 		bl	HAL_NVIC_SetPriority
  63              	.LVL0:
  64              	.LBB4:
  76:Src/stm32f1xx_hal_msp.c **** 
  77:Src/stm32f1xx_hal_msp.c ****   /** NOJTAG: JTAG-DP Disabled and SW-DP Enabled 
  78:Src/stm32f1xx_hal_msp.c ****   */
  79:Src/stm32f1xx_hal_msp.c ****   __HAL_AFIO_REMAP_SWJ_NOJTAG();
  65              		.loc 1 79 0
  66 0036 064A     		ldr	r2, .L3+4
  67 0038 5368     		ldr	r3, [r2, #4]
  68              	.LVL1:
  69 003a 23F0E063 		bic	r3, r3, #117440512
  70              	.LVL2:
  71 003e 43F00073 		orr	r3, r3, #33554432
  72              	.LVL3:
  73 0042 5360     		str	r3, [r2, #4]
  74              	.LBE4:
  80:Src/stm32f1xx_hal_msp.c **** 
  81:Src/stm32f1xx_hal_msp.c ****   /* USER CODE BEGIN MspInit 1 */
  82:Src/stm32f1xx_hal_msp.c **** 
  83:Src/stm32f1xx_hal_msp.c ****   /* USER CODE END MspInit 1 */
  84:Src/stm32f1xx_hal_msp.c **** }
  75              		.loc 1 84 0
  76 0044 03B0     		add	sp, sp, #12
  77              	.LCFI2:
  78              		.cfi_def_cfa_offset 4
  79              		@ sp needed
  80 0046 5DF804FB 		ldr	pc, [sp], #4
  81              	.L4:
  82 004a 00BF     		.align	2
  83              	.L3:
  84 004c 00100240 		.word	1073876992
  85 0050 00000140 		.word	1073807360
  86              		.cfi_endproc
  87              	.LFE65:
  89              		.section	.text.HAL_ADC_MspInit,"ax",%progbits
ARM GAS  /tmp/ccGxdsZw.s 			page 4


  90              		.align	1
  91              		.global	HAL_ADC_MspInit
  92              		.syntax unified
  93              		.thumb
  94              		.thumb_func
  95              		.fpu softvfp
  97              	HAL_ADC_MspInit:
  98              	.LFB66:
  85:Src/stm32f1xx_hal_msp.c **** 
  86:Src/stm32f1xx_hal_msp.c **** /**
  87:Src/stm32f1xx_hal_msp.c **** * @brief ADC MSP Initialization
  88:Src/stm32f1xx_hal_msp.c **** * This function configures the hardware resources used in this example
  89:Src/stm32f1xx_hal_msp.c **** * @param hadc: ADC handle pointer
  90:Src/stm32f1xx_hal_msp.c **** * @retval None
  91:Src/stm32f1xx_hal_msp.c **** */
  92:Src/stm32f1xx_hal_msp.c **** void HAL_ADC_MspInit(ADC_HandleTypeDef* hadc)
  93:Src/stm32f1xx_hal_msp.c **** {
  99              		.loc 1 93 0
 100              		.cfi_startproc
 101              		@ args = 0, pretend = 0, frame = 24
 102              		@ frame_needed = 0, uses_anonymous_args = 0
 103              	.LVL4:
 104 0000 00B5     		push	{lr}
 105              	.LCFI3:
 106              		.cfi_def_cfa_offset 4
 107              		.cfi_offset 14, -4
 108 0002 87B0     		sub	sp, sp, #28
 109              	.LCFI4:
 110              		.cfi_def_cfa_offset 32
  94:Src/stm32f1xx_hal_msp.c ****   GPIO_InitTypeDef GPIO_InitStruct = {0};
 111              		.loc 1 94 0
 112 0004 0023     		movs	r3, #0
 113 0006 0293     		str	r3, [sp, #8]
 114 0008 0393     		str	r3, [sp, #12]
 115 000a 0493     		str	r3, [sp, #16]
 116 000c 0593     		str	r3, [sp, #20]
  95:Src/stm32f1xx_hal_msp.c ****   if(hadc->Instance==ADC1)
 117              		.loc 1 95 0
 118 000e 0268     		ldr	r2, [r0]
 119 0010 114B     		ldr	r3, .L9
 120 0012 9A42     		cmp	r2, r3
 121 0014 02D0     		beq	.L8
 122              	.LVL5:
 123              	.L5:
  96:Src/stm32f1xx_hal_msp.c ****   {
  97:Src/stm32f1xx_hal_msp.c ****   /* USER CODE BEGIN ADC1_MspInit 0 */
  98:Src/stm32f1xx_hal_msp.c **** 
  99:Src/stm32f1xx_hal_msp.c ****   /* USER CODE END ADC1_MspInit 0 */
 100:Src/stm32f1xx_hal_msp.c ****     /* Peripheral clock enable */
 101:Src/stm32f1xx_hal_msp.c ****     __HAL_RCC_ADC1_CLK_ENABLE();
 102:Src/stm32f1xx_hal_msp.c ****   
 103:Src/stm32f1xx_hal_msp.c ****     __HAL_RCC_GPIOA_CLK_ENABLE();
 104:Src/stm32f1xx_hal_msp.c ****     /**ADC1 GPIO Configuration    
 105:Src/stm32f1xx_hal_msp.c ****     PA1     ------> ADC1_IN1 
 106:Src/stm32f1xx_hal_msp.c ****     */
 107:Src/stm32f1xx_hal_msp.c ****     GPIO_InitStruct.Pin = GPIO_PIN_1;
 108:Src/stm32f1xx_hal_msp.c ****     GPIO_InitStruct.Mode = GPIO_MODE_ANALOG;
ARM GAS  /tmp/ccGxdsZw.s 			page 5


 109:Src/stm32f1xx_hal_msp.c ****     HAL_GPIO_Init(GPIOA, &GPIO_InitStruct);
 110:Src/stm32f1xx_hal_msp.c **** 
 111:Src/stm32f1xx_hal_msp.c ****   /* USER CODE BEGIN ADC1_MspInit 1 */
 112:Src/stm32f1xx_hal_msp.c **** 
 113:Src/stm32f1xx_hal_msp.c ****   /* USER CODE END ADC1_MspInit 1 */
 114:Src/stm32f1xx_hal_msp.c ****   }
 115:Src/stm32f1xx_hal_msp.c **** 
 116:Src/stm32f1xx_hal_msp.c **** }
 124              		.loc 1 116 0
 125 0016 07B0     		add	sp, sp, #28
 126              	.LCFI5:
 127              		.cfi_remember_state
 128              		.cfi_def_cfa_offset 4
 129              		@ sp needed
 130 0018 5DF804FB 		ldr	pc, [sp], #4
 131              	.LVL6:
 132              	.L8:
 133              	.LCFI6:
 134              		.cfi_restore_state
 135              	.LBB5:
 101:Src/stm32f1xx_hal_msp.c ****   
 136              		.loc 1 101 0
 137 001c 03F56C43 		add	r3, r3, #60416
 138 0020 9A69     		ldr	r2, [r3, #24]
 139 0022 42F40072 		orr	r2, r2, #512
 140 0026 9A61     		str	r2, [r3, #24]
 141 0028 9A69     		ldr	r2, [r3, #24]
 142 002a 02F40072 		and	r2, r2, #512
 143 002e 0092     		str	r2, [sp]
 144 0030 009A     		ldr	r2, [sp]
 145              	.LBE5:
 146              	.LBB6:
 103:Src/stm32f1xx_hal_msp.c ****     /**ADC1 GPIO Configuration    
 147              		.loc 1 103 0
 148 0032 9A69     		ldr	r2, [r3, #24]
 149 0034 42F00402 		orr	r2, r2, #4
 150 0038 9A61     		str	r2, [r3, #24]
 151 003a 9B69     		ldr	r3, [r3, #24]
 152 003c 03F00403 		and	r3, r3, #4
 153 0040 0193     		str	r3, [sp, #4]
 154 0042 019B     		ldr	r3, [sp, #4]
 155              	.LBE6:
 107:Src/stm32f1xx_hal_msp.c ****     GPIO_InitStruct.Mode = GPIO_MODE_ANALOG;
 156              		.loc 1 107 0
 157 0044 0223     		movs	r3, #2
 158 0046 0293     		str	r3, [sp, #8]
 108:Src/stm32f1xx_hal_msp.c ****     HAL_GPIO_Init(GPIOA, &GPIO_InitStruct);
 159              		.loc 1 108 0
 160 0048 0323     		movs	r3, #3
 161 004a 0393     		str	r3, [sp, #12]
 109:Src/stm32f1xx_hal_msp.c **** 
 162              		.loc 1 109 0
 163 004c 02A9     		add	r1, sp, #8
 164 004e 0348     		ldr	r0, .L9+4
 165              	.LVL7:
 166 0050 FFF7FEFF 		bl	HAL_GPIO_Init
 167              	.LVL8:
ARM GAS  /tmp/ccGxdsZw.s 			page 6


 168              		.loc 1 116 0
 169 0054 DFE7     		b	.L5
 170              	.L10:
 171 0056 00BF     		.align	2
 172              	.L9:
 173 0058 00240140 		.word	1073816576
 174 005c 00080140 		.word	1073809408
 175              		.cfi_endproc
 176              	.LFE66:
 178              		.section	.text.HAL_ADC_MspDeInit,"ax",%progbits
 179              		.align	1
 180              		.global	HAL_ADC_MspDeInit
 181              		.syntax unified
 182              		.thumb
 183              		.thumb_func
 184              		.fpu softvfp
 186              	HAL_ADC_MspDeInit:
 187              	.LFB67:
 117:Src/stm32f1xx_hal_msp.c **** 
 118:Src/stm32f1xx_hal_msp.c **** /**
 119:Src/stm32f1xx_hal_msp.c **** * @brief ADC MSP De-Initialization
 120:Src/stm32f1xx_hal_msp.c **** * This function freeze the hardware resources used in this example
 121:Src/stm32f1xx_hal_msp.c **** * @param hadc: ADC handle pointer
 122:Src/stm32f1xx_hal_msp.c **** * @retval None
 123:Src/stm32f1xx_hal_msp.c **** */
 124:Src/stm32f1xx_hal_msp.c **** void HAL_ADC_MspDeInit(ADC_HandleTypeDef* hadc)
 125:Src/stm32f1xx_hal_msp.c **** {
 188              		.loc 1 125 0
 189              		.cfi_startproc
 190              		@ args = 0, pretend = 0, frame = 0
 191              		@ frame_needed = 0, uses_anonymous_args = 0
 192              	.LVL9:
 193 0000 08B5     		push	{r3, lr}
 194              	.LCFI7:
 195              		.cfi_def_cfa_offset 8
 196              		.cfi_offset 3, -8
 197              		.cfi_offset 14, -4
 126:Src/stm32f1xx_hal_msp.c ****   if(hadc->Instance==ADC1)
 198              		.loc 1 126 0
 199 0002 0268     		ldr	r2, [r0]
 200 0004 064B     		ldr	r3, .L15
 201 0006 9A42     		cmp	r2, r3
 202 0008 00D0     		beq	.L14
 203              	.LVL10:
 204              	.L11:
 205 000a 08BD     		pop	{r3, pc}
 206              	.LVL11:
 207              	.L14:
 127:Src/stm32f1xx_hal_msp.c ****   {
 128:Src/stm32f1xx_hal_msp.c ****   /* USER CODE BEGIN ADC1_MspDeInit 0 */
 129:Src/stm32f1xx_hal_msp.c **** 
 130:Src/stm32f1xx_hal_msp.c ****   /* USER CODE END ADC1_MspDeInit 0 */
 131:Src/stm32f1xx_hal_msp.c ****     /* Peripheral clock disable */
 132:Src/stm32f1xx_hal_msp.c ****     __HAL_RCC_ADC1_CLK_DISABLE();
 208              		.loc 1 132 0
 209 000c 054A     		ldr	r2, .L15+4
 210 000e 9369     		ldr	r3, [r2, #24]
ARM GAS  /tmp/ccGxdsZw.s 			page 7


 211 0010 23F40073 		bic	r3, r3, #512
 212 0014 9361     		str	r3, [r2, #24]
 133:Src/stm32f1xx_hal_msp.c ****   
 134:Src/stm32f1xx_hal_msp.c ****     /**ADC1 GPIO Configuration    
 135:Src/stm32f1xx_hal_msp.c ****     PA1     ------> ADC1_IN1 
 136:Src/stm32f1xx_hal_msp.c ****     */
 137:Src/stm32f1xx_hal_msp.c ****     HAL_GPIO_DeInit(GPIOA, GPIO_PIN_1);
 213              		.loc 1 137 0
 214 0016 0221     		movs	r1, #2
 215 0018 0348     		ldr	r0, .L15+8
 216              	.LVL12:
 217 001a FFF7FEFF 		bl	HAL_GPIO_DeInit
 218              	.LVL13:
 138:Src/stm32f1xx_hal_msp.c **** 
 139:Src/stm32f1xx_hal_msp.c ****   /* USER CODE BEGIN ADC1_MspDeInit 1 */
 140:Src/stm32f1xx_hal_msp.c **** 
 141:Src/stm32f1xx_hal_msp.c ****   /* USER CODE END ADC1_MspDeInit 1 */
 142:Src/stm32f1xx_hal_msp.c ****   }
 143:Src/stm32f1xx_hal_msp.c **** 
 144:Src/stm32f1xx_hal_msp.c **** }
 219              		.loc 1 144 0
 220 001e F4E7     		b	.L11
 221              	.L16:
 222              		.align	2
 223              	.L15:
 224 0020 00240140 		.word	1073816576
 225 0024 00100240 		.word	1073876992
 226 0028 00080140 		.word	1073809408
 227              		.cfi_endproc
 228              	.LFE67:
 230              		.section	.text.HAL_RTC_MspInit,"ax",%progbits
 231              		.align	1
 232              		.global	HAL_RTC_MspInit
 233              		.syntax unified
 234              		.thumb
 235              		.thumb_func
 236              		.fpu softvfp
 238              	HAL_RTC_MspInit:
 239              	.LFB68:
 145:Src/stm32f1xx_hal_msp.c **** 
 146:Src/stm32f1xx_hal_msp.c **** /**
 147:Src/stm32f1xx_hal_msp.c **** * @brief RTC MSP Initialization
 148:Src/stm32f1xx_hal_msp.c **** * This function configures the hardware resources used in this example
 149:Src/stm32f1xx_hal_msp.c **** * @param hrtc: RTC handle pointer
 150:Src/stm32f1xx_hal_msp.c **** * @retval None
 151:Src/stm32f1xx_hal_msp.c **** */
 152:Src/stm32f1xx_hal_msp.c **** void HAL_RTC_MspInit(RTC_HandleTypeDef* hrtc)
 153:Src/stm32f1xx_hal_msp.c **** {
 240              		.loc 1 153 0
 241              		.cfi_startproc
 242              		@ args = 0, pretend = 0, frame = 8
 243              		@ frame_needed = 0, uses_anonymous_args = 0
 244              	.LVL14:
 154:Src/stm32f1xx_hal_msp.c ****   if(hrtc->Instance==RTC)
 245              		.loc 1 154 0
 246 0000 0268     		ldr	r2, [r0]
 247 0002 0C4B     		ldr	r3, .L24
ARM GAS  /tmp/ccGxdsZw.s 			page 8


 248 0004 9A42     		cmp	r2, r3
 249 0006 00D0     		beq	.L23
 250 0008 7047     		bx	lr
 251              	.L23:
 153:Src/stm32f1xx_hal_msp.c ****   if(hrtc->Instance==RTC)
 252              		.loc 1 153 0
 253 000a 00B5     		push	{lr}
 254              	.LCFI8:
 255              		.cfi_def_cfa_offset 4
 256              		.cfi_offset 14, -4
 257 000c 83B0     		sub	sp, sp, #12
 258              	.LCFI9:
 259              		.cfi_def_cfa_offset 16
 155:Src/stm32f1xx_hal_msp.c ****   {
 156:Src/stm32f1xx_hal_msp.c ****   /* USER CODE BEGIN RTC_MspInit 0 */
 157:Src/stm32f1xx_hal_msp.c **** 
 158:Src/stm32f1xx_hal_msp.c ****   /* USER CODE END RTC_MspInit 0 */
 159:Src/stm32f1xx_hal_msp.c ****     HAL_PWR_EnableBkUpAccess();
 260              		.loc 1 159 0
 261 000e FFF7FEFF 		bl	HAL_PWR_EnableBkUpAccess
 262              	.LVL15:
 263              	.LBB7:
 160:Src/stm32f1xx_hal_msp.c ****     /* Enable BKP CLK enable for backup registers */
 161:Src/stm32f1xx_hal_msp.c ****     __HAL_RCC_BKP_CLK_ENABLE();
 264              		.loc 1 161 0
 265 0012 094B     		ldr	r3, .L24+4
 266 0014 DA69     		ldr	r2, [r3, #28]
 267 0016 42F00062 		orr	r2, r2, #134217728
 268 001a DA61     		str	r2, [r3, #28]
 269 001c DB69     		ldr	r3, [r3, #28]
 270 001e 03F00063 		and	r3, r3, #134217728
 271 0022 0193     		str	r3, [sp, #4]
 272 0024 019B     		ldr	r3, [sp, #4]
 273              	.LBE7:
 162:Src/stm32f1xx_hal_msp.c ****     /* Peripheral clock enable */
 163:Src/stm32f1xx_hal_msp.c ****     __HAL_RCC_RTC_ENABLE();
 274              		.loc 1 163 0
 275 0026 0122     		movs	r2, #1
 276 0028 044B     		ldr	r3, .L24+8
 277 002a 1A60     		str	r2, [r3]
 164:Src/stm32f1xx_hal_msp.c ****   /* USER CODE BEGIN RTC_MspInit 1 */
 165:Src/stm32f1xx_hal_msp.c **** 
 166:Src/stm32f1xx_hal_msp.c ****   /* USER CODE END RTC_MspInit 1 */
 167:Src/stm32f1xx_hal_msp.c ****   }
 168:Src/stm32f1xx_hal_msp.c **** 
 169:Src/stm32f1xx_hal_msp.c **** }
 278              		.loc 1 169 0
 279 002c 03B0     		add	sp, sp, #12
 280              	.LCFI10:
 281              		.cfi_def_cfa_offset 4
 282              		@ sp needed
 283 002e 5DF804FB 		ldr	pc, [sp], #4
 284              	.L25:
 285 0032 00BF     		.align	2
 286              	.L24:
 287 0034 00280040 		.word	1073752064
 288 0038 00100240 		.word	1073876992
ARM GAS  /tmp/ccGxdsZw.s 			page 9


 289 003c 3C044242 		.word	1111622716
 290              		.cfi_endproc
 291              	.LFE68:
 293              		.section	.text.HAL_RTC_MspDeInit,"ax",%progbits
 294              		.align	1
 295              		.global	HAL_RTC_MspDeInit
 296              		.syntax unified
 297              		.thumb
 298              		.thumb_func
 299              		.fpu softvfp
 301              	HAL_RTC_MspDeInit:
 302              	.LFB69:
 170:Src/stm32f1xx_hal_msp.c **** 
 171:Src/stm32f1xx_hal_msp.c **** /**
 172:Src/stm32f1xx_hal_msp.c **** * @brief RTC MSP De-Initialization
 173:Src/stm32f1xx_hal_msp.c **** * This function freeze the hardware resources used in this example
 174:Src/stm32f1xx_hal_msp.c **** * @param hrtc: RTC handle pointer
 175:Src/stm32f1xx_hal_msp.c **** * @retval None
 176:Src/stm32f1xx_hal_msp.c **** */
 177:Src/stm32f1xx_hal_msp.c **** void HAL_RTC_MspDeInit(RTC_HandleTypeDef* hrtc)
 178:Src/stm32f1xx_hal_msp.c **** {
 303              		.loc 1 178 0
 304              		.cfi_startproc
 305              		@ args = 0, pretend = 0, frame = 0
 306              		@ frame_needed = 0, uses_anonymous_args = 0
 307              		@ link register save eliminated.
 308              	.LVL16:
 179:Src/stm32f1xx_hal_msp.c ****   if(hrtc->Instance==RTC)
 309              		.loc 1 179 0
 310 0000 0268     		ldr	r2, [r0]
 311 0002 044B     		ldr	r3, .L29
 312 0004 9A42     		cmp	r2, r3
 313 0006 00D0     		beq	.L28
 314              	.L26:
 315 0008 7047     		bx	lr
 316              	.L28:
 180:Src/stm32f1xx_hal_msp.c ****   {
 181:Src/stm32f1xx_hal_msp.c ****   /* USER CODE BEGIN RTC_MspDeInit 0 */
 182:Src/stm32f1xx_hal_msp.c **** 
 183:Src/stm32f1xx_hal_msp.c ****   /* USER CODE END RTC_MspDeInit 0 */
 184:Src/stm32f1xx_hal_msp.c ****     /* Peripheral clock disable */
 185:Src/stm32f1xx_hal_msp.c ****     __HAL_RCC_RTC_DISABLE();
 317              		.loc 1 185 0
 318 000a 0022     		movs	r2, #0
 319 000c 024B     		ldr	r3, .L29+4
 320 000e 1A60     		str	r2, [r3]
 186:Src/stm32f1xx_hal_msp.c ****   /* USER CODE BEGIN RTC_MspDeInit 1 */
 187:Src/stm32f1xx_hal_msp.c **** 
 188:Src/stm32f1xx_hal_msp.c ****   /* USER CODE END RTC_MspDeInit 1 */
 189:Src/stm32f1xx_hal_msp.c ****   }
 190:Src/stm32f1xx_hal_msp.c **** 
 191:Src/stm32f1xx_hal_msp.c **** }
 321              		.loc 1 191 0
 322 0010 FAE7     		b	.L26
 323              	.L30:
 324 0012 00BF     		.align	2
 325              	.L29:
ARM GAS  /tmp/ccGxdsZw.s 			page 10


 326 0014 00280040 		.word	1073752064
 327 0018 3C044242 		.word	1111622716
 328              		.cfi_endproc
 329              	.LFE69:
 331              		.section	.text.HAL_SPI_MspInit,"ax",%progbits
 332              		.align	1
 333              		.global	HAL_SPI_MspInit
 334              		.syntax unified
 335              		.thumb
 336              		.thumb_func
 337              		.fpu softvfp
 339              	HAL_SPI_MspInit:
 340              	.LFB70:
 192:Src/stm32f1xx_hal_msp.c **** 
 193:Src/stm32f1xx_hal_msp.c **** /**
 194:Src/stm32f1xx_hal_msp.c **** * @brief SPI MSP Initialization
 195:Src/stm32f1xx_hal_msp.c **** * This function configures the hardware resources used in this example
 196:Src/stm32f1xx_hal_msp.c **** * @param hspi: SPI handle pointer
 197:Src/stm32f1xx_hal_msp.c **** * @retval None
 198:Src/stm32f1xx_hal_msp.c **** */
 199:Src/stm32f1xx_hal_msp.c **** void HAL_SPI_MspInit(SPI_HandleTypeDef* hspi)
 200:Src/stm32f1xx_hal_msp.c **** {
 341              		.loc 1 200 0
 342              		.cfi_startproc
 343              		@ args = 0, pretend = 0, frame = 24
 344              		@ frame_needed = 0, uses_anonymous_args = 0
 345              	.LVL17:
 346 0000 10B5     		push	{r4, lr}
 347              	.LCFI11:
 348              		.cfi_def_cfa_offset 8
 349              		.cfi_offset 4, -8
 350              		.cfi_offset 14, -4
 351 0002 86B0     		sub	sp, sp, #24
 352              	.LCFI12:
 353              		.cfi_def_cfa_offset 32
 201:Src/stm32f1xx_hal_msp.c ****   GPIO_InitTypeDef GPIO_InitStruct = {0};
 354              		.loc 1 201 0
 355 0004 0023     		movs	r3, #0
 356 0006 0293     		str	r3, [sp, #8]
 357 0008 0393     		str	r3, [sp, #12]
 358 000a 0493     		str	r3, [sp, #16]
 359 000c 0593     		str	r3, [sp, #20]
 202:Src/stm32f1xx_hal_msp.c ****   if(hspi->Instance==SPI1)
 360              		.loc 1 202 0
 361 000e 0268     		ldr	r2, [r0]
 362 0010 164B     		ldr	r3, .L35
 363 0012 9A42     		cmp	r2, r3
 364 0014 01D0     		beq	.L34
 365              	.LVL18:
 366              	.L31:
 203:Src/stm32f1xx_hal_msp.c ****   {
 204:Src/stm32f1xx_hal_msp.c ****   /* USER CODE BEGIN SPI1_MspInit 0 */
 205:Src/stm32f1xx_hal_msp.c **** 
 206:Src/stm32f1xx_hal_msp.c ****   /* USER CODE END SPI1_MspInit 0 */
 207:Src/stm32f1xx_hal_msp.c ****     /* Peripheral clock enable */
 208:Src/stm32f1xx_hal_msp.c ****     __HAL_RCC_SPI1_CLK_ENABLE();
 209:Src/stm32f1xx_hal_msp.c ****   
ARM GAS  /tmp/ccGxdsZw.s 			page 11


 210:Src/stm32f1xx_hal_msp.c ****     __HAL_RCC_GPIOA_CLK_ENABLE();
 211:Src/stm32f1xx_hal_msp.c ****     /**SPI1 GPIO Configuration    
 212:Src/stm32f1xx_hal_msp.c ****     PA5     ------> SPI1_SCK
 213:Src/stm32f1xx_hal_msp.c ****     PA6     ------> SPI1_MISO
 214:Src/stm32f1xx_hal_msp.c ****     PA7     ------> SPI1_MOSI 
 215:Src/stm32f1xx_hal_msp.c ****     */
 216:Src/stm32f1xx_hal_msp.c ****     GPIO_InitStruct.Pin = GPIO_PIN_5|GPIO_PIN_7;
 217:Src/stm32f1xx_hal_msp.c ****     GPIO_InitStruct.Mode = GPIO_MODE_AF_PP;
 218:Src/stm32f1xx_hal_msp.c ****     GPIO_InitStruct.Speed = GPIO_SPEED_FREQ_HIGH;
 219:Src/stm32f1xx_hal_msp.c ****     HAL_GPIO_Init(GPIOA, &GPIO_InitStruct);
 220:Src/stm32f1xx_hal_msp.c **** 
 221:Src/stm32f1xx_hal_msp.c ****     GPIO_InitStruct.Pin = GPIO_PIN_6;
 222:Src/stm32f1xx_hal_msp.c ****     GPIO_InitStruct.Mode = GPIO_MODE_INPUT;
 223:Src/stm32f1xx_hal_msp.c ****     GPIO_InitStruct.Pull = GPIO_NOPULL;
 224:Src/stm32f1xx_hal_msp.c ****     HAL_GPIO_Init(GPIOA, &GPIO_InitStruct);
 225:Src/stm32f1xx_hal_msp.c **** 
 226:Src/stm32f1xx_hal_msp.c ****   /* USER CODE BEGIN SPI1_MspInit 1 */
 227:Src/stm32f1xx_hal_msp.c **** 
 228:Src/stm32f1xx_hal_msp.c ****   /* USER CODE END SPI1_MspInit 1 */
 229:Src/stm32f1xx_hal_msp.c ****   }
 230:Src/stm32f1xx_hal_msp.c **** 
 231:Src/stm32f1xx_hal_msp.c **** }
 367              		.loc 1 231 0
 368 0016 06B0     		add	sp, sp, #24
 369              	.LCFI13:
 370              		.cfi_remember_state
 371              		.cfi_def_cfa_offset 8
 372              		@ sp needed
 373 0018 10BD     		pop	{r4, pc}
 374              	.LVL19:
 375              	.L34:
 376              	.LCFI14:
 377              		.cfi_restore_state
 378              	.LBB8:
 208:Src/stm32f1xx_hal_msp.c ****   
 379              		.loc 1 208 0
 380 001a 03F56043 		add	r3, r3, #57344
 381 001e 9A69     		ldr	r2, [r3, #24]
 382 0020 42F48052 		orr	r2, r2, #4096
 383 0024 9A61     		str	r2, [r3, #24]
 384 0026 9A69     		ldr	r2, [r3, #24]
 385 0028 02F48052 		and	r2, r2, #4096
 386 002c 0092     		str	r2, [sp]
 387 002e 009A     		ldr	r2, [sp]
 388              	.LBE8:
 389              	.LBB9:
 210:Src/stm32f1xx_hal_msp.c ****     /**SPI1 GPIO Configuration    
 390              		.loc 1 210 0
 391 0030 9A69     		ldr	r2, [r3, #24]
 392 0032 42F00402 		orr	r2, r2, #4
 393 0036 9A61     		str	r2, [r3, #24]
 394 0038 9B69     		ldr	r3, [r3, #24]
 395 003a 03F00403 		and	r3, r3, #4
 396 003e 0193     		str	r3, [sp, #4]
 397 0040 019B     		ldr	r3, [sp, #4]
 398              	.LBE9:
 216:Src/stm32f1xx_hal_msp.c ****     GPIO_InitStruct.Mode = GPIO_MODE_AF_PP;
ARM GAS  /tmp/ccGxdsZw.s 			page 12


 399              		.loc 1 216 0
 400 0042 A023     		movs	r3, #160
 401 0044 0293     		str	r3, [sp, #8]
 217:Src/stm32f1xx_hal_msp.c ****     GPIO_InitStruct.Speed = GPIO_SPEED_FREQ_HIGH;
 402              		.loc 1 217 0
 403 0046 0223     		movs	r3, #2
 404 0048 0393     		str	r3, [sp, #12]
 218:Src/stm32f1xx_hal_msp.c ****     HAL_GPIO_Init(GPIOA, &GPIO_InitStruct);
 405              		.loc 1 218 0
 406 004a 0323     		movs	r3, #3
 407 004c 0593     		str	r3, [sp, #20]
 219:Src/stm32f1xx_hal_msp.c **** 
 408              		.loc 1 219 0
 409 004e 084C     		ldr	r4, .L35+4
 410 0050 02A9     		add	r1, sp, #8
 411 0052 2046     		mov	r0, r4
 412              	.LVL20:
 413 0054 FFF7FEFF 		bl	HAL_GPIO_Init
 414              	.LVL21:
 221:Src/stm32f1xx_hal_msp.c ****     GPIO_InitStruct.Mode = GPIO_MODE_INPUT;
 415              		.loc 1 221 0
 416 0058 4023     		movs	r3, #64
 417 005a 0293     		str	r3, [sp, #8]
 222:Src/stm32f1xx_hal_msp.c ****     GPIO_InitStruct.Pull = GPIO_NOPULL;
 418              		.loc 1 222 0
 419 005c 0023     		movs	r3, #0
 420 005e 0393     		str	r3, [sp, #12]
 223:Src/stm32f1xx_hal_msp.c ****     HAL_GPIO_Init(GPIOA, &GPIO_InitStruct);
 421              		.loc 1 223 0
 422 0060 0493     		str	r3, [sp, #16]
 224:Src/stm32f1xx_hal_msp.c **** 
 423              		.loc 1 224 0
 424 0062 02A9     		add	r1, sp, #8
 425 0064 2046     		mov	r0, r4
 426 0066 FFF7FEFF 		bl	HAL_GPIO_Init
 427              	.LVL22:
 428              		.loc 1 231 0
 429 006a D4E7     		b	.L31
 430              	.L36:
 431              		.align	2
 432              	.L35:
 433 006c 00300140 		.word	1073819648
 434 0070 00080140 		.word	1073809408
 435              		.cfi_endproc
 436              	.LFE70:
 438              		.section	.text.HAL_SPI_MspDeInit,"ax",%progbits
 439              		.align	1
 440              		.global	HAL_SPI_MspDeInit
 441              		.syntax unified
 442              		.thumb
 443              		.thumb_func
 444              		.fpu softvfp
 446              	HAL_SPI_MspDeInit:
 447              	.LFB71:
 232:Src/stm32f1xx_hal_msp.c **** 
 233:Src/stm32f1xx_hal_msp.c **** /**
 234:Src/stm32f1xx_hal_msp.c **** * @brief SPI MSP De-Initialization
ARM GAS  /tmp/ccGxdsZw.s 			page 13


 235:Src/stm32f1xx_hal_msp.c **** * This function freeze the hardware resources used in this example
 236:Src/stm32f1xx_hal_msp.c **** * @param hspi: SPI handle pointer
 237:Src/stm32f1xx_hal_msp.c **** * @retval None
 238:Src/stm32f1xx_hal_msp.c **** */
 239:Src/stm32f1xx_hal_msp.c **** void HAL_SPI_MspDeInit(SPI_HandleTypeDef* hspi)
 240:Src/stm32f1xx_hal_msp.c **** {
 448              		.loc 1 240 0
 449              		.cfi_startproc
 450              		@ args = 0, pretend = 0, frame = 0
 451              		@ frame_needed = 0, uses_anonymous_args = 0
 452              	.LVL23:
 453 0000 08B5     		push	{r3, lr}
 454              	.LCFI15:
 455              		.cfi_def_cfa_offset 8
 456              		.cfi_offset 3, -8
 457              		.cfi_offset 14, -4
 241:Src/stm32f1xx_hal_msp.c ****   if(hspi->Instance==SPI1)
 458              		.loc 1 241 0
 459 0002 0268     		ldr	r2, [r0]
 460 0004 064B     		ldr	r3, .L41
 461 0006 9A42     		cmp	r2, r3
 462 0008 00D0     		beq	.L40
 463              	.LVL24:
 464              	.L37:
 465 000a 08BD     		pop	{r3, pc}
 466              	.LVL25:
 467              	.L40:
 242:Src/stm32f1xx_hal_msp.c ****   {
 243:Src/stm32f1xx_hal_msp.c ****   /* USER CODE BEGIN SPI1_MspDeInit 0 */
 244:Src/stm32f1xx_hal_msp.c **** 
 245:Src/stm32f1xx_hal_msp.c ****   /* USER CODE END SPI1_MspDeInit 0 */
 246:Src/stm32f1xx_hal_msp.c ****     /* Peripheral clock disable */
 247:Src/stm32f1xx_hal_msp.c ****     __HAL_RCC_SPI1_CLK_DISABLE();
 468              		.loc 1 247 0
 469 000c 054A     		ldr	r2, .L41+4
 470 000e 9369     		ldr	r3, [r2, #24]
 471 0010 23F48053 		bic	r3, r3, #4096
 472 0014 9361     		str	r3, [r2, #24]
 248:Src/stm32f1xx_hal_msp.c ****   
 249:Src/stm32f1xx_hal_msp.c ****     /**SPI1 GPIO Configuration    
 250:Src/stm32f1xx_hal_msp.c ****     PA5     ------> SPI1_SCK
 251:Src/stm32f1xx_hal_msp.c ****     PA6     ------> SPI1_MISO
 252:Src/stm32f1xx_hal_msp.c ****     PA7     ------> SPI1_MOSI 
 253:Src/stm32f1xx_hal_msp.c ****     */
 254:Src/stm32f1xx_hal_msp.c ****     HAL_GPIO_DeInit(GPIOA, GPIO_PIN_5|GPIO_PIN_6|GPIO_PIN_7);
 473              		.loc 1 254 0
 474 0016 E021     		movs	r1, #224
 475 0018 0348     		ldr	r0, .L41+8
 476              	.LVL26:
 477 001a FFF7FEFF 		bl	HAL_GPIO_DeInit
 478              	.LVL27:
 255:Src/stm32f1xx_hal_msp.c **** 
 256:Src/stm32f1xx_hal_msp.c ****   /* USER CODE BEGIN SPI1_MspDeInit 1 */
 257:Src/stm32f1xx_hal_msp.c **** 
 258:Src/stm32f1xx_hal_msp.c ****   /* USER CODE END SPI1_MspDeInit 1 */
 259:Src/stm32f1xx_hal_msp.c ****   }
 260:Src/stm32f1xx_hal_msp.c **** 
ARM GAS  /tmp/ccGxdsZw.s 			page 14


 261:Src/stm32f1xx_hal_msp.c **** }
 479              		.loc 1 261 0
 480 001e F4E7     		b	.L37
 481              	.L42:
 482              		.align	2
 483              	.L41:
 484 0020 00300140 		.word	1073819648
 485 0024 00100240 		.word	1073876992
 486 0028 00080140 		.word	1073809408
 487              		.cfi_endproc
 488              	.LFE71:
 490              		.section	.text.HAL_UART_MspInit,"ax",%progbits
 491              		.align	1
 492              		.global	HAL_UART_MspInit
 493              		.syntax unified
 494              		.thumb
 495              		.thumb_func
 496              		.fpu softvfp
 498              	HAL_UART_MspInit:
 499              	.LFB72:
 262:Src/stm32f1xx_hal_msp.c **** 
 263:Src/stm32f1xx_hal_msp.c **** /**
 264:Src/stm32f1xx_hal_msp.c **** * @brief UART MSP Initialization
 265:Src/stm32f1xx_hal_msp.c **** * This function configures the hardware resources used in this example
 266:Src/stm32f1xx_hal_msp.c **** * @param huart: UART handle pointer
 267:Src/stm32f1xx_hal_msp.c **** * @retval None
 268:Src/stm32f1xx_hal_msp.c **** */
 269:Src/stm32f1xx_hal_msp.c **** void HAL_UART_MspInit(UART_HandleTypeDef* huart)
 270:Src/stm32f1xx_hal_msp.c **** {
 500              		.loc 1 270 0
 501              		.cfi_startproc
 502              		@ args = 0, pretend = 0, frame = 24
 503              		@ frame_needed = 0, uses_anonymous_args = 0
 504              	.LVL28:
 505 0000 10B5     		push	{r4, lr}
 506              	.LCFI16:
 507              		.cfi_def_cfa_offset 8
 508              		.cfi_offset 4, -8
 509              		.cfi_offset 14, -4
 510 0002 86B0     		sub	sp, sp, #24
 511              	.LCFI17:
 512              		.cfi_def_cfa_offset 32
 271:Src/stm32f1xx_hal_msp.c ****   GPIO_InitTypeDef GPIO_InitStruct = {0};
 513              		.loc 1 271 0
 514 0004 0023     		movs	r3, #0
 515 0006 0293     		str	r3, [sp, #8]
 516 0008 0393     		str	r3, [sp, #12]
 517 000a 0493     		str	r3, [sp, #16]
 518 000c 0593     		str	r3, [sp, #20]
 272:Src/stm32f1xx_hal_msp.c ****   if(huart->Instance==USART1)
 519              		.loc 1 272 0
 520 000e 0268     		ldr	r2, [r0]
 521 0010 174B     		ldr	r3, .L47
 522 0012 9A42     		cmp	r2, r3
 523 0014 01D0     		beq	.L46
 524              	.LVL29:
 525              	.L43:
ARM GAS  /tmp/ccGxdsZw.s 			page 15


 273:Src/stm32f1xx_hal_msp.c ****   {
 274:Src/stm32f1xx_hal_msp.c ****   /* USER CODE BEGIN USART1_MspInit 0 */
 275:Src/stm32f1xx_hal_msp.c **** 
 276:Src/stm32f1xx_hal_msp.c ****   /* USER CODE END USART1_MspInit 0 */
 277:Src/stm32f1xx_hal_msp.c ****     /* Peripheral clock enable */
 278:Src/stm32f1xx_hal_msp.c ****     __HAL_RCC_USART1_CLK_ENABLE();
 279:Src/stm32f1xx_hal_msp.c ****   
 280:Src/stm32f1xx_hal_msp.c ****     __HAL_RCC_GPIOA_CLK_ENABLE();
 281:Src/stm32f1xx_hal_msp.c ****     /**USART1 GPIO Configuration    
 282:Src/stm32f1xx_hal_msp.c ****     PA9     ------> USART1_TX
 283:Src/stm32f1xx_hal_msp.c ****     PA10     ------> USART1_RX 
 284:Src/stm32f1xx_hal_msp.c ****     */
 285:Src/stm32f1xx_hal_msp.c ****     GPIO_InitStruct.Pin = GPIO_PIN_9;
 286:Src/stm32f1xx_hal_msp.c ****     GPIO_InitStruct.Mode = GPIO_MODE_AF_PP;
 287:Src/stm32f1xx_hal_msp.c ****     GPIO_InitStruct.Speed = GPIO_SPEED_FREQ_HIGH;
 288:Src/stm32f1xx_hal_msp.c ****     HAL_GPIO_Init(GPIOA, &GPIO_InitStruct);
 289:Src/stm32f1xx_hal_msp.c **** 
 290:Src/stm32f1xx_hal_msp.c ****     GPIO_InitStruct.Pin = GPIO_PIN_10;
 291:Src/stm32f1xx_hal_msp.c ****     GPIO_InitStruct.Mode = GPIO_MODE_INPUT;
 292:Src/stm32f1xx_hal_msp.c ****     GPIO_InitStruct.Pull = GPIO_NOPULL;
 293:Src/stm32f1xx_hal_msp.c ****     HAL_GPIO_Init(GPIOA, &GPIO_InitStruct);
 294:Src/stm32f1xx_hal_msp.c **** 
 295:Src/stm32f1xx_hal_msp.c ****   /* USER CODE BEGIN USART1_MspInit 1 */
 296:Src/stm32f1xx_hal_msp.c **** 
 297:Src/stm32f1xx_hal_msp.c ****   /* USER CODE END USART1_MspInit 1 */
 298:Src/stm32f1xx_hal_msp.c ****   }
 299:Src/stm32f1xx_hal_msp.c **** 
 300:Src/stm32f1xx_hal_msp.c **** }
 526              		.loc 1 300 0
 527 0016 06B0     		add	sp, sp, #24
 528              	.LCFI18:
 529              		.cfi_remember_state
 530              		.cfi_def_cfa_offset 8
 531              		@ sp needed
 532 0018 10BD     		pop	{r4, pc}
 533              	.LVL30:
 534              	.L46:
 535              	.LCFI19:
 536              		.cfi_restore_state
 537              	.LBB10:
 278:Src/stm32f1xx_hal_msp.c ****   
 538              		.loc 1 278 0
 539 001a 03F55843 		add	r3, r3, #55296
 540 001e 9A69     		ldr	r2, [r3, #24]
 541 0020 42F48042 		orr	r2, r2, #16384
 542 0024 9A61     		str	r2, [r3, #24]
 543 0026 9A69     		ldr	r2, [r3, #24]
 544 0028 02F48042 		and	r2, r2, #16384
 545 002c 0092     		str	r2, [sp]
 546 002e 009A     		ldr	r2, [sp]
 547              	.LBE10:
 548              	.LBB11:
 280:Src/stm32f1xx_hal_msp.c ****     /**USART1 GPIO Configuration    
 549              		.loc 1 280 0
 550 0030 9A69     		ldr	r2, [r3, #24]
 551 0032 42F00402 		orr	r2, r2, #4
 552 0036 9A61     		str	r2, [r3, #24]
ARM GAS  /tmp/ccGxdsZw.s 			page 16


 553 0038 9B69     		ldr	r3, [r3, #24]
 554 003a 03F00403 		and	r3, r3, #4
 555 003e 0193     		str	r3, [sp, #4]
 556 0040 019B     		ldr	r3, [sp, #4]
 557              	.LBE11:
 285:Src/stm32f1xx_hal_msp.c ****     GPIO_InitStruct.Mode = GPIO_MODE_AF_PP;
 558              		.loc 1 285 0
 559 0042 4FF40073 		mov	r3, #512
 560 0046 0293     		str	r3, [sp, #8]
 286:Src/stm32f1xx_hal_msp.c ****     GPIO_InitStruct.Speed = GPIO_SPEED_FREQ_HIGH;
 561              		.loc 1 286 0
 562 0048 0223     		movs	r3, #2
 563 004a 0393     		str	r3, [sp, #12]
 287:Src/stm32f1xx_hal_msp.c ****     HAL_GPIO_Init(GPIOA, &GPIO_InitStruct);
 564              		.loc 1 287 0
 565 004c 0323     		movs	r3, #3
 566 004e 0593     		str	r3, [sp, #20]
 288:Src/stm32f1xx_hal_msp.c **** 
 567              		.loc 1 288 0
 568 0050 084C     		ldr	r4, .L47+4
 569 0052 02A9     		add	r1, sp, #8
 570 0054 2046     		mov	r0, r4
 571              	.LVL31:
 572 0056 FFF7FEFF 		bl	HAL_GPIO_Init
 573              	.LVL32:
 290:Src/stm32f1xx_hal_msp.c ****     GPIO_InitStruct.Mode = GPIO_MODE_INPUT;
 574              		.loc 1 290 0
 575 005a 4FF48063 		mov	r3, #1024
 576 005e 0293     		str	r3, [sp, #8]
 291:Src/stm32f1xx_hal_msp.c ****     GPIO_InitStruct.Pull = GPIO_NOPULL;
 577              		.loc 1 291 0
 578 0060 0023     		movs	r3, #0
 579 0062 0393     		str	r3, [sp, #12]
 292:Src/stm32f1xx_hal_msp.c ****     HAL_GPIO_Init(GPIOA, &GPIO_InitStruct);
 580              		.loc 1 292 0
 581 0064 0493     		str	r3, [sp, #16]
 293:Src/stm32f1xx_hal_msp.c **** 
 582              		.loc 1 293 0
 583 0066 02A9     		add	r1, sp, #8
 584 0068 2046     		mov	r0, r4
 585 006a FFF7FEFF 		bl	HAL_GPIO_Init
 586              	.LVL33:
 587              		.loc 1 300 0
 588 006e D2E7     		b	.L43
 589              	.L48:
 590              		.align	2
 591              	.L47:
 592 0070 00380140 		.word	1073821696
 593 0074 00080140 		.word	1073809408
 594              		.cfi_endproc
 595              	.LFE72:
 597              		.section	.text.HAL_UART_MspDeInit,"ax",%progbits
 598              		.align	1
 599              		.global	HAL_UART_MspDeInit
 600              		.syntax unified
 601              		.thumb
 602              		.thumb_func
ARM GAS  /tmp/ccGxdsZw.s 			page 17


 603              		.fpu softvfp
 605              	HAL_UART_MspDeInit:
 606              	.LFB73:
 301:Src/stm32f1xx_hal_msp.c **** 
 302:Src/stm32f1xx_hal_msp.c **** /**
 303:Src/stm32f1xx_hal_msp.c **** * @brief UART MSP De-Initialization
 304:Src/stm32f1xx_hal_msp.c **** * This function freeze the hardware resources used in this example
 305:Src/stm32f1xx_hal_msp.c **** * @param huart: UART handle pointer
 306:Src/stm32f1xx_hal_msp.c **** * @retval None
 307:Src/stm32f1xx_hal_msp.c **** */
 308:Src/stm32f1xx_hal_msp.c **** void HAL_UART_MspDeInit(UART_HandleTypeDef* huart)
 309:Src/stm32f1xx_hal_msp.c **** {
 607              		.loc 1 309 0
 608              		.cfi_startproc
 609              		@ args = 0, pretend = 0, frame = 0
 610              		@ frame_needed = 0, uses_anonymous_args = 0
 611              	.LVL34:
 612 0000 08B5     		push	{r3, lr}
 613              	.LCFI20:
 614              		.cfi_def_cfa_offset 8
 615              		.cfi_offset 3, -8
 616              		.cfi_offset 14, -4
 310:Src/stm32f1xx_hal_msp.c ****   if(huart->Instance==USART1)
 617              		.loc 1 310 0
 618 0002 0268     		ldr	r2, [r0]
 619 0004 074B     		ldr	r3, .L53
 620 0006 9A42     		cmp	r2, r3
 621 0008 00D0     		beq	.L52
 622              	.LVL35:
 623              	.L49:
 624 000a 08BD     		pop	{r3, pc}
 625              	.LVL36:
 626              	.L52:
 311:Src/stm32f1xx_hal_msp.c ****   {
 312:Src/stm32f1xx_hal_msp.c ****   /* USER CODE BEGIN USART1_MspDeInit 0 */
 313:Src/stm32f1xx_hal_msp.c **** 
 314:Src/stm32f1xx_hal_msp.c ****   /* USER CODE END USART1_MspDeInit 0 */
 315:Src/stm32f1xx_hal_msp.c ****     /* Peripheral clock disable */
 316:Src/stm32f1xx_hal_msp.c ****     __HAL_RCC_USART1_CLK_DISABLE();
 627              		.loc 1 316 0
 628 000c 064A     		ldr	r2, .L53+4
 629 000e 9369     		ldr	r3, [r2, #24]
 630 0010 23F48043 		bic	r3, r3, #16384
 631 0014 9361     		str	r3, [r2, #24]
 317:Src/stm32f1xx_hal_msp.c ****   
 318:Src/stm32f1xx_hal_msp.c ****     /**USART1 GPIO Configuration    
 319:Src/stm32f1xx_hal_msp.c ****     PA9     ------> USART1_TX
 320:Src/stm32f1xx_hal_msp.c ****     PA10     ------> USART1_RX 
 321:Src/stm32f1xx_hal_msp.c ****     */
 322:Src/stm32f1xx_hal_msp.c ****     HAL_GPIO_DeInit(GPIOA, GPIO_PIN_9|GPIO_PIN_10);
 632              		.loc 1 322 0
 633 0016 4FF4C061 		mov	r1, #1536
 634 001a 0448     		ldr	r0, .L53+8
 635              	.LVL37:
 636 001c FFF7FEFF 		bl	HAL_GPIO_DeInit
 637              	.LVL38:
 323:Src/stm32f1xx_hal_msp.c **** 
ARM GAS  /tmp/ccGxdsZw.s 			page 18


 324:Src/stm32f1xx_hal_msp.c ****   /* USER CODE BEGIN USART1_MspDeInit 1 */
 325:Src/stm32f1xx_hal_msp.c **** 
 326:Src/stm32f1xx_hal_msp.c ****   /* USER CODE END USART1_MspDeInit 1 */
 327:Src/stm32f1xx_hal_msp.c ****   }
 328:Src/stm32f1xx_hal_msp.c **** 
 329:Src/stm32f1xx_hal_msp.c **** }
 638              		.loc 1 329 0
 639 0020 F3E7     		b	.L49
 640              	.L54:
 641 0022 00BF     		.align	2
 642              	.L53:
 643 0024 00380140 		.word	1073821696
 644 0028 00100240 		.word	1073876992
 645 002c 00080140 		.word	1073809408
 646              		.cfi_endproc
 647              	.LFE73:
 649              		.text
 650              	.Letext0:
 651              		.file 2 "/usr/include/newlib/machine/_default_types.h"
 652              		.file 3 "/usr/include/newlib/sys/_stdint.h"
 653              		.file 4 "Drivers/CMSIS/Include/core_cm3.h"
 654              		.file 5 "Drivers/CMSIS/Device/ST/STM32F1xx/Include/system_stm32f1xx.h"
 655              		.file 6 "Drivers/CMSIS/Device/ST/STM32F1xx/Include/stm32f103xb.h"
 656              		.file 7 "Drivers/CMSIS/Device/ST/STM32F1xx/Include/stm32f1xx.h"
 657              		.file 8 "Drivers/STM32F1xx_HAL_Driver/Inc/stm32f1xx_hal_def.h"
 658              		.file 9 "Drivers/STM32F1xx_HAL_Driver/Inc/stm32f1xx_hal_gpio.h"
 659              		.file 10 "Drivers/STM32F1xx_HAL_Driver/Inc/stm32f1xx_hal_dma.h"
 660              		.file 11 "Drivers/STM32F1xx_HAL_Driver/Inc/stm32f1xx_hal_adc.h"
 661              		.file 12 "Drivers/STM32F1xx_HAL_Driver/Inc/stm32f1xx_hal_rtc.h"
 662              		.file 13 "Drivers/STM32F1xx_HAL_Driver/Inc/stm32f1xx_hal_spi.h"
 663              		.file 14 "Drivers/STM32F1xx_HAL_Driver/Inc/stm32f1xx_hal_uart.h"
 664              		.file 15 "Drivers/STM32F1xx_HAL_Driver/Inc/stm32f1xx_hal.h"
 665              		.file 16 "Drivers/STM32F1xx_HAL_Driver/Inc/stm32f1xx_hal_pwr.h"
 666              		.file 17 "Drivers/STM32F1xx_HAL_Driver/Inc/stm32f1xx_hal_cortex.h"
ARM GAS  /tmp/ccGxdsZw.s 			page 19


DEFINED SYMBOLS
                            *ABS*:0000000000000000 stm32f1xx_hal_msp.c
     /tmp/ccGxdsZw.s:16     .text.HAL_MspInit:0000000000000000 $t
     /tmp/ccGxdsZw.s:23     .text.HAL_MspInit:0000000000000000 HAL_MspInit
     /tmp/ccGxdsZw.s:84     .text.HAL_MspInit:000000000000004c $d
     /tmp/ccGxdsZw.s:90     .text.HAL_ADC_MspInit:0000000000000000 $t
     /tmp/ccGxdsZw.s:97     .text.HAL_ADC_MspInit:0000000000000000 HAL_ADC_MspInit
     /tmp/ccGxdsZw.s:173    .text.HAL_ADC_MspInit:0000000000000058 $d
     /tmp/ccGxdsZw.s:179    .text.HAL_ADC_MspDeInit:0000000000000000 $t
     /tmp/ccGxdsZw.s:186    .text.HAL_ADC_MspDeInit:0000000000000000 HAL_ADC_MspDeInit
     /tmp/ccGxdsZw.s:224    .text.HAL_ADC_MspDeInit:0000000000000020 $d
     /tmp/ccGxdsZw.s:231    .text.HAL_RTC_MspInit:0000000000000000 $t
     /tmp/ccGxdsZw.s:238    .text.HAL_RTC_MspInit:0000000000000000 HAL_RTC_MspInit
     /tmp/ccGxdsZw.s:287    .text.HAL_RTC_MspInit:0000000000000034 $d
     /tmp/ccGxdsZw.s:294    .text.HAL_RTC_MspDeInit:0000000000000000 $t
     /tmp/ccGxdsZw.s:301    .text.HAL_RTC_MspDeInit:0000000000000000 HAL_RTC_MspDeInit
     /tmp/ccGxdsZw.s:326    .text.HAL_RTC_MspDeInit:0000000000000014 $d
     /tmp/ccGxdsZw.s:332    .text.HAL_SPI_MspInit:0000000000000000 $t
     /tmp/ccGxdsZw.s:339    .text.HAL_SPI_MspInit:0000000000000000 HAL_SPI_MspInit
     /tmp/ccGxdsZw.s:433    .text.HAL_SPI_MspInit:000000000000006c $d
     /tmp/ccGxdsZw.s:439    .text.HAL_SPI_MspDeInit:0000000000000000 $t
     /tmp/ccGxdsZw.s:446    .text.HAL_SPI_MspDeInit:0000000000000000 HAL_SPI_MspDeInit
     /tmp/ccGxdsZw.s:484    .text.HAL_SPI_MspDeInit:0000000000000020 $d
     /tmp/ccGxdsZw.s:491    .text.HAL_UART_MspInit:0000000000000000 $t
     /tmp/ccGxdsZw.s:498    .text.HAL_UART_MspInit:0000000000000000 HAL_UART_MspInit
     /tmp/ccGxdsZw.s:592    .text.HAL_UART_MspInit:0000000000000070 $d
     /tmp/ccGxdsZw.s:598    .text.HAL_UART_MspDeInit:0000000000000000 $t
     /tmp/ccGxdsZw.s:605    .text.HAL_UART_MspDeInit:0000000000000000 HAL_UART_MspDeInit
     /tmp/ccGxdsZw.s:643    .text.HAL_UART_MspDeInit:0000000000000024 $d
                     .debug_frame:0000000000000010 $d

UNDEFINED SYMBOLS
HAL_NVIC_SetPriority
HAL_GPIO_Init
HAL_GPIO_DeInit
HAL_PWR_EnableBkUpAccess
