ARM GAS  /tmp/cc0JwARi.s 			page 1


   1              		.cpu cortex-m3
   2              		.eabi_attribute 20, 1
   3              		.eabi_attribute 21, 1
   4              		.eabi_attribute 23, 3
   5              		.eabi_attribute 24, 1
   6              		.eabi_attribute 25, 1
   7              		.eabi_attribute 26, 1
   8              		.eabi_attribute 30, 1
   9              		.eabi_attribute 34, 1
  10              		.eabi_attribute 18, 4
  11              		.file	"stm32f1xx_it.c"
  12              		.text
  13              	.Ltext0:
  14              		.cfi_sections	.debug_frame
  15              		.section	.text.NMI_Handler,"ax",%progbits
  16              		.align	1
  17              		.global	NMI_Handler
  18              		.syntax unified
  19              		.thumb
  20              		.thumb_func
  21              		.fpu softvfp
  23              	NMI_Handler:
  24              	.LFB69:
  25              		.file 1 "Src/stm32f1xx_it.c"
   1:Src/stm32f1xx_it.c **** /* USER CODE BEGIN Header */
   2:Src/stm32f1xx_it.c **** /**
   3:Src/stm32f1xx_it.c ****   ******************************************************************************
   4:Src/stm32f1xx_it.c ****   * @file    stm32f1xx_it.c
   5:Src/stm32f1xx_it.c ****   * @brief   Interrupt Service Routines.
   6:Src/stm32f1xx_it.c ****   ******************************************************************************
   7:Src/stm32f1xx_it.c ****   * @attention
   8:Src/stm32f1xx_it.c ****   *
   9:Src/stm32f1xx_it.c ****   * <h2><center>&copy; Copyright (c) 2020 STMicroelectronics.
  10:Src/stm32f1xx_it.c ****   * All rights reserved.</center></h2>
  11:Src/stm32f1xx_it.c ****   *
  12:Src/stm32f1xx_it.c ****   * This software component is licensed by ST under Ultimate Liberty license
  13:Src/stm32f1xx_it.c ****   * SLA0044, the "License"; You may not use this file except in compliance with
  14:Src/stm32f1xx_it.c ****   * the License. You may obtain a copy of the License at:
  15:Src/stm32f1xx_it.c ****   *                             www.st.com/SLA0044
  16:Src/stm32f1xx_it.c ****   *
  17:Src/stm32f1xx_it.c ****   ******************************************************************************
  18:Src/stm32f1xx_it.c ****   */
  19:Src/stm32f1xx_it.c **** /* USER CODE END Header */
  20:Src/stm32f1xx_it.c **** 
  21:Src/stm32f1xx_it.c **** /* Includes ------------------------------------------------------------------*/
  22:Src/stm32f1xx_it.c **** #include "main.h"
  23:Src/stm32f1xx_it.c **** #include "stm32f1xx_it.h"
  24:Src/stm32f1xx_it.c **** #include "FreeRTOS.h"
  25:Src/stm32f1xx_it.c **** #include "task.h"
  26:Src/stm32f1xx_it.c **** /* Private includes ----------------------------------------------------------*/
  27:Src/stm32f1xx_it.c **** /* USER CODE BEGIN Includes */
  28:Src/stm32f1xx_it.c **** /* USER CODE END Includes */
  29:Src/stm32f1xx_it.c **** 
  30:Src/stm32f1xx_it.c **** /* Private typedef -----------------------------------------------------------*/
  31:Src/stm32f1xx_it.c **** /* USER CODE BEGIN TD */
  32:Src/stm32f1xx_it.c **** 
  33:Src/stm32f1xx_it.c **** /* USER CODE END TD */
ARM GAS  /tmp/cc0JwARi.s 			page 2


  34:Src/stm32f1xx_it.c **** 
  35:Src/stm32f1xx_it.c **** /* Private define ------------------------------------------------------------*/
  36:Src/stm32f1xx_it.c **** /* USER CODE BEGIN PD */
  37:Src/stm32f1xx_it.c ****  
  38:Src/stm32f1xx_it.c **** /* USER CODE END PD */
  39:Src/stm32f1xx_it.c **** 
  40:Src/stm32f1xx_it.c **** /* Private macro -------------------------------------------------------------*/
  41:Src/stm32f1xx_it.c **** /* USER CODE BEGIN PM */
  42:Src/stm32f1xx_it.c **** 
  43:Src/stm32f1xx_it.c **** /* USER CODE END PM */
  44:Src/stm32f1xx_it.c **** 
  45:Src/stm32f1xx_it.c **** /* Private variables ---------------------------------------------------------*/
  46:Src/stm32f1xx_it.c **** /* USER CODE BEGIN PV */
  47:Src/stm32f1xx_it.c **** 
  48:Src/stm32f1xx_it.c **** /* USER CODE END PV */
  49:Src/stm32f1xx_it.c **** 
  50:Src/stm32f1xx_it.c **** /* Private function prototypes -----------------------------------------------*/
  51:Src/stm32f1xx_it.c **** /* USER CODE BEGIN PFP */
  52:Src/stm32f1xx_it.c **** 
  53:Src/stm32f1xx_it.c **** /* USER CODE END PFP */
  54:Src/stm32f1xx_it.c **** 
  55:Src/stm32f1xx_it.c **** /* Private user code ---------------------------------------------------------*/
  56:Src/stm32f1xx_it.c **** /* USER CODE BEGIN 0 */
  57:Src/stm32f1xx_it.c **** 
  58:Src/stm32f1xx_it.c **** /* USER CODE END 0 */
  59:Src/stm32f1xx_it.c **** 
  60:Src/stm32f1xx_it.c **** /* External variables --------------------------------------------------------*/
  61:Src/stm32f1xx_it.c **** extern UART_HandleTypeDef huart1;
  62:Src/stm32f1xx_it.c **** extern TIM_HandleTypeDef htim1;
  63:Src/stm32f1xx_it.c **** 
  64:Src/stm32f1xx_it.c **** /* USER CODE BEGIN EV */
  65:Src/stm32f1xx_it.c **** 
  66:Src/stm32f1xx_it.c **** /* USER CODE END EV */
  67:Src/stm32f1xx_it.c **** 
  68:Src/stm32f1xx_it.c **** /******************************************************************************/
  69:Src/stm32f1xx_it.c **** /*           Cortex-M3 Processor Interruption and Exception Handlers          */ 
  70:Src/stm32f1xx_it.c **** /******************************************************************************/
  71:Src/stm32f1xx_it.c **** /**
  72:Src/stm32f1xx_it.c ****   * @brief This function handles Non maskable interrupt.
  73:Src/stm32f1xx_it.c ****   */
  74:Src/stm32f1xx_it.c **** void NMI_Handler(void)
  75:Src/stm32f1xx_it.c **** {
  26              		.loc 1 75 0
  27              		.cfi_startproc
  28              		@ args = 0, pretend = 0, frame = 0
  29              		@ frame_needed = 0, uses_anonymous_args = 0
  30              		@ link register save eliminated.
  31 0000 7047     		bx	lr
  32              		.cfi_endproc
  33              	.LFE69:
  35              		.section	.text.HardFault_Handler,"ax",%progbits
  36              		.align	1
  37              		.global	HardFault_Handler
  38              		.syntax unified
  39              		.thumb
  40              		.thumb_func
  41              		.fpu softvfp
ARM GAS  /tmp/cc0JwARi.s 			page 3


  43              	HardFault_Handler:
  44              	.LFB70:
  76:Src/stm32f1xx_it.c ****   /* USER CODE BEGIN NonMaskableInt_IRQn 0 */
  77:Src/stm32f1xx_it.c **** 
  78:Src/stm32f1xx_it.c ****   /* USER CODE END NonMaskableInt_IRQn 0 */
  79:Src/stm32f1xx_it.c ****   /* USER CODE BEGIN NonMaskableInt_IRQn 1 */
  80:Src/stm32f1xx_it.c **** 
  81:Src/stm32f1xx_it.c ****   /* USER CODE END NonMaskableInt_IRQn 1 */
  82:Src/stm32f1xx_it.c **** }
  83:Src/stm32f1xx_it.c **** 
  84:Src/stm32f1xx_it.c **** /**
  85:Src/stm32f1xx_it.c ****   * @brief This function handles Hard fault interrupt.
  86:Src/stm32f1xx_it.c ****   */
  87:Src/stm32f1xx_it.c **** void HardFault_Handler(void)
  88:Src/stm32f1xx_it.c **** {
  45              		.loc 1 88 0
  46              		.cfi_startproc
  47              		@ Volatile: function does not return.
  48              		@ args = 0, pretend = 0, frame = 0
  49              		@ frame_needed = 0, uses_anonymous_args = 0
  50              		@ link register save eliminated.
  51              	.L3:
  52 0000 FEE7     		b	.L3
  53              		.cfi_endproc
  54              	.LFE70:
  56              		.section	.text.MemManage_Handler,"ax",%progbits
  57              		.align	1
  58              		.global	MemManage_Handler
  59              		.syntax unified
  60              		.thumb
  61              		.thumb_func
  62              		.fpu softvfp
  64              	MemManage_Handler:
  65              	.LFB71:
  89:Src/stm32f1xx_it.c ****   /* USER CODE BEGIN HardFault_IRQn 0 */
  90:Src/stm32f1xx_it.c **** 
  91:Src/stm32f1xx_it.c ****   /* USER CODE END HardFault_IRQn 0 */
  92:Src/stm32f1xx_it.c ****   while (1)
  93:Src/stm32f1xx_it.c ****   {
  94:Src/stm32f1xx_it.c ****     /* USER CODE BEGIN W1_HardFault_IRQn 0 */
  95:Src/stm32f1xx_it.c ****     /* USER CODE END W1_HardFault_IRQn 0 */
  96:Src/stm32f1xx_it.c ****   }
  97:Src/stm32f1xx_it.c **** }
  98:Src/stm32f1xx_it.c **** 
  99:Src/stm32f1xx_it.c **** /**
 100:Src/stm32f1xx_it.c ****   * @brief This function handles Memory management fault.
 101:Src/stm32f1xx_it.c ****   */
 102:Src/stm32f1xx_it.c **** void MemManage_Handler(void)
 103:Src/stm32f1xx_it.c **** {
  66              		.loc 1 103 0
  67              		.cfi_startproc
  68              		@ Volatile: function does not return.
  69              		@ args = 0, pretend = 0, frame = 0
  70              		@ frame_needed = 0, uses_anonymous_args = 0
  71              		@ link register save eliminated.
  72              	.L5:
  73 0000 FEE7     		b	.L5
ARM GAS  /tmp/cc0JwARi.s 			page 4


  74              		.cfi_endproc
  75              	.LFE71:
  77              		.section	.text.BusFault_Handler,"ax",%progbits
  78              		.align	1
  79              		.global	BusFault_Handler
  80              		.syntax unified
  81              		.thumb
  82              		.thumb_func
  83              		.fpu softvfp
  85              	BusFault_Handler:
  86              	.LFB72:
 104:Src/stm32f1xx_it.c ****   /* USER CODE BEGIN MemoryManagement_IRQn 0 */
 105:Src/stm32f1xx_it.c **** 
 106:Src/stm32f1xx_it.c ****   /* USER CODE END MemoryManagement_IRQn 0 */
 107:Src/stm32f1xx_it.c ****   while (1)
 108:Src/stm32f1xx_it.c ****   {
 109:Src/stm32f1xx_it.c ****     /* USER CODE BEGIN W1_MemoryManagement_IRQn 0 */
 110:Src/stm32f1xx_it.c ****     /* USER CODE END W1_MemoryManagement_IRQn 0 */
 111:Src/stm32f1xx_it.c ****   }
 112:Src/stm32f1xx_it.c **** }
 113:Src/stm32f1xx_it.c **** 
 114:Src/stm32f1xx_it.c **** /**
 115:Src/stm32f1xx_it.c ****   * @brief This function handles Prefetch fault, memory access fault.
 116:Src/stm32f1xx_it.c ****   */
 117:Src/stm32f1xx_it.c **** void BusFault_Handler(void)
 118:Src/stm32f1xx_it.c **** {
  87              		.loc 1 118 0
  88              		.cfi_startproc
  89              		@ Volatile: function does not return.
  90              		@ args = 0, pretend = 0, frame = 0
  91              		@ frame_needed = 0, uses_anonymous_args = 0
  92              		@ link register save eliminated.
  93              	.L7:
  94 0000 FEE7     		b	.L7
  95              		.cfi_endproc
  96              	.LFE72:
  98              		.section	.text.UsageFault_Handler,"ax",%progbits
  99              		.align	1
 100              		.global	UsageFault_Handler
 101              		.syntax unified
 102              		.thumb
 103              		.thumb_func
 104              		.fpu softvfp
 106              	UsageFault_Handler:
 107              	.LFB73:
 119:Src/stm32f1xx_it.c ****   /* USER CODE BEGIN BusFault_IRQn 0 */
 120:Src/stm32f1xx_it.c **** 
 121:Src/stm32f1xx_it.c ****   /* USER CODE END BusFault_IRQn 0 */
 122:Src/stm32f1xx_it.c ****   while (1)
 123:Src/stm32f1xx_it.c ****   {
 124:Src/stm32f1xx_it.c ****     /* USER CODE BEGIN W1_BusFault_IRQn 0 */
 125:Src/stm32f1xx_it.c ****     /* USER CODE END W1_BusFault_IRQn 0 */
 126:Src/stm32f1xx_it.c ****   }
 127:Src/stm32f1xx_it.c **** }
 128:Src/stm32f1xx_it.c **** 
 129:Src/stm32f1xx_it.c **** /**
 130:Src/stm32f1xx_it.c ****   * @brief This function handles Undefined instruction or illegal state.
ARM GAS  /tmp/cc0JwARi.s 			page 5


 131:Src/stm32f1xx_it.c ****   */
 132:Src/stm32f1xx_it.c **** void UsageFault_Handler(void)
 133:Src/stm32f1xx_it.c **** {
 108              		.loc 1 133 0
 109              		.cfi_startproc
 110              		@ Volatile: function does not return.
 111              		@ args = 0, pretend = 0, frame = 0
 112              		@ frame_needed = 0, uses_anonymous_args = 0
 113              		@ link register save eliminated.
 114              	.L9:
 115 0000 FEE7     		b	.L9
 116              		.cfi_endproc
 117              	.LFE73:
 119              		.section	.text.DebugMon_Handler,"ax",%progbits
 120              		.align	1
 121              		.global	DebugMon_Handler
 122              		.syntax unified
 123              		.thumb
 124              		.thumb_func
 125              		.fpu softvfp
 127              	DebugMon_Handler:
 128              	.LFB74:
 134:Src/stm32f1xx_it.c ****   /* USER CODE BEGIN UsageFault_IRQn 0 */
 135:Src/stm32f1xx_it.c **** 
 136:Src/stm32f1xx_it.c ****   /* USER CODE END UsageFault_IRQn 0 */
 137:Src/stm32f1xx_it.c ****   while (1)
 138:Src/stm32f1xx_it.c ****   {
 139:Src/stm32f1xx_it.c ****     /* USER CODE BEGIN W1_UsageFault_IRQn 0 */
 140:Src/stm32f1xx_it.c ****     /* USER CODE END W1_UsageFault_IRQn 0 */
 141:Src/stm32f1xx_it.c ****   }
 142:Src/stm32f1xx_it.c **** }
 143:Src/stm32f1xx_it.c **** 
 144:Src/stm32f1xx_it.c **** /**
 145:Src/stm32f1xx_it.c ****   * @brief This function handles Debug monitor.
 146:Src/stm32f1xx_it.c ****   */
 147:Src/stm32f1xx_it.c **** void DebugMon_Handler(void)
 148:Src/stm32f1xx_it.c **** {
 129              		.loc 1 148 0
 130              		.cfi_startproc
 131              		@ args = 0, pretend = 0, frame = 0
 132              		@ frame_needed = 0, uses_anonymous_args = 0
 133              		@ link register save eliminated.
 134 0000 7047     		bx	lr
 135              		.cfi_endproc
 136              	.LFE74:
 138              		.section	.text.TIM1_UP_IRQHandler,"ax",%progbits
 139              		.align	1
 140              		.global	TIM1_UP_IRQHandler
 141              		.syntax unified
 142              		.thumb
 143              		.thumb_func
 144              		.fpu softvfp
 146              	TIM1_UP_IRQHandler:
 147              	.LFB75:
 149:Src/stm32f1xx_it.c ****   /* USER CODE BEGIN DebugMonitor_IRQn 0 */
 150:Src/stm32f1xx_it.c **** 
 151:Src/stm32f1xx_it.c ****   /* USER CODE END DebugMonitor_IRQn 0 */
ARM GAS  /tmp/cc0JwARi.s 			page 6


 152:Src/stm32f1xx_it.c ****   /* USER CODE BEGIN DebugMonitor_IRQn 1 */
 153:Src/stm32f1xx_it.c **** 
 154:Src/stm32f1xx_it.c ****   /* USER CODE END DebugMonitor_IRQn 1 */
 155:Src/stm32f1xx_it.c **** }
 156:Src/stm32f1xx_it.c **** 
 157:Src/stm32f1xx_it.c **** /******************************************************************************/
 158:Src/stm32f1xx_it.c **** /* STM32F1xx Peripheral Interrupt Handlers                                    */
 159:Src/stm32f1xx_it.c **** /* Add here the Interrupt Handlers for the used peripherals.                  */
 160:Src/stm32f1xx_it.c **** /* For the available peripheral interrupt handler names,                      */
 161:Src/stm32f1xx_it.c **** /* please refer to the startup file (startup_stm32f1xx.s).                    */
 162:Src/stm32f1xx_it.c **** /******************************************************************************/
 163:Src/stm32f1xx_it.c **** 
 164:Src/stm32f1xx_it.c **** /**
 165:Src/stm32f1xx_it.c ****   * @brief This function handles TIM1 update interrupt.
 166:Src/stm32f1xx_it.c ****   */
 167:Src/stm32f1xx_it.c **** void TIM1_UP_IRQHandler(void)
 168:Src/stm32f1xx_it.c **** {
 148              		.loc 1 168 0
 149              		.cfi_startproc
 150              		@ args = 0, pretend = 0, frame = 0
 151              		@ frame_needed = 0, uses_anonymous_args = 0
 152              		.loc 1 168 0
 153 0000 08B5     		push	{r3, lr}
 154              	.LCFI0:
 155              		.cfi_def_cfa_offset 8
 156              		.cfi_offset 3, -8
 157              		.cfi_offset 14, -4
 169:Src/stm32f1xx_it.c ****   /* USER CODE BEGIN TIM1_UP_IRQn 0 */
 170:Src/stm32f1xx_it.c **** 
 171:Src/stm32f1xx_it.c ****   /* USER CODE END TIM1_UP_IRQn 0 */
 172:Src/stm32f1xx_it.c ****   HAL_TIM_IRQHandler(&htim1);
 158              		.loc 1 172 0
 159 0002 0248     		ldr	r0, .L13
 160 0004 FFF7FEFF 		bl	HAL_TIM_IRQHandler
 161              	.LVL0:
 162 0008 08BD     		pop	{r3, pc}
 163              	.L14:
 164 000a 00BF     		.align	2
 165              	.L13:
 166 000c 00000000 		.word	htim1
 167              		.cfi_endproc
 168              	.LFE75:
 170              		.section	.text.USART1_IRQHandler,"ax",%progbits
 171              		.align	1
 172              		.global	USART1_IRQHandler
 173              		.syntax unified
 174              		.thumb
 175              		.thumb_func
 176              		.fpu softvfp
 178              	USART1_IRQHandler:
 179              	.LFB76:
 173:Src/stm32f1xx_it.c ****   /* USER CODE BEGIN TIM1_UP_IRQn 1 */
 174:Src/stm32f1xx_it.c **** 
 175:Src/stm32f1xx_it.c ****   /* USER CODE END TIM1_UP_IRQn 1 */
 176:Src/stm32f1xx_it.c **** }
 177:Src/stm32f1xx_it.c **** 
 178:Src/stm32f1xx_it.c **** /**
ARM GAS  /tmp/cc0JwARi.s 			page 7


 179:Src/stm32f1xx_it.c ****   * @brief This function handles USART1 global interrupt.
 180:Src/stm32f1xx_it.c ****   */
 181:Src/stm32f1xx_it.c **** void USART1_IRQHandler(void)
 182:Src/stm32f1xx_it.c **** {
 180              		.loc 1 182 0
 181              		.cfi_startproc
 182              		@ args = 0, pretend = 0, frame = 0
 183              		@ frame_needed = 0, uses_anonymous_args = 0
 184 0000 08B5     		push	{r3, lr}
 185              	.LCFI1:
 186              		.cfi_def_cfa_offset 8
 187              		.cfi_offset 3, -8
 188              		.cfi_offset 14, -4
 183:Src/stm32f1xx_it.c ****   /* USER CODE BEGIN USART1_IRQn 0 */
 184:Src/stm32f1xx_it.c **** 
 185:Src/stm32f1xx_it.c ****   /* USER CODE END USART1_IRQn 0 */
 186:Src/stm32f1xx_it.c ****   HAL_UART_IRQHandler(&huart1);
 189              		.loc 1 186 0
 190 0002 0248     		ldr	r0, .L17
 191 0004 FFF7FEFF 		bl	HAL_UART_IRQHandler
 192              	.LVL1:
 193 0008 08BD     		pop	{r3, pc}
 194              	.L18:
 195 000a 00BF     		.align	2
 196              	.L17:
 197 000c 00000000 		.word	huart1
 198              		.cfi_endproc
 199              	.LFE76:
 201              		.text
 202              	.Letext0:
 203              		.file 2 "/usr/include/newlib/machine/_default_types.h"
 204              		.file 3 "/usr/include/newlib/sys/_stdint.h"
 205              		.file 4 "Drivers/CMSIS/Include/core_cm3.h"
 206              		.file 5 "Drivers/CMSIS/Device/ST/STM32F1xx/Include/system_stm32f1xx.h"
 207              		.file 6 "Drivers/CMSIS/Device/ST/STM32F1xx/Include/stm32f103xb.h"
 208              		.file 7 "Drivers/STM32F1xx_HAL_Driver/Inc/stm32f1xx_hal_def.h"
 209              		.file 8 "Drivers/STM32F1xx_HAL_Driver/Inc/stm32f1xx_hal_dma.h"
 210              		.file 9 "Drivers/STM32F1xx_HAL_Driver/Inc/stm32f1xx_hal_tim.h"
 211              		.file 10 "Drivers/STM32F1xx_HAL_Driver/Inc/stm32f1xx_hal_uart.h"
 212              		.file 11 "Drivers/STM32F1xx_HAL_Driver/Inc/stm32f1xx_hal.h"
ARM GAS  /tmp/cc0JwARi.s 			page 8


DEFINED SYMBOLS
                            *ABS*:0000000000000000 stm32f1xx_it.c
     /tmp/cc0JwARi.s:16     .text.NMI_Handler:0000000000000000 $t
     /tmp/cc0JwARi.s:23     .text.NMI_Handler:0000000000000000 NMI_Handler
     /tmp/cc0JwARi.s:36     .text.HardFault_Handler:0000000000000000 $t
     /tmp/cc0JwARi.s:43     .text.HardFault_Handler:0000000000000000 HardFault_Handler
     /tmp/cc0JwARi.s:57     .text.MemManage_Handler:0000000000000000 $t
     /tmp/cc0JwARi.s:64     .text.MemManage_Handler:0000000000000000 MemManage_Handler
     /tmp/cc0JwARi.s:78     .text.BusFault_Handler:0000000000000000 $t
     /tmp/cc0JwARi.s:85     .text.BusFault_Handler:0000000000000000 BusFault_Handler
     /tmp/cc0JwARi.s:99     .text.UsageFault_Handler:0000000000000000 $t
     /tmp/cc0JwARi.s:106    .text.UsageFault_Handler:0000000000000000 UsageFault_Handler
     /tmp/cc0JwARi.s:120    .text.DebugMon_Handler:0000000000000000 $t
     /tmp/cc0JwARi.s:127    .text.DebugMon_Handler:0000000000000000 DebugMon_Handler
     /tmp/cc0JwARi.s:139    .text.TIM1_UP_IRQHandler:0000000000000000 $t
     /tmp/cc0JwARi.s:146    .text.TIM1_UP_IRQHandler:0000000000000000 TIM1_UP_IRQHandler
     /tmp/cc0JwARi.s:166    .text.TIM1_UP_IRQHandler:000000000000000c $d
     /tmp/cc0JwARi.s:171    .text.USART1_IRQHandler:0000000000000000 $t
     /tmp/cc0JwARi.s:178    .text.USART1_IRQHandler:0000000000000000 USART1_IRQHandler
     /tmp/cc0JwARi.s:197    .text.USART1_IRQHandler:000000000000000c $d
                     .debug_frame:0000000000000010 $d

UNDEFINED SYMBOLS
HAL_TIM_IRQHandler
htim1
HAL_UART_IRQHandler
huart1
