ARM GAS  /tmp/ccZqca0s.s 			page 1


   1              		.cpu cortex-m3
   2              		.eabi_attribute 20, 1
   3              		.eabi_attribute 21, 1
   4              		.eabi_attribute 23, 3
   5              		.eabi_attribute 24, 1
   6              		.eabi_attribute 25, 1
   7              		.eabi_attribute 26, 1
   8              		.eabi_attribute 30, 1
   9              		.eabi_attribute 34, 1
  10              		.eabi_attribute 18, 4
  11              		.file	"stm32f1xx_hal_msp.c"
  12              		.text
  13              	.Ltext0:
  14              		.cfi_sections	.debug_frame
  15              		.section	.text.HAL_MspInit,"ax",%progbits
  16              		.align	1
  17              		.global	HAL_MspInit
  18              		.syntax unified
  19              		.thumb
  20              		.thumb_func
  21              		.fpu softvfp
  23              	HAL_MspInit:
  24              	.LFB65:
  25              		.file 1 "Src/stm32f1xx_hal_msp.c"
   1:Src/stm32f1xx_hal_msp.c **** /* USER CODE BEGIN Header */
   2:Src/stm32f1xx_hal_msp.c **** /**
   3:Src/stm32f1xx_hal_msp.c ****   ******************************************************************************
   4:Src/stm32f1xx_hal_msp.c ****   * File Name          : stm32f1xx_hal_msp.c
   5:Src/stm32f1xx_hal_msp.c ****   * Description        : This file provides code for the MSP Initialization 
   6:Src/stm32f1xx_hal_msp.c ****   *                      and de-Initialization codes.
   7:Src/stm32f1xx_hal_msp.c ****   ******************************************************************************
   8:Src/stm32f1xx_hal_msp.c ****   * @attention
   9:Src/stm32f1xx_hal_msp.c ****   *
  10:Src/stm32f1xx_hal_msp.c ****   * <h2><center>&copy; Copyright (c) 2020 STMicroelectronics.
  11:Src/stm32f1xx_hal_msp.c ****   * All rights reserved.</center></h2>
  12:Src/stm32f1xx_hal_msp.c ****   *
  13:Src/stm32f1xx_hal_msp.c ****   * This software component is licensed by ST under BSD 3-Clause license,
  14:Src/stm32f1xx_hal_msp.c ****   * the "License"; You may not use this file except in compliance with the
  15:Src/stm32f1xx_hal_msp.c ****   * License. You may obtain a copy of the License at:
  16:Src/stm32f1xx_hal_msp.c ****   *                        opensource.org/licenses/BSD-3-Clause
  17:Src/stm32f1xx_hal_msp.c ****   *
  18:Src/stm32f1xx_hal_msp.c ****   ******************************************************************************
  19:Src/stm32f1xx_hal_msp.c ****   */
  20:Src/stm32f1xx_hal_msp.c **** /* USER CODE END Header */
  21:Src/stm32f1xx_hal_msp.c **** 
  22:Src/stm32f1xx_hal_msp.c **** /* Includes ------------------------------------------------------------------*/
  23:Src/stm32f1xx_hal_msp.c **** #include "main.h"
  24:Src/stm32f1xx_hal_msp.c **** /* USER CODE BEGIN Includes */
  25:Src/stm32f1xx_hal_msp.c **** 
  26:Src/stm32f1xx_hal_msp.c **** /* USER CODE END Includes */
  27:Src/stm32f1xx_hal_msp.c **** 
  28:Src/stm32f1xx_hal_msp.c **** /* Private typedef -----------------------------------------------------------*/
  29:Src/stm32f1xx_hal_msp.c **** /* USER CODE BEGIN TD */
  30:Src/stm32f1xx_hal_msp.c **** 
  31:Src/stm32f1xx_hal_msp.c **** /* USER CODE END TD */
  32:Src/stm32f1xx_hal_msp.c **** 
  33:Src/stm32f1xx_hal_msp.c **** /* Private define ------------------------------------------------------------*/
ARM GAS  /tmp/ccZqca0s.s 			page 2


  34:Src/stm32f1xx_hal_msp.c **** /* USER CODE BEGIN Define */
  35:Src/stm32f1xx_hal_msp.c ****  
  36:Src/stm32f1xx_hal_msp.c **** /* USER CODE END Define */
  37:Src/stm32f1xx_hal_msp.c **** 
  38:Src/stm32f1xx_hal_msp.c **** /* Private macro -------------------------------------------------------------*/
  39:Src/stm32f1xx_hal_msp.c **** /* USER CODE BEGIN Macro */
  40:Src/stm32f1xx_hal_msp.c **** 
  41:Src/stm32f1xx_hal_msp.c **** /* USER CODE END Macro */
  42:Src/stm32f1xx_hal_msp.c **** 
  43:Src/stm32f1xx_hal_msp.c **** /* Private variables ---------------------------------------------------------*/
  44:Src/stm32f1xx_hal_msp.c **** /* USER CODE BEGIN PV */
  45:Src/stm32f1xx_hal_msp.c **** 
  46:Src/stm32f1xx_hal_msp.c **** /* USER CODE END PV */
  47:Src/stm32f1xx_hal_msp.c **** 
  48:Src/stm32f1xx_hal_msp.c **** /* Private function prototypes -----------------------------------------------*/
  49:Src/stm32f1xx_hal_msp.c **** /* USER CODE BEGIN PFP */
  50:Src/stm32f1xx_hal_msp.c **** 
  51:Src/stm32f1xx_hal_msp.c **** /* USER CODE END PFP */
  52:Src/stm32f1xx_hal_msp.c **** 
  53:Src/stm32f1xx_hal_msp.c **** /* External functions --------------------------------------------------------*/
  54:Src/stm32f1xx_hal_msp.c **** /* USER CODE BEGIN ExternalFunctions */
  55:Src/stm32f1xx_hal_msp.c **** 
  56:Src/stm32f1xx_hal_msp.c **** /* USER CODE END ExternalFunctions */
  57:Src/stm32f1xx_hal_msp.c **** 
  58:Src/stm32f1xx_hal_msp.c **** /* USER CODE BEGIN 0 */
  59:Src/stm32f1xx_hal_msp.c **** 
  60:Src/stm32f1xx_hal_msp.c **** /* USER CODE END 0 */
  61:Src/stm32f1xx_hal_msp.c **** /**
  62:Src/stm32f1xx_hal_msp.c ****   * Initializes the Global MSP.
  63:Src/stm32f1xx_hal_msp.c ****   */
  64:Src/stm32f1xx_hal_msp.c **** void HAL_MspInit(void)
  65:Src/stm32f1xx_hal_msp.c **** {
  26              		.loc 1 65 0
  27              		.cfi_startproc
  28              		@ args = 0, pretend = 0, frame = 8
  29              		@ frame_needed = 0, uses_anonymous_args = 0
  30              		@ link register save eliminated.
  31 0000 82B0     		sub	sp, sp, #8
  32              	.LCFI0:
  33              		.cfi_def_cfa_offset 8
  34              	.LBB2:
  66:Src/stm32f1xx_hal_msp.c ****   /* USER CODE BEGIN MspInit 0 */
  67:Src/stm32f1xx_hal_msp.c **** 
  68:Src/stm32f1xx_hal_msp.c ****   /* USER CODE END MspInit 0 */
  69:Src/stm32f1xx_hal_msp.c **** 
  70:Src/stm32f1xx_hal_msp.c ****   __HAL_RCC_AFIO_CLK_ENABLE();
  35              		.loc 1 70 0
  36 0002 0E4B     		ldr	r3, .L3
  37 0004 9A69     		ldr	r2, [r3, #24]
  38 0006 42F00102 		orr	r2, r2, #1
  39 000a 9A61     		str	r2, [r3, #24]
  40 000c 9A69     		ldr	r2, [r3, #24]
  41 000e 02F00102 		and	r2, r2, #1
  42 0012 0092     		str	r2, [sp]
  43 0014 009A     		ldr	r2, [sp]
  44              	.LBE2:
  45              	.LBB3:
ARM GAS  /tmp/ccZqca0s.s 			page 3


  71:Src/stm32f1xx_hal_msp.c ****   __HAL_RCC_PWR_CLK_ENABLE();
  46              		.loc 1 71 0
  47 0016 DA69     		ldr	r2, [r3, #28]
  48 0018 42F08052 		orr	r2, r2, #268435456
  49 001c DA61     		str	r2, [r3, #28]
  50 001e DB69     		ldr	r3, [r3, #28]
  51 0020 03F08053 		and	r3, r3, #268435456
  52 0024 0193     		str	r3, [sp, #4]
  53 0026 019B     		ldr	r3, [sp, #4]
  54              	.LBE3:
  55              	.LBB4:
  72:Src/stm32f1xx_hal_msp.c **** 
  73:Src/stm32f1xx_hal_msp.c ****   /* System interrupt init*/
  74:Src/stm32f1xx_hal_msp.c **** 
  75:Src/stm32f1xx_hal_msp.c ****   /** NOJTAG: JTAG-DP Disabled and SW-DP Enabled 
  76:Src/stm32f1xx_hal_msp.c ****   */
  77:Src/stm32f1xx_hal_msp.c ****   __HAL_AFIO_REMAP_SWJ_NOJTAG();
  56              		.loc 1 77 0
  57 0028 054A     		ldr	r2, .L3+4
  58 002a 5368     		ldr	r3, [r2, #4]
  59              	.LVL0:
  60 002c 23F0E063 		bic	r3, r3, #117440512
  61              	.LVL1:
  62 0030 43F00073 		orr	r3, r3, #33554432
  63              	.LVL2:
  64 0034 5360     		str	r3, [r2, #4]
  65              	.LBE4:
  78:Src/stm32f1xx_hal_msp.c **** 
  79:Src/stm32f1xx_hal_msp.c ****   /* USER CODE BEGIN MspInit 1 */
  80:Src/stm32f1xx_hal_msp.c **** 
  81:Src/stm32f1xx_hal_msp.c ****   /* USER CODE END MspInit 1 */
  82:Src/stm32f1xx_hal_msp.c **** }
  66              		.loc 1 82 0
  67 0036 02B0     		add	sp, sp, #8
  68              	.LCFI1:
  69              		.cfi_def_cfa_offset 0
  70              		@ sp needed
  71 0038 7047     		bx	lr
  72              	.L4:
  73 003a 00BF     		.align	2
  74              	.L3:
  75 003c 00100240 		.word	1073876992
  76 0040 00000140 		.word	1073807360
  77              		.cfi_endproc
  78              	.LFE65:
  80              		.section	.text.HAL_CAN_MspInit,"ax",%progbits
  81              		.align	1
  82              		.global	HAL_CAN_MspInit
  83              		.syntax unified
  84              		.thumb
  85              		.thumb_func
  86              		.fpu softvfp
  88              	HAL_CAN_MspInit:
  89              	.LFB66:
  83:Src/stm32f1xx_hal_msp.c **** 
  84:Src/stm32f1xx_hal_msp.c **** /**
  85:Src/stm32f1xx_hal_msp.c **** * @brief CAN MSP Initialization
ARM GAS  /tmp/ccZqca0s.s 			page 4


  86:Src/stm32f1xx_hal_msp.c **** * This function configures the hardware resources used in this example
  87:Src/stm32f1xx_hal_msp.c **** * @param hcan: CAN handle pointer
  88:Src/stm32f1xx_hal_msp.c **** * @retval None
  89:Src/stm32f1xx_hal_msp.c **** */
  90:Src/stm32f1xx_hal_msp.c **** void HAL_CAN_MspInit(CAN_HandleTypeDef* hcan)
  91:Src/stm32f1xx_hal_msp.c **** {
  90              		.loc 1 91 0
  91              		.cfi_startproc
  92              		@ args = 0, pretend = 0, frame = 24
  93              		@ frame_needed = 0, uses_anonymous_args = 0
  94              	.LVL3:
  95 0000 30B5     		push	{r4, r5, lr}
  96              	.LCFI2:
  97              		.cfi_def_cfa_offset 12
  98              		.cfi_offset 4, -12
  99              		.cfi_offset 5, -8
 100              		.cfi_offset 14, -4
 101 0002 87B0     		sub	sp, sp, #28
 102              	.LCFI3:
 103              		.cfi_def_cfa_offset 40
  92:Src/stm32f1xx_hal_msp.c ****   GPIO_InitTypeDef GPIO_InitStruct = {0};
 104              		.loc 1 92 0
 105 0004 0023     		movs	r3, #0
 106 0006 0293     		str	r3, [sp, #8]
 107 0008 0393     		str	r3, [sp, #12]
 108 000a 0493     		str	r3, [sp, #16]
 109 000c 0593     		str	r3, [sp, #20]
  93:Src/stm32f1xx_hal_msp.c ****   if(hcan->Instance==CAN1)
 110              		.loc 1 93 0
 111 000e 0268     		ldr	r2, [r0]
 112 0010 174B     		ldr	r3, .L9
 113 0012 9A42     		cmp	r2, r3
 114 0014 01D0     		beq	.L8
 115              	.LVL4:
 116              	.L5:
  94:Src/stm32f1xx_hal_msp.c ****   {
  95:Src/stm32f1xx_hal_msp.c ****   /* USER CODE BEGIN CAN1_MspInit 0 */
  96:Src/stm32f1xx_hal_msp.c **** 
  97:Src/stm32f1xx_hal_msp.c ****   /* USER CODE END CAN1_MspInit 0 */
  98:Src/stm32f1xx_hal_msp.c ****     /* Peripheral clock enable */
  99:Src/stm32f1xx_hal_msp.c ****     __HAL_RCC_CAN1_CLK_ENABLE();
 100:Src/stm32f1xx_hal_msp.c ****   
 101:Src/stm32f1xx_hal_msp.c ****     __HAL_RCC_GPIOA_CLK_ENABLE();
 102:Src/stm32f1xx_hal_msp.c ****     /**CAN GPIO Configuration    
 103:Src/stm32f1xx_hal_msp.c ****     PA11     ------> CAN_RX
 104:Src/stm32f1xx_hal_msp.c ****     PA12     ------> CAN_TX 
 105:Src/stm32f1xx_hal_msp.c ****     */
 106:Src/stm32f1xx_hal_msp.c ****     GPIO_InitStruct.Pin = GPIO_PIN_11;
 107:Src/stm32f1xx_hal_msp.c ****     GPIO_InitStruct.Mode = GPIO_MODE_INPUT;
 108:Src/stm32f1xx_hal_msp.c ****     GPIO_InitStruct.Pull = GPIO_NOPULL;
 109:Src/stm32f1xx_hal_msp.c ****     HAL_GPIO_Init(GPIOA, &GPIO_InitStruct);
 110:Src/stm32f1xx_hal_msp.c **** 
 111:Src/stm32f1xx_hal_msp.c ****     GPIO_InitStruct.Pin = GPIO_PIN_12;
 112:Src/stm32f1xx_hal_msp.c ****     GPIO_InitStruct.Mode = GPIO_MODE_AF_PP;
 113:Src/stm32f1xx_hal_msp.c ****     GPIO_InitStruct.Speed = GPIO_SPEED_FREQ_HIGH;
 114:Src/stm32f1xx_hal_msp.c ****     HAL_GPIO_Init(GPIOA, &GPIO_InitStruct);
 115:Src/stm32f1xx_hal_msp.c **** 
ARM GAS  /tmp/ccZqca0s.s 			page 5


 116:Src/stm32f1xx_hal_msp.c ****   /* USER CODE BEGIN CAN1_MspInit 1 */
 117:Src/stm32f1xx_hal_msp.c **** 
 118:Src/stm32f1xx_hal_msp.c ****   /* USER CODE END CAN1_MspInit 1 */
 119:Src/stm32f1xx_hal_msp.c ****   }
 120:Src/stm32f1xx_hal_msp.c **** 
 121:Src/stm32f1xx_hal_msp.c **** }
 117              		.loc 1 121 0
 118 0016 07B0     		add	sp, sp, #28
 119              	.LCFI4:
 120              		.cfi_remember_state
 121              		.cfi_def_cfa_offset 12
 122              		@ sp needed
 123 0018 30BD     		pop	{r4, r5, pc}
 124              	.LVL5:
 125              	.L8:
 126              	.LCFI5:
 127              		.cfi_restore_state
 128              	.LBB5:
  99:Src/stm32f1xx_hal_msp.c ****   
 129              		.loc 1 99 0
 130 001a 03F5D633 		add	r3, r3, #109568
 131 001e DA69     		ldr	r2, [r3, #28]
 132 0020 42F00072 		orr	r2, r2, #33554432
 133 0024 DA61     		str	r2, [r3, #28]
 134 0026 DA69     		ldr	r2, [r3, #28]
 135 0028 02F00072 		and	r2, r2, #33554432
 136 002c 0092     		str	r2, [sp]
 137 002e 009A     		ldr	r2, [sp]
 138              	.LBE5:
 139              	.LBB6:
 101:Src/stm32f1xx_hal_msp.c ****     /**CAN GPIO Configuration    
 140              		.loc 1 101 0
 141 0030 9A69     		ldr	r2, [r3, #24]
 142 0032 42F00402 		orr	r2, r2, #4
 143 0036 9A61     		str	r2, [r3, #24]
 144 0038 9B69     		ldr	r3, [r3, #24]
 145 003a 03F00403 		and	r3, r3, #4
 146 003e 0193     		str	r3, [sp, #4]
 147 0040 019B     		ldr	r3, [sp, #4]
 148              	.LBE6:
 106:Src/stm32f1xx_hal_msp.c ****     GPIO_InitStruct.Mode = GPIO_MODE_INPUT;
 149              		.loc 1 106 0
 150 0042 06AC     		add	r4, sp, #24
 151 0044 4FF40063 		mov	r3, #2048
 152 0048 44F8103D 		str	r3, [r4, #-16]!
 109:Src/stm32f1xx_hal_msp.c **** 
 153              		.loc 1 109 0
 154 004c 094D     		ldr	r5, .L9+4
 155 004e 2146     		mov	r1, r4
 156 0050 2846     		mov	r0, r5
 157              	.LVL6:
 158 0052 FFF7FEFF 		bl	HAL_GPIO_Init
 159              	.LVL7:
 111:Src/stm32f1xx_hal_msp.c ****     GPIO_InitStruct.Mode = GPIO_MODE_AF_PP;
 160              		.loc 1 111 0
 161 0056 4FF48053 		mov	r3, #4096
 162 005a 0293     		str	r3, [sp, #8]
ARM GAS  /tmp/ccZqca0s.s 			page 6


 112:Src/stm32f1xx_hal_msp.c ****     GPIO_InitStruct.Speed = GPIO_SPEED_FREQ_HIGH;
 163              		.loc 1 112 0
 164 005c 0223     		movs	r3, #2
 165 005e 0393     		str	r3, [sp, #12]
 113:Src/stm32f1xx_hal_msp.c ****     HAL_GPIO_Init(GPIOA, &GPIO_InitStruct);
 166              		.loc 1 113 0
 167 0060 0323     		movs	r3, #3
 168 0062 0593     		str	r3, [sp, #20]
 114:Src/stm32f1xx_hal_msp.c **** 
 169              		.loc 1 114 0
 170 0064 2146     		mov	r1, r4
 171 0066 2846     		mov	r0, r5
 172 0068 FFF7FEFF 		bl	HAL_GPIO_Init
 173              	.LVL8:
 174              		.loc 1 121 0
 175 006c D3E7     		b	.L5
 176              	.L10:
 177 006e 00BF     		.align	2
 178              	.L9:
 179 0070 00640040 		.word	1073767424
 180 0074 00080140 		.word	1073809408
 181              		.cfi_endproc
 182              	.LFE66:
 184              		.section	.text.HAL_CAN_MspDeInit,"ax",%progbits
 185              		.align	1
 186              		.global	HAL_CAN_MspDeInit
 187              		.syntax unified
 188              		.thumb
 189              		.thumb_func
 190              		.fpu softvfp
 192              	HAL_CAN_MspDeInit:
 193              	.LFB67:
 122:Src/stm32f1xx_hal_msp.c **** 
 123:Src/stm32f1xx_hal_msp.c **** /**
 124:Src/stm32f1xx_hal_msp.c **** * @brief CAN MSP De-Initialization
 125:Src/stm32f1xx_hal_msp.c **** * This function freeze the hardware resources used in this example
 126:Src/stm32f1xx_hal_msp.c **** * @param hcan: CAN handle pointer
 127:Src/stm32f1xx_hal_msp.c **** * @retval None
 128:Src/stm32f1xx_hal_msp.c **** */
 129:Src/stm32f1xx_hal_msp.c **** void HAL_CAN_MspDeInit(CAN_HandleTypeDef* hcan)
 130:Src/stm32f1xx_hal_msp.c **** {
 194              		.loc 1 130 0
 195              		.cfi_startproc
 196              		@ args = 0, pretend = 0, frame = 0
 197              		@ frame_needed = 0, uses_anonymous_args = 0
 198              	.LVL9:
 199 0000 08B5     		push	{r3, lr}
 200              	.LCFI6:
 201              		.cfi_def_cfa_offset 8
 202              		.cfi_offset 3, -8
 203              		.cfi_offset 14, -4
 131:Src/stm32f1xx_hal_msp.c ****   if(hcan->Instance==CAN1)
 204              		.loc 1 131 0
 205 0002 0268     		ldr	r2, [r0]
 206 0004 074B     		ldr	r3, .L15
 207 0006 9A42     		cmp	r2, r3
 208 0008 00D0     		beq	.L14
ARM GAS  /tmp/ccZqca0s.s 			page 7


 209              	.LVL10:
 210              	.L11:
 211 000a 08BD     		pop	{r3, pc}
 212              	.LVL11:
 213              	.L14:
 132:Src/stm32f1xx_hal_msp.c ****   {
 133:Src/stm32f1xx_hal_msp.c ****   /* USER CODE BEGIN CAN1_MspDeInit 0 */
 134:Src/stm32f1xx_hal_msp.c **** 
 135:Src/stm32f1xx_hal_msp.c ****   /* USER CODE END CAN1_MspDeInit 0 */
 136:Src/stm32f1xx_hal_msp.c ****     /* Peripheral clock disable */
 137:Src/stm32f1xx_hal_msp.c ****     __HAL_RCC_CAN1_CLK_DISABLE();
 214              		.loc 1 137 0
 215 000c 064A     		ldr	r2, .L15+4
 216 000e D369     		ldr	r3, [r2, #28]
 217 0010 23F00073 		bic	r3, r3, #33554432
 218 0014 D361     		str	r3, [r2, #28]
 138:Src/stm32f1xx_hal_msp.c ****   
 139:Src/stm32f1xx_hal_msp.c ****     /**CAN GPIO Configuration    
 140:Src/stm32f1xx_hal_msp.c ****     PA11     ------> CAN_RX
 141:Src/stm32f1xx_hal_msp.c ****     PA12     ------> CAN_TX 
 142:Src/stm32f1xx_hal_msp.c ****     */
 143:Src/stm32f1xx_hal_msp.c ****     HAL_GPIO_DeInit(GPIOA, GPIO_PIN_11|GPIO_PIN_12);
 219              		.loc 1 143 0
 220 0016 4FF4C051 		mov	r1, #6144
 221 001a 0448     		ldr	r0, .L15+8
 222              	.LVL12:
 223 001c FFF7FEFF 		bl	HAL_GPIO_DeInit
 224              	.LVL13:
 144:Src/stm32f1xx_hal_msp.c **** 
 145:Src/stm32f1xx_hal_msp.c ****   /* USER CODE BEGIN CAN1_MspDeInit 1 */
 146:Src/stm32f1xx_hal_msp.c **** 
 147:Src/stm32f1xx_hal_msp.c ****   /* USER CODE END CAN1_MspDeInit 1 */
 148:Src/stm32f1xx_hal_msp.c ****   }
 149:Src/stm32f1xx_hal_msp.c **** 
 150:Src/stm32f1xx_hal_msp.c **** }
 225              		.loc 1 150 0
 226 0020 F3E7     		b	.L11
 227              	.L16:
 228 0022 00BF     		.align	2
 229              	.L15:
 230 0024 00640040 		.word	1073767424
 231 0028 00100240 		.word	1073876992
 232 002c 00080140 		.word	1073809408
 233              		.cfi_endproc
 234              	.LFE67:
 236              		.text
 237              	.Letext0:
 238              		.file 2 "/usr/include/newlib/machine/_default_types.h"
 239              		.file 3 "/usr/include/newlib/sys/_stdint.h"
 240              		.file 4 "Drivers/CMSIS/Include/core_cm3.h"
 241              		.file 5 "Drivers/CMSIS/Device/ST/STM32F1xx/Include/system_stm32f1xx.h"
 242              		.file 6 "Drivers/CMSIS/Device/ST/STM32F1xx/Include/stm32f103xb.h"
 243              		.file 7 "Drivers/CMSIS/Device/ST/STM32F1xx/Include/stm32f1xx.h"
 244              		.file 8 "Drivers/STM32F1xx_HAL_Driver/Inc/stm32f1xx_hal_gpio.h"
 245              		.file 9 "Drivers/STM32F1xx_HAL_Driver/Inc/stm32f1xx_hal_can.h"
 246              		.file 10 "Drivers/STM32F1xx_HAL_Driver/Inc/stm32f1xx_hal.h"
ARM GAS  /tmp/ccZqca0s.s 			page 8


DEFINED SYMBOLS
                            *ABS*:0000000000000000 stm32f1xx_hal_msp.c
     /tmp/ccZqca0s.s:16     .text.HAL_MspInit:0000000000000000 $t
     /tmp/ccZqca0s.s:23     .text.HAL_MspInit:0000000000000000 HAL_MspInit
     /tmp/ccZqca0s.s:75     .text.HAL_MspInit:000000000000003c $d
     /tmp/ccZqca0s.s:81     .text.HAL_CAN_MspInit:0000000000000000 $t
     /tmp/ccZqca0s.s:88     .text.HAL_CAN_MspInit:0000000000000000 HAL_CAN_MspInit
     /tmp/ccZqca0s.s:179    .text.HAL_CAN_MspInit:0000000000000070 $d
     /tmp/ccZqca0s.s:185    .text.HAL_CAN_MspDeInit:0000000000000000 $t
     /tmp/ccZqca0s.s:192    .text.HAL_CAN_MspDeInit:0000000000000000 HAL_CAN_MspDeInit
     /tmp/ccZqca0s.s:230    .text.HAL_CAN_MspDeInit:0000000000000024 $d
                     .debug_frame:0000000000000010 $d

UNDEFINED SYMBOLS
HAL_GPIO_Init
HAL_GPIO_DeInit
